#
# A fatal error has been detected by the Java Runtime Environment:
#
#  SIGSEGV (0xb) at pc=0x00007f2e21abd3e4, pid=10614, tid=139836483352320
#
# JRE version: Java(TM) SE Runtime Environment (8.0_91-b14) (build 1.8.0_91-b14)
# Java VM: Java HotSpot(TM) 64-Bit Server VM (25.91-b14 mixed mode linux-amd64 compressed oops)
# Problematic frame:
# J 2255 C2 com.android.dx.cf.code.Ropper.addExceptionSetupBlocks()V (203 bytes) @ 0x00007f2e21abd3e4 [0x00007f2e21abd080+0x364]
#
# Failed to write core dump. Core dumps have been disabled. To enable core dumping, try "ulimit -c unlimited" before starting Java again
#
# If you would like to submit a bug report, please visit:
#   http://bugreport.java.com/bugreport/crash.jsp
#

---------------  T H R E A D  ---------------

Current thread (0x00007f2e3000a000):  JavaThread "main" [_thread_in_Java, id=10619, stack(0x00007f2e37dab000,0x00007f2e37eac000)]

siginfo: si_signo: 11 (SIGSEGV), si_code: 1 (SEGV_MAPERR), si_addr: 0x000000000004000c

Registers:
RAX=0x0000000000000000, RBX=0x00000000f1d66569, RCX=0x0000000000008000, RDX=0x0000000000002eec
RSP=0x00007f2e37ea9cd0, RBP=0x0000000000000000, RSI=0x000000078e9c0fb8, RDI=0x0000000000002afb
R8 =0x000000078e9c0fb8, R9 =0x000000078eb3e720, R10=0x0000000000005fe7, R11=0x0000000000001c25
R12=0x0000000000000000, R13=0x000000078eb32b60, R14=0x000000078eb26f88, R15=0x00007f2e3000a000
RIP=0x00007f2e21abd3e4, EFLAGS=0x0000000000010206, CSGSFS=0x0000000000000033, ERR=0x0000000000000004
  TRAPNO=0x000000000000000e

Top of Stack: (sp=0x00007f2e37ea9cd0)
0x00007f2e37ea9cd0:   000000078eaa38e0 0000000100000001
0x00007f2e37ea9ce0:   00000006c0108498 000000078ef668f8
0x00007f2e37ea9cf0:   00005fe800000001 000000078ef669d8
0x00007f2e37ea9d00:   0000000000000004 000000078ef66680
0x00007f2e37ea9d10:   000000078e9c0fb8 00000006c2845e28
0x00007f2e37ea9d20:   0000000100000000 000000078eb57468
0x00007f2e37ea9d30:   fffffffb00000000 00000006c2845e58
0x00007f2e37ea9d40:   f1d3868a00005fe3 00007f2efffffffb
0x00007f2e37ea9d50:   000000078ef66ab0 00000006c01143a0
0x00007f2e37ea9d60:   d8021093964acb18 000000078e9c0ff8
0x00007f2e37ea9d70:   0000000000000000 00007f2e21d4bb04
0x00007f2e37ea9d80:   00000007f1d381f2 00000007c007c2d0
0x00007f2e37ea9d90:   00000001f1decd4f 000000078e9c0fb8
0x00007f2e37ea9da0:   00000007c00765e8 00000007c00779f0
0x00007f2e37ea9db0:   00000007c007d188 00000007c007db88
0x00007f2e37ea9dc0:   00000007c0076f80 000000078ef66a60
0x00007f2e37ea9dd0:   f1d6acdaf1d37279 00000006c2847ee0
0x00007f2e37ea9de0:   00005fe80001dbff 000000000001dbf8
0x00007f2e37ea9df0:   000000078ea5cb30 00000007ffffffff
0x00007f2e37ea9e00:   0000000600006c14 000000078e9c0ef8
0x00007f2e37ea9e10:   0000000700000000 000000000000002c
0x00007f2e37ea9e20:   0000000791d24178 00007f2e00000000
0x00007f2e37ea9e30:   0000000000000000 00007f2e21ed8a70
0x00007f2e37ea9e40:   d8021093f1d381f2 000000078e9c0fb8
0x00007f2e37ea9e50:   000000078e9c1020 00000000f1d3721c
0x00007f2e37ea9e60:   000000078e9b90e0 00000006c0108498
0x00007f2e37ea9e70:   000000078e9c0f90 00000006c2949cf0
0x00007f2e37ea9e80:   000000078e9b8a58 0000000700005fe6
0x00007f2e37ea9e90:   00000006c2910150 00000007c00178f0
0x00007f2e37ea9ea0:   000000078e9b9160 0000000000017fb0
0x00007f2e37ea9eb0:   00000007c00178f0 00000006c296fd80
0x00007f2e37ea9ec0:   0000000000000019 000000078e9a2ca0 

Instructions: (pc=0x00007f2e21abd3e4)
0x00007f2e21abd3c4:   8b 1c 24 e9 1c fd ff ff 4c 8b 44 24 08 44 8b 54
0x00007f2e21abd3d4:   24 10 44 8b 1c 24 48 8b 5c 24 18 e9 52 03 00 00
0x00007f2e21abd3e4:   41 8b 6c cc 0c 41 8b 4c ec 08 81 f9 9f 37 00 f8
0x00007f2e21abd3f4:   0f 85 1b 13 00 00 49 8d 1c ec 44 8b 4b 10 45 85 

Register to memory mapping:

RAX=0x0000000000000000 is an unknown value
RBX=0x00000000f1d66569 is an unknown value
RCX=0x0000000000008000 is an unknown value
RDX=0x0000000000002eec is an unknown value
RSP=0x00007f2e37ea9cd0 is pointing into the stack for thread: 0x00007f2e3000a000
RBP=0x0000000000000000 is an unknown value
RSI=0x000000078e9c0fb8 is an oop
com.android.dx.cf.code.Ropper 
 - klass: 'com/android/dx/cf/code/Ropper'
RDI=0x0000000000002afb is an unknown value
R8 =0x000000078e9c0fb8 is an oop
com.android.dx.cf.code.Ropper 
 - klass: 'com/android/dx/cf/code/Ropper'
R9 =0x000000078eb3e720 is an oop
[Lcom.android.dx.cf.code.Ropper$CatchInfo; 
 - klass: 'com/android/dx/cf/code/Ropper$CatchInfo'[]
 - length: 24551
R10=0x0000000000005fe7 is an unknown value
R11=0x0000000000001c25 is an unknown value
R12=0x0000000000000000 is an unknown value
R13=0x000000078eb32b60 is an oop
[Ljava.lang.Object; 
 - klass: 'java/lang/Object'[]
 - length: 12012
R14=0x000000078eb26f88 is an oop
[Ljava.lang.Object; 
 - klass: 'java/lang/Object'[]
 - length: 12012
R15=0x00007f2e3000a000 is a thread


Stack: [0x00007f2e37dab000,0x00007f2e37eac000],  sp=0x00007f2e37ea9cd0,  free space=1019k
Native frames: (J=compiled Java code, j=interpreted, Vv=VM code, C=native code)
J 2255 C2 com.android.dx.cf.code.Ropper.addExceptionSetupBlocks()V (203 bytes) @ 0x00007f2e21abd3e4 [0x00007f2e21abd080+0x364]
J 2447 C2 com.android.dx.cf.code.Ropper.doit()V (126 bytes) @ 0x00007f2e21d4bb04 [0x00007f2e21d49b00+0x2004]
J 2643 C2 com.android.dx.cf.code.Ropper.convert(Lcom/android/dx/cf/code/ConcreteMethod;Lcom/android/dx/rop/code/TranslationAdvice;Lcom/android/dx/cf/iface/MethodList;)Lcom/android/dx/rop/code/RopMethod; (52 bytes) @ 0x00007f2e21ed8a70 [0x00007f2e21ed76a0+0x13d0]
J 2427 C1 com.android.dx.dex.cf.CfTranslator.processMethods(Lcom/android/dx/cf/direct/DirectClassFile;Lcom/android/dx/dex/cf/CfOptions;Lcom/android/dx/dex/DexOptions;Lcom/android/dx/dex/file/ClassDefItem;Lcom/android/dx/dex/file/DexFile;)V (583 bytes) @ 0x00007f2e21c52f3c [0x00007f2e21c512e0+0x1c5c]
J 2626 C2 com.android.dx.dex.cf.CfTranslator.translate0(Lcom/android/dx/cf/direct/DirectClassFile;[BLcom/android/dx/dex/cf/CfOptions;Lcom/android/dx/dex/DexOptions;Lcom/android/dx/dex/file/DexFile;)Lcom/android/dx/dex/file/ClassDefItem; (259 bytes) @ 0x00007f2e21e9e930 [0x00007f2e21e9cdc0+0x1b70]
J 2172 C1 com.android.dx.dex.cf.CfTranslator.translate(Lcom/android/dx/cf/direct/DirectClassFile;[BLcom/android/dx/dex/cf/CfOptions;Lcom/android/dx/dex/DexOptions;Lcom/android/dx/dex/file/DexFile;)Lcom/android/dx/dex/file/ClassDefItem; (44 bytes) @ 0x00007f2e219ac30c [0x00007f2e219ac2c0+0x4c]
J 2164 C1 com.android.dx.command.dexer.Main.processClass(Ljava/lang/String;[B)Z (334 bytes) @ 0x00007f2e2199ab64 [0x00007f2e2199a4a0+0x6c4]
J 2163 C1 com.android.dx.command.dexer.Main.processFileBytes(Ljava/lang/String;J[B)Z (263 bytes) @ 0x00007f2e2199d254 [0x00007f2e2199c5a0+0xcb4]
J 2161 C1 com.android.dx.command.dexer.Main$1.processFileBytes(Ljava/lang/String;J[B)Z (8 bytes) @ 0x00007f2e2199ed6c [0x00007f2e2199ed00+0x6c]
j  com.android.dx.cf.direct.ClassPathOpener.processArchive(Ljava/io/File;)Z+196
j  com.android.dx.cf.direct.ClassPathOpener.processOne(Ljava/io/File;Z)Z+48
j  com.android.dx.cf.direct.ClassPathOpener.process()Z+15
j  com.android.dx.command.dexer.Main.processOne(Ljava/lang/String;Lcom/android/dx/cf/direct/ClassPathOpener$FileNameFilter;)V+58
j  com.android.dx.command.dexer.Main.processAllFiles()Z+176
j  com.android.dx.command.dexer.Main.runMultiDex()I+78
j  com.android.dx.command.dexer.Main.run(Lcom/android/dx/command/dexer/Main$Arguments;)I+66
j  com.android.dx.command.dexer.Main.main([Ljava/lang/String;)V+14
j  com.android.dx.command.Main.main([Ljava/lang/String;)V+61
v  ~StubRoutines::call_stub
V  [libjvm.so+0x68dbc6]  JavaCalls::call_helper(JavaValue*, methodHandle*, JavaCallArguments*, Thread*)+0x1056
V  [libjvm.so+0x6cf232]  jni_invoke_static(JNIEnv_*, JavaValue*, _jobject*, JNICallType, _jmethodID*, JNI_ArgumentPusher*, Thread*)+0x362
V  [libjvm.so+0x6eba9a]  jni_CallStaticVoidMethod+0x17a
C  [libjli.so+0x7bcc]  JavaMain+0x80c
C  [libpthread.so.0+0x76fa]  start_thread+0xca


---------------  P R O C E S S  ---------------

Java Threads: ( => current thread )
  0x00007f2e300d2000 JavaThread "Service Thread" daemon [_thread_blocked, id=10631, stack(0x00007f2e11cb5000,0x00007f2e11db6000)]
  0x00007f2e300bd000 JavaThread "C1 CompilerThread2" daemon [_thread_blocked, id=10630, stack(0x00007f2e11db6000,0x00007f2e11eb7000)]
  0x00007f2e300bb800 JavaThread "C2 CompilerThread1" daemon [_thread_blocked, id=10629, stack(0x00007f2e11eb7000,0x00007f2e11fb8000)]
  0x00007f2e300b8800 JavaThread "C2 CompilerThread0" daemon [_thread_blocked, id=10628, stack(0x00007f2e11fb8000,0x00007f2e120b9000)]
  0x00007f2e300b7000 JavaThread "Signal Dispatcher" daemon [_thread_blocked, id=10627, stack(0x00007f2e120b9000,0x00007f2e121ba000)]
  0x00007f2e30084000 JavaThread "Finalizer" daemon [_thread_blocked, id=10626, stack(0x00007f2e12492000,0x00007f2e12593000)]
  0x00007f2e3007f800 JavaThread "Reference Handler" daemon [_thread_blocked, id=10625, stack(0x00007f2e12593000,0x00007f2e12694000)]
=>0x00007f2e3000a000 JavaThread "main" [_thread_in_Java, id=10619, stack(0x00007f2e37dab000,0x00007f2e37eac000)]

Other Threads:
  0x00007f2e30078000 VMThread [stack: 0x00007f2e12694000,0x00007f2e12795000] [id=10624]
  0x00007f2e300dd000 WatcherThread [stack: 0x00007f2e11bb4000,0x00007f2e11cb5000] [id=10632]

VM state:not at safepoint (normal execution)

VM Mutex/Monitor currently owned by a thread: None

Heap:
 PSYoungGen      total 804352K, used 789307K [0x000000076ab00000, 0x00000007b4280000, 0x00000007c0000000)
  eden space 609792K, 99% used [0x000000076ab00000,0x000000078fa74f68,0x000000078fe80000)
  from space 194560K, 94% used [0x000000078fe80000,0x000000079b1d9f58,0x000000079bc80000)
  to   space 223232K, 0% used [0x00000007a6880000,0x00000007a6880000,0x00000007b4280000)
 ParOldGen       total 455168K, used 377621K [0x00000006c0000000, 0x00000006dbc80000, 0x000000076ab00000)
  object space 455168K, 82% used [0x00000006c0000000,0x00000006d70c5710,0x00000006dbc80000)
 Metaspace       used 6206K, capacity 7216K, committed 7296K, reserved 1056768K
  class space    used 579K, capacity 616K, committed 640K, reserved 1048576K

Card table byte_map: [0x00007f2e34361000,0x00007f2e34b62000] byte_map_base: 0x00007f2e30d61000

Marking Bits: (ParMarkBitMap*) 0x00007f2e3727fd60
 Begin Bits: [0x00007f2e04000000, 0x00007f2e08000000)
 End Bits:   [0x00007f2e08000000, 0x00007f2e0c000000)

Polling page: 0x00007f2e37ece000

CodeCache: size=245760Kb used=10760Kb max_used=15630Kb free=234999Kb
 bounds [0x00007f2e21000000, 0x00007f2e21f60000, 0x00007f2e30000000]
 total_blobs=2414 nmethods=2149 adapters=178
 compilation: enabled

Compilation events (10 events):
Event: 22.061 Thread 0x00007f2e300bd000 nmethod 2916 0x00007f2e214b1410 code [0x00007f2e214b1580, 0x00007f2e214b1850]
Event: 22.061 Thread 0x00007f2e300b8800 nmethod 2914 0x00007f2e21464750 code [0x00007f2e214648c0, 0x00007f2e21464b18]
Event: 22.311 Thread 0x00007f2e300bb800 2918       4       com.android.dx.rop.code.Rops::opXor (21 bytes)
Event: 22.315 Thread 0x00007f2e300bb800 nmethod 2918 0x00007f2e2114ab50 code [0x00007f2e2114ace0, 0x00007f2e2114aec8]
Event: 23.249 Thread 0x00007f2e300bd000 2919       3       java.util.HashMap$TreeNode::rotateLeft (91 bytes)
Event: 23.249 Thread 0x00007f2e300bd000 nmethod 2919 0x00007f2e21495f50 code [0x00007f2e214960c0, 0x00007f2e21496450]
Event: 24.366 Thread 0x00007f2e300bd000 2920  s    3       java.io.ByteArrayOutputStream::write (66 bytes)
Event: 24.367 Thread 0x00007f2e300bd000 nmethod 2920 0x00007f2e216f0ed0 code [0x00007f2e216f1080, 0x00007f2e216f16c8]
Event: 24.410 Thread 0x00007f2e300b8800 2921       4       com.android.dx.rop.code.Rops::opAnd (21 bytes)
Event: 24.413 Thread 0x00007f2e300b8800 nmethod 2921 0x00007f2e212fb610 code [0x00007f2e212fb7a0, 0x00007f2e212fb988]

GC Heap History (10 events):
Event: 15.370 GC heap before
{Heap before GC invocations=14 (full 2):
 PSYoungGen      total 542208K, used 542187K [0x000000076ab00000, 0x000000079be80000, 0x00000007c0000000)
  eden space 442368K, 100% used [0x000000076ab00000,0x0000000785b00000,0x0000000785b00000)
  from space 99840K, 99% used [0x0000000785b00000,0x000000078bc7ada0,0x000000078bc80000)
  to   space 136704K, 0% used [0x0000000793900000,0x0000000793900000,0x000000079be80000)
 ParOldGen       total 283648K, used 229836K [0x00000006c0000000, 0x00000006d1500000, 0x000000076ab00000)
  object space 283648K, 81% used [0x00000006c0000000,0x00000006ce073378,0x00000006d1500000)
 Metaspace       used 6197K, capacity 7216K, committed 7296K, reserved 1056768K
  class space    used 579K, capacity 616K, committed 640K, reserved 1048576K
Event: 15.581 GC heap after
Heap after GC invocations=14 (full 2):
 PSYoungGen      total 656384K, used 109758K [0x000000076ab00000, 0x000000079e200000, 0x00000007c0000000)
  eden space 519680K, 0% used [0x000000076ab00000,0x000000076ab00000,0x000000078a680000)
  from space 136704K, 80% used [0x0000000793900000,0x000000079a42fa28,0x000000079be80000)
  to   space 150016K, 0% used [0x000000078a680000,0x000000078a680000,0x0000000793900000)
 ParOldGen       total 283648K, used 274853K [0x00000006c0000000, 0x00000006d1500000, 0x000000076ab00000)
  object space 283648K, 96% used [0x00000006c0000000,0x00000006d0c69548,0x00000006d1500000)
 Metaspace       used 6197K, capacity 7216K, committed 7296K, reserved 1056768K
  class space    used 579K, capacity 616K, committed 640K, reserved 1048576K
}
Event: 15.581 GC heap before
{Heap before GC invocations=15 (full 3):
 PSYoungGen      total 656384K, used 109758K [0x000000076ab00000, 0x000000079e200000, 0x00000007c0000000)
  eden space 519680K, 0% used [0x000000076ab00000,0x000000076ab00000,0x000000078a680000)
  from space 136704K, 80% used [0x0000000793900000,0x000000079a42fa28,0x000000079be80000)
  to   space 150016K, 0% used [0x000000078a680000,0x000000078a680000,0x0000000793900000)
 ParOldGen       total 283648K, used 274853K [0x00000006c0000000, 0x00000006d1500000, 0x000000076ab00000)
  object space 283648K, 96% used [0x00000006c0000000,0x00000006d0c69548,0x00000006d1500000)
 Metaspace       used 6197K, capacity 7216K, committed 7296K, reserved 1056768K
  class space    used 579K, capacity 616K, committed 640K, reserved 1048576K
Event: 16.961 GC heap after
Heap after GC invocations=15 (full 3):
 PSYoungGen      total 656384K, used 92768K [0x000000076ab00000, 0x000000079e200000, 0x00000007c0000000)
  eden space 519680K, 0% used [0x000000076ab00000,0x000000076ab00000,0x000000078a680000)
  from space 136704K, 67% used [0x0000000793900000,0x0000000799398330,0x000000079be80000)
  to   space 150016K, 0% used [0x000000078a680000,0x000000078a680000,0x0000000793900000)
 ParOldGen       total 455168K, used 283325K [0x00000006c0000000, 0x00000006dbc80000, 0x000000076ab00000)
  object space 455168K, 62% used [0x00000006c0000000,0x00000006d14af6a8,0x00000006dbc80000)
 Metaspace       used 6197K, capacity 7216K, committed 7296K, reserved 1056768K
  class space    used 579K, capacity 616K, committed 640K, reserved 1048576K
}
Event: 18.964 GC heap before
{Heap before GC invocations=16 (full 3):
 PSYoungGen      total 656384K, used 612448K [0x000000076ab00000, 0x000000079e200000, 0x00000007c0000000)
  eden space 519680K, 100% used [0x000000076ab00000,0x000000078a680000,0x000000078a680000)
  from space 136704K, 67% used [0x0000000793900000,0x0000000799398330,0x000000079be80000)
  to   space 150016K, 0% used [0x000000078a680000,0x000000078a680000,0x0000000793900000)
 ParOldGen       total 455168K, used 283325K [0x00000006c0000000, 0x00000006dbc80000, 0x000000076ab00000)
  object space 455168K, 62% used [0x00000006c0000000,0x00000006d14af6a8,0x00000006dbc80000)
 Metaspace       used 6202K, capacity 7216K, committed 7296K, reserved 1056768K
  class space    used 579K, capacity 616K, committed 640K, reserved 1048576K
Event: 19.179 GC heap after
Heap after GC invocations=16 (full 3):
 PSYoungGen      total 669696K, used 149996K [0x000000076ab00000, 0x00000007a6b00000, 0x00000007c0000000)
  eden space 519680K, 0% used [0x000000076ab00000,0x000000076ab00000,0x000000078a680000)
  from space 150016K, 99% used [0x000000078a680000,0x00000007938fb0b8,0x0000000793900000)
  to   space 178688K, 0% used [0x000000079bc80000,0x000000079bc80000,0x00000007a6b00000)
 ParOldGen       total 455168K, used 292702K [0x00000006c0000000, 0x00000006dbc80000, 0x000000076ab00000)
  object space 455168K, 64% used [0x00000006c0000000,0x00000006d1dd7b18,0x00000006dbc80000)
 Metaspace       used 6202K, capacity 7216K, committed 7296K, reserved 1056768K
  class space    used 579K, capacity 616K, committed 640K, reserved 1048576K
}
Event: 20.503 GC heap before
{Heap before GC invocations=17 (full 3):
 PSYoungGen      total 669696K, used 669676K [0x000000076ab00000, 0x00000007a6b00000, 0x00000007c0000000)
  eden space 519680K, 100% used [0x000000076ab00000,0x000000078a680000,0x000000078a680000)
  from space 150016K, 99% used [0x000000078a680000,0x00000007938fb0b8,0x0000000793900000)
  to   space 178688K, 0% used [0x000000079bc80000,0x000000079bc80000,0x00000007a6b00000)
 ParOldGen       total 455168K, used 292702K [0x00000006c0000000, 0x00000006dbc80000, 0x000000076ab00000)
  object space 455168K, 64% used [0x00000006c0000000,0x00000006d1dd7b18,0x00000006dbc80000)
 Metaspace       used 6204K, capacity 7216K, committed 7296K, reserved 1056768K
  class space    used 579K, capacity 616K, committed 640K, reserved 1048576K
Event: 20.768 GC heap after
Heap after GC invocations=17 (full 3):
 PSYoungGen      total 788480K, used 140576K [0x000000076ab00000, 0x00000007a9d00000, 0x00000007c0000000)
  eden space 609792K, 0% used [0x000000076ab00000,0x000000076ab00000,0x000000078fe80000)
  from space 178688K, 78% used [0x000000079bc80000,0x00000007a45c81d0,0x00000007a6b00000)
  to   space 194560K, 0% used [0x000000078fe80000,0x000000078fe80000,0x000000079bc80000)
 ParOldGen       total 455168K, used 377621K [0x00000006c0000000, 0x00000006dbc80000, 0x000000076ab00000)
  object space 455168K, 82% used [0x00000006c0000000,0x00000006d70c5710,0x00000006dbc80000)
 Metaspace       used 6204K, capacity 7216K, committed 7296K, reserved 1056768K
  class space    used 579K, capacity 616K, committed 640K, reserved 1048576K
}
Event: 22.513 GC heap before
{Heap before GC invocations=18 (full 3):
 PSYoungGen      total 788480K, used 750368K [0x000000076ab00000, 0x00000007a9d00000, 0x00000007c0000000)
  eden space 609792K, 100% used [0x000000076ab00000,0x000000078fe80000,0x000000078fe80000)
  from space 178688K, 78% used [0x000000079bc80000,0x00000007a45c81d0,0x00000007a6b00000)
  to   space 194560K, 0% used [0x000000078fe80000,0x000000078fe80000,0x000000079bc80000)
 ParOldGen       total 455168K, used 377621K [0x00000006c0000000, 0x00000006dbc80000, 0x000000076ab00000)
  object space 455168K, 82% used [0x00000006c0000000,0x00000006d70c5710,0x00000006dbc80000)
 Metaspace       used 6206K, capacity 7216K, committed 7296K, reserved 1056768K
  class space    used 579K, capacity 616K, committed 640K, reserved 1048576K
Event: 22.704 GC heap after
Heap after GC invocations=18 (full 3):
 PSYoungGen      total 804352K, used 183655K [0x000000076ab00000, 0x00000007b4280000, 0x00000007c0000000)
  eden space 609792K, 0% used [0x000000076ab00000,0x000000076ab00000,0x000000078fe80000)
  from space 194560K, 94% used [0x000000078fe80000,0x000000079b1d9f58,0x000000079bc80000)
  to   space 223232K, 0% used [0x00000007a6880000,0x00000007a6880000,0x00000007b4280000)
 ParOldGen       total 455168K, used 377621K [0x00000006c0000000, 0x00000006dbc80000, 0x000000076ab00000)
  object space 455168K, 82% used [0x00000006c0000000,0x00000006d70c5710,0x00000006dbc80000)
 Metaspace       used 6206K, capacity 7216K, committed 7296K, reserved 1056768K
  class space    used 579K, capacity 616K, committed 640K, reserved 1048576K
}

Deoptimization events (10 events):
Event: 21.080 Thread 0x00007f2e3000a000 Uncommon trap: reason=class_check action=maybe_recompile pc=0x00007f2e21da804c method=com.android.dx.ssa.back.InterferenceGraph.add(II)V @ 19
Event: 21.146 Thread 0x00007f2e3000a000 Uncommon trap: reason=class_check action=maybe_recompile pc=0x00007f2e21949348 method=com.android.dx.ssa.back.InterferenceGraph.mergeInterferenceSet(ILcom/android/dx/util/IntSet;)V @ 20
Event: 21.147 Thread 0x00007f2e3000a000 Uncommon trap: reason=class_check action=maybe_recompile pc=0x00007f2e21d8ed04 method=com.android.dx.util.BitIntSet.merge(Lcom/android/dx/util/IntSet;)V @ 1
Event: 21.147 Thread 0x00007f2e3000a000 Uncommon trap: reason=class_check action=maybe_recompile pc=0x00007f2e21949348 method=com.android.dx.ssa.back.InterferenceGraph.mergeInterferenceSet(ILcom/android/dx/util/IntSet;)V @ 20
Event: 21.147 Thread 0x00007f2e3000a000 Uncommon trap: reason=class_check action=maybe_recompile pc=0x00007f2e21d8ed04 method=com.android.dx.util.BitIntSet.merge(Lcom/android/dx/util/IntSet;)V @ 1
Event: 21.147 Thread 0x00007f2e3000a000 Uncommon trap: reason=class_check action=maybe_recompile pc=0x00007f2e21949348 method=com.android.dx.ssa.back.InterferenceGraph.mergeInterferenceSet(ILcom/android/dx/util/IntSet;)V @ 20
Event: 21.147 Thread 0x00007f2e3000a000 Uncommon trap: reason=class_check action=maybe_recompile pc=0x00007f2e21d8ed04 method=com.android.dx.util.BitIntSet.merge(Lcom/android/dx/util/IntSet;)V @ 1
Event: 21.152 Thread 0x00007f2e3000a000 Uncommon trap: reason=class_check action=maybe_recompile pc=0x00007f2e21949348 method=com.android.dx.ssa.back.InterferenceGraph.mergeInterferenceSet(ILcom/android/dx/util/IntSet;)V @ 20
Event: 21.152 Thread 0x00007f2e3000a000 Uncommon trap: reason=class_check action=maybe_recompile pc=0x00007f2e21d8ed04 method=com.android.dx.util.BitIntSet.merge(Lcom/android/dx/util/IntSet;)V @ 1
Event: 21.473 Thread 0x00007f2e3000a000 Uncommon trap: reason=predicate action=maybe_recompile pc=0x00007f2e21b74bd8 method=com.android.dx.ssa.back.InterferenceGraph.<init>(I)V @ 23

Internal exceptions (10 events):
Event: 2.458 Thread 0x00007f2e3000a000 Exception <a 'java/lang/ArrayIndexOutOfBoundsException': 145> (0x000000076dbf49b0) thrown at [/HUDSON/workspace/8-2-build-linux-amd64/jdk8u91/6644/hotspot/src/share/vm/interpreter/interpreterRuntime.cpp, line 366]
Event: 2.459 Thread 0x00007f2e3000a000 Exception <a 'java/lang/ArrayIndexOutOfBoundsException'> (0x000000076dbf5c98) thrown at [/HUDSON/workspace/8-2-build-linux-amd64/jdk8u91/6644/hotspot/src/share/vm/runtime/sharedRuntime.cpp, line 605]
Event: 7.462 Thread 0x00007f2e3000a000 Implicit null exception at 0x00007f2e2194a951 to 0x00007f2e2194c2c1
Event: 11.194 Thread 0x00007f2e3000a000 Implicit null exception at 0x00007f2e2174c9f3 to 0x00007f2e2174ec1d
Event: 11.194 Thread 0x00007f2e3000a000 Implicit null exception at 0x00007f2e215248be to 0x00007f2e21524a55
Event: 11.195 Thread 0x00007f2e3000a000 Implicit null exception at 0x00007f2e217228f5 to 0x00007f2e21724065
Event: 18.793 Thread 0x00007f2e3000a000 Implicit null exception at 0x00007f2e21d91738 to 0x00007f2e21d91ed9
Event: 18.793 Thread 0x00007f2e3000a000 Implicit null exception at 0x00007f2e21da9532 to 0x00007f2e21da97a5
Event: 18.793 Thread 0x00007f2e3000a000 Implicit null exception at 0x00007f2e217bbe0a to 0x00007f2e217bc03d
Event: 20.787 Thread 0x00007f2e3000a000 Implicit null exception at 0x00007f2e21d53e8c to 0x00007f2e21d53eae

Events (10 events):
Event: 21.152 Thread 0x00007f2e3000a000 DEOPT PACKING pc=0x00007f2e21949348 sp=0x00007f2e37ea9b00
Event: 21.152 Thread 0x00007f2e3000a000 DEOPT UNPACKING pc=0x00007f2e21005229 sp=0x00007f2e37ea9aa0 mode 2
Event: 21.152 Thread 0x00007f2e3000a000 Uncommon trap: trap_request=0xffffffde fr.pc=0x00007f2e21d8ed04
Event: 21.152 Thread 0x00007f2e3000a000 DEOPT PACKING pc=0x00007f2e21d8ed04 sp=0x00007f2e37ea9a60
Event: 21.152 Thread 0x00007f2e3000a000 DEOPT UNPACKING pc=0x00007f2e21005229 sp=0x00007f2e37ea9a20 mode 2
Event: 21.473 Thread 0x00007f2e3000a000 Uncommon trap: trap_request=0xffffff86 fr.pc=0x00007f2e21b74bd8
Event: 21.473 Thread 0x00007f2e3000a000 DEOPT PACKING pc=0x00007f2e21b74bd8 sp=0x00007f2e37ea9d00
Event: 21.473 Thread 0x00007f2e3000a000 DEOPT UNPACKING pc=0x00007f2e21005229 sp=0x00007f2e37ea9d18 mode 2
Event: 22.513 Executing VM operation: ParallelGCFailedAllocation
Event: 22.704 Executing VM operation: ParallelGCFailedAllocation done


Dynamic libraries:
00400000-00401000 r-xp 00000000 08:02 6826504                            /usr/lib/jvm/java-8-oracle/bin/java
00600000-00601000 rw-p 00000000 08:02 6826504                            /usr/lib/jvm/java-8-oracle/bin/java
0187a000-0189b000 rw-p 00000000 00:00 0                                  [heap]
6c0000000-6dbc80000 rw-p 00000000 00:00 0 
6dbc80000-76ab00000 ---p 00000000 00:00 0 
76ab00000-7b4280000 rw-p 00000000 00:00 0 
7b4280000-7c0000000 ---p 00000000 00:00 0 
7c0000000-7c00a0000 rw-p 00000000 00:00 0 
7c00a0000-800000000 ---p 00000000 00:00 0 
7f2ddc000000-7f2ddc021000 rw-p 00000000 00:00 0 
7f2ddc021000-7f2de0000000 ---p 00000000 00:00 0 
7f2de4000000-7f2de4ba0000 rw-p 00000000 00:00 0 
7f2de4ba0000-7f2de8000000 ---p 00000000 00:00 0 
7f2de8000000-7f2de8021000 rw-p 00000000 00:00 0 
7f2de8021000-7f2dec000000 ---p 00000000 00:00 0 
7f2dec000000-7f2dede84000 rw-p 00000000 00:00 0 
7f2dede84000-7f2df0000000 ---p 00000000 00:00 0 
7f2df0000000-7f2df1b2a000 rw-p 00000000 00:00 0 
7f2df1b2a000-7f2df4000000 ---p 00000000 00:00 0 
7f2df4000000-7f2df4021000 rw-p 00000000 00:00 0 
7f2df4021000-7f2df8000000 ---p 00000000 00:00 0 
7f2df8000000-7f2df8021000 rw-p 00000000 00:00 0 
7f2df8021000-7f2dfc000000 ---p 00000000 00:00 0 
7f2dfc000000-7f2dfc021000 rw-p 00000000 00:00 0 
7f2dfc021000-7f2e00000000 ---p 00000000 00:00 0 
7f2e00000000-7f2e00021000 rw-p 00000000 00:00 0 
7f2e00021000-7f2e04000000 ---p 00000000 00:00 0 
7f2e04000000-7f2e0c000000 rw-p 00000000 00:00 0 
7f2e0c000000-7f2e0c021000 rw-p 00000000 00:00 0 
7f2e0c021000-7f2e10000000 ---p 00000000 00:00 0 
7f2e11b0d000-7f2e11bb4000 r--s 008bb000 08:02 27920261                   /home/aipxperts/Aipxperts/Aip_Project/ReceiptTrackerApp/DailyEstimation/build/intermediates/transforms/jarMerging/release/jars/1/1f/combined.jar
7f2e11bb4000-7f2e11bb5000 ---p 00000000 00:00 0 
7f2e11bb5000-7f2e11cb5000 rw-p 00000000 00:00 0 
7f2e11cb5000-7f2e11cb8000 ---p 00000000 00:00 0 
7f2e11cb8000-7f2e11db6000 rw-p 00000000 00:00 0 
7f2e11db6000-7f2e11db9000 ---p 00000000 00:00 0 
7f2e11db9000-7f2e11eb7000 rw-p 00000000 00:00 0 
7f2e11eb7000-7f2e11eba000 ---p 00000000 00:00 0 
7f2e11eba000-7f2e11fb8000 rw-p 00000000 00:00 0 
7f2e11fb8000-7f2e11fbb000 ---p 00000000 00:00 0 
7f2e11fbb000-7f2e120b9000 rw-p 00000000 00:00 0 
7f2e120b9000-7f2e120bc000 ---p 00000000 00:00 0 
7f2e120bc000-7f2e121ba000 rw-p 00000000 00:00 0 
7f2e121ba000-7f2e12492000 r--p 00000000 08:02 6817184                    /usr/lib/locale/locale-archive
7f2e12492000-7f2e12495000 ---p 00000000 00:00 0 
7f2e12495000-7f2e12593000 rw-p 00000000 00:00 0 
7f2e12593000-7f2e12596000 ---p 00000000 00:00 0 
7f2e12596000-7f2e12694000 rw-p 00000000 00:00 0 
7f2e12694000-7f2e12695000 ---p 00000000 00:00 0 
7f2e12695000-7f2e13627000 rw-p 00000000 00:00 0 
7f2e13627000-7f2e13800000 r--s 03d1f000 08:02 6955744                    /usr/lib/jvm/java-8-oracle/jre/lib/rt.jar
7f2e13800000-7f2e13e80000 rw-p 00000000 00:00 0 
7f2e13e80000-7f2e14000000 ---p 00000000 00:00 0 
7f2e14000000-7f2e14021000 rw-p 00000000 00:00 0 
7f2e14021000-7f2e18000000 ---p 00000000 00:00 0 
7f2e18000000-7f2e18021000 rw-p 00000000 00:00 0 
7f2e18021000-7f2e1c000000 ---p 00000000 00:00 0 
7f2e1c000000-7f2e1c021000 rw-p 00000000 00:00 0 
7f2e1c021000-7f2e20000000 ---p 00000000 00:00 0 
7f2e20011000-7f2e209a9000 rw-p 00000000 00:00 0 
7f2e209a9000-7f2e209aa000 ---p 00000000 00:00 0 
7f2e209aa000-7f2e20b89000 rw-p 00000000 00:00 0 
7f2e20b89000-7f2e21000000 ---p 00000000 00:00 0 
7f2e21000000-7f2e21f60000 rwxp 00000000 00:00 0 
7f2e21f60000-7f2e30000000 ---p 00000000 00:00 0 
7f2e30000000-7f2e305d8000 rw-p 00000000 00:00 0 
7f2e305d8000-7f2e34000000 ---p 00000000 00:00 0 
7f2e3400f000-7f2e3405e000 rw-p 00000000 00:00 0 
7f2e3405e000-7f2e3405f000 ---p 00000000 00:00 0 
7f2e3405f000-7f2e3415f000 rw-p 00000000 00:00 0 
7f2e3415f000-7f2e34160000 ---p 00000000 00:00 0 
7f2e34160000-7f2e34260000 rw-p 00000000 00:00 0 
7f2e34260000-7f2e34261000 ---p 00000000 00:00 0 
7f2e34261000-7f2e34440000 rw-p 00000000 00:00 0 
7f2e34440000-7f2e348b6000 ---p 00000000 00:00 0 
7f2e348b6000-7f2e34b03000 rw-p 00000000 00:00 0 
7f2e34b03000-7f2e34b61000 ---p 00000000 00:00 0 
7f2e34b61000-7f2e34ba0000 rw-p 00000000 00:00 0 
7f2e34ba0000-7f2e34f22000 ---p 00000000 00:00 0 
7f2e34f22000-7f2e34f3c000 r-xp 00000000 08:02 6955946                    /usr/lib/jvm/java-8-oracle/jre/lib/amd64/libzip.so
7f2e34f3c000-7f2e3513c000 ---p 0001a000 08:02 6955946                    /usr/lib/jvm/java-8-oracle/jre/lib/amd64/libzip.so
7f2e3513c000-7f2e3513d000 rw-p 0001a000 08:02 6955946                    /usr/lib/jvm/java-8-oracle/jre/lib/amd64/libzip.so
7f2e3513d000-7f2e35148000 r-xp 00000000 08:02 10748109                   /lib/x86_64-linux-gnu/libnss_files-2.23.so
7f2e35148000-7f2e35347000 ---p 0000b000 08:02 10748109                   /lib/x86_64-linux-gnu/libnss_files-2.23.so
7f2e35347000-7f2e35348000 r--p 0000a000 08:02 10748109                   /lib/x86_64-linux-gnu/libnss_files-2.23.so
7f2e35348000-7f2e35349000 rw-p 0000b000 08:02 10748109                   /lib/x86_64-linux-gnu/libnss_files-2.23.so
7f2e35349000-7f2e3534f000 rw-p 00000000 00:00 0 
7f2e3534f000-7f2e3535a000 r-xp 00000000 08:02 10748106                   /lib/x86_64-linux-gnu/libnss_nis-2.23.so
7f2e3535a000-7f2e35559000 ---p 0000b000 08:02 10748106                   /lib/x86_64-linux-gnu/libnss_nis-2.23.so
7f2e35559000-7f2e3555a000 r--p 0000a000 08:02 10748106                   /lib/x86_64-linux-gnu/libnss_nis-2.23.so
7f2e3555a000-7f2e3555b000 rw-p 0000b000 08:02 10748106                   /lib/x86_64-linux-gnu/libnss_nis-2.23.so
7f2e3555b000-7f2e35571000 r-xp 00000000 08:02 10748104                   /lib/x86_64-linux-gnu/libnsl-2.23.so
7f2e35571000-7f2e35770000 ---p 00016000 08:02 10748104                   /lib/x86_64-linux-gnu/libnsl-2.23.so
7f2e35770000-7f2e35771000 r--p 00015000 08:02 10748104                   /lib/x86_64-linux-gnu/libnsl-2.23.so
7f2e35771000-7f2e35772000 rw-p 00016000 08:02 10748104                   /lib/x86_64-linux-gnu/libnsl-2.23.so
7f2e35772000-7f2e35774000 rw-p 00000000 00:00 0 
7f2e35774000-7f2e3577c000 r-xp 00000000 08:02 10748102                   /lib/x86_64-linux-gnu/libnss_compat-2.23.so
7f2e3577c000-7f2e3597b000 ---p 00008000 08:02 10748102                   /lib/x86_64-linux-gnu/libnss_compat-2.23.so
7f2e3597b000-7f2e3597c000 r--p 00007000 08:02 10748102                   /lib/x86_64-linux-gnu/libnss_compat-2.23.so
7f2e3597c000-7f2e3597d000 rw-p 00008000 08:02 10748102                   /lib/x86_64-linux-gnu/libnss_compat-2.23.so
7f2e3597d000-7f2e359a7000 r-xp 00000000 08:02 6955941                    /usr/lib/jvm/java-8-oracle/jre/lib/amd64/libjava.so
7f2e359a7000-7f2e35ba7000 ---p 0002a000 08:02 6955941                    /usr/lib/jvm/java-8-oracle/jre/lib/amd64/libjava.so
7f2e35ba7000-7f2e35ba9000 rw-p 0002a000 08:02 6955941                    /usr/lib/jvm/java-8-oracle/jre/lib/amd64/libjava.so
7f2e35ba9000-7f2e35bb6000 r-xp 00000000 08:02 6955945                    /usr/lib/jvm/java-8-oracle/jre/lib/amd64/libverify.so
7f2e35bb6000-7f2e35db6000 ---p 0000d000 08:02 6955945                    /usr/lib/jvm/java-8-oracle/jre/lib/amd64/libverify.so
7f2e35db6000-7f2e35db8000 rw-p 0000d000 08:02 6955945                    /usr/lib/jvm/java-8-oracle/jre/lib/amd64/libverify.so
7f2e35db8000-7f2e35dbf000 r-xp 00000000 08:02 10748118                   /lib/x86_64-linux-gnu/librt-2.23.so
7f2e35dbf000-7f2e35fbe000 ---p 00007000 08:02 10748118                   /lib/x86_64-linux-gnu/librt-2.23.so
7f2e35fbe000-7f2e35fbf000 r--p 00006000 08:02 10748118                   /lib/x86_64-linux-gnu/librt-2.23.so
7f2e35fbf000-7f2e35fc0000 rw-p 00007000 08:02 10748118                   /lib/x86_64-linux-gnu/librt-2.23.so
7f2e35fc0000-7f2e360c8000 r-xp 00000000 08:02 10748115                   /lib/x86_64-linux-gnu/libm-2.23.so
7f2e360c8000-7f2e362c7000 ---p 00108000 08:02 10748115                   /lib/x86_64-linux-gnu/libm-2.23.so
7f2e362c7000-7f2e362c8000 r--p 00107000 08:02 10748115                   /lib/x86_64-linux-gnu/libm-2.23.so
7f2e362c8000-7f2e362c9000 rw-p 00108000 08:02 10748115                   /lib/x86_64-linux-gnu/libm-2.23.so
7f2e362c9000-7f2e36f89000 r-xp 00000000 08:02 6955924                    /usr/lib/jvm/java-8-oracle/jre/lib/amd64/server/libjvm.so
7f2e36f89000-7f2e37189000 ---p 00cc0000 08:02 6955924                    /usr/lib/jvm/java-8-oracle/jre/lib/amd64/server/libjvm.so
7f2e37189000-7f2e37261000 rw-p 00cc0000 08:02 6955924                    /usr/lib/jvm/java-8-oracle/jre/lib/amd64/server/libjvm.so
7f2e37261000-7f2e372ac000 rw-p 00000000 00:00 0 
7f2e372ac000-7f2e3746c000 r-xp 00000000 08:02 10748123                   /lib/x86_64-linux-gnu/libc-2.23.so
7f2e3746c000-7f2e3766b000 ---p 001c0000 08:02 10748123                   /lib/x86_64-linux-gnu/libc-2.23.so
7f2e3766b000-7f2e3766f000 r--p 001bf000 08:02 10748123                   /lib/x86_64-linux-gnu/libc-2.23.so
7f2e3766f000-7f2e37671000 rw-p 001c3000 08:02 10748123                   /lib/x86_64-linux-gnu/libc-2.23.so
7f2e37671000-7f2e37675000 rw-p 00000000 00:00 0 
7f2e37675000-7f2e37678000 r-xp 00000000 08:02 10748124                   /lib/x86_64-linux-gnu/libdl-2.23.so
7f2e37678000-7f2e37877000 ---p 00003000 08:02 10748124                   /lib/x86_64-linux-gnu/libdl-2.23.so
7f2e37877000-7f2e37878000 r--p 00002000 08:02 10748124                   /lib/x86_64-linux-gnu/libdl-2.23.so
7f2e37878000-7f2e37879000 rw-p 00003000 08:02 10748124                   /lib/x86_64-linux-gnu/libdl-2.23.so
7f2e37879000-7f2e3788e000 r-xp 00000000 08:02 6828606                    /usr/lib/jvm/java-8-oracle/lib/amd64/jli/libjli.so
7f2e3788e000-7f2e37a8e000 ---p 00015000 08:02 6828606                    /usr/lib/jvm/java-8-oracle/lib/amd64/jli/libjli.so
7f2e37a8e000-7f2e37a8f000 rw-p 00015000 08:02 6828606                    /usr/lib/jvm/java-8-oracle/lib/amd64/jli/libjli.so
7f2e37a8f000-7f2e37aa7000 r-xp 00000000 08:02 10748122                   /lib/x86_64-linux-gnu/libpthread-2.23.so
7f2e37aa7000-7f2e37ca6000 ---p 00018000 08:02 10748122                   /lib/x86_64-linux-gnu/libpthread-2.23.so
7f2e37ca6000-7f2e37ca7000 r--p 00017000 08:02 10748122                   /lib/x86_64-linux-gnu/libpthread-2.23.so
7f2e37ca7000-7f2e37ca8000 rw-p 00018000 08:02 10748122                   /lib/x86_64-linux-gnu/libpthread-2.23.so
7f2e37ca8000-7f2e37cac000 rw-p 00000000 00:00 0 
7f2e37cac000-7f2e37cd2000 r-xp 00000000 08:02 10748119                   /lib/x86_64-linux-gnu/ld-2.23.so
7f2e37cd8000-7f2e37dab000 rw-p 00000000 00:00 0 
7f2e37dab000-7f2e37dae000 ---p 00000000 00:00 0 
7f2e37dae000-7f2e37eb0000 rw-p 00000000 00:00 0 
7f2e37eb6000-7f2e37ec5000 r--s 000dd000 08:02 18481832                   /home/aipxperts/Android/Sdk/build-tools/21.1.2/lib/dx.jar
7f2e37ec5000-7f2e37ecd000 rw-s 00000000 08:02 23466299                   /tmp/hsperfdata_aipxperts/10614
7f2e37ecd000-7f2e37ece000 rw-p 00000000 00:00 0 
7f2e37ece000-7f2e37ecf000 r--p 00000000 00:00 0 
7f2e37ecf000-7f2e37ed1000 rw-p 00000000 00:00 0 
7f2e37ed1000-7f2e37ed2000 r--p 00025000 08:02 10748119                   /lib/x86_64-linux-gnu/ld-2.23.so
7f2e37ed2000-7f2e37ed3000 rw-p 00026000 08:02 10748119                   /lib/x86_64-linux-gnu/ld-2.23.so
7f2e37ed3000-7f2e37ed4000 rw-p 00000000 00:00 0 
7ffd42c33000-7ffd42c54000 rw-p 00000000 00:00 0                          [stack]
7ffd42d18000-7ffd42d1a000 r--p 00000000 00:00 0                          [vvar]
7ffd42d1a000-7ffd42d1c000 r-xp 00000000 00:00 0                          [vdso]
ffffffffff600000-ffffffffff601000 r-xp 00000000 00:00 0                  [vsyscall]

VM Arguments:
jvm_args: -Djava.awt.headless=true -Xmx4g -Dfile.encoding=UTF-8 -Duser.country=IN -Duser.language=en -Duser.variant 
java_command: com.android.dx.command.Main --dex --multi-dex --main-dex-list /home/aipxperts/Aipxperts/Aip_Project/ReceiptTrackerApp/DailyEstimation/build/intermediates/multi-dex/release/maindexlist.txt --output /home/aipxperts/Aipxperts/Aip_Project/ReceiptTrackerApp/DailyEstimation/build/intermediates/transforms/dex/release/folders/1000/1f/main /home/aipxperts/Aipxperts/Aip_Project/ReceiptTrackerApp/DailyEstimation/build/intermediates/transforms/jarMerging/release/jars/1/1f/combined.jar
java_class_path (initial): /home/aipxperts/Android/Sdk/build-tools/21.1.2/lib/dx.jar
Launcher Type: SUN_STANDARD

Environment Variables:
JAVA_HOME=/usr/lib/jvm/java-8-oracle
PATH=/usr/local/sbin:/usr/local/bin:/usr/sbin:/usr/bin:/sbin:/bin:/usr/games:/usr/local/games:/snap/bin:/usr/lib/jvm/java-8-oracle/bin:/usr/lib/jvm/java-8-oracle/db/bin:/usr/lib/jvm/java-8-oracle/jre/bin
LD_LIBRARY_PATH=/home/aipxperts/AndroidSDK/android-studio/bin:
SHELL=/bin/bash
DISPLAY=:0

Signal Handlers:
SIGSEGV: [libjvm.so+0xabca10], sa_mask[0]=11111111011111111101111111111110, sa_flags=SA_RESTART|SA_SIGINFO
SIGBUS: [libjvm.so+0xabca10], sa_mask[0]=11111111011111111101111111111110, sa_flags=SA_RESTART|SA_SIGINFO
SIGFPE: [libjvm.so+0x919a20], sa_mask[0]=11111111011111111101111111111110, sa_flags=SA_RESTART|SA_SIGINFO
SIGPIPE: [libjvm.so+0x919a20], sa_mask[0]=11111111011111111101111111111110, sa_flags=SA_RESTART|SA_SIGINFO
SIGXFSZ: [libjvm.so+0x919a20], sa_mask[0]=11111111011111111101111111111110, sa_flags=SA_RESTART|SA_SIGINFO
SIGILL: [libjvm.so+0x919a20], sa_mask[0]=11111111011111111101111111111110, sa_flags=SA_RESTART|SA_SIGINFO
SIGUSR1: SIG_DFL, sa_mask[0]=00000000000000000000000000000000, sa_flags=none
SIGUSR2: [libjvm.so+0x91b050], sa_mask[0]=00100000000000000000000000000000, sa_flags=SA_RESTART|SA_SIGINFO
SIGHUP: [libjvm.so+0x91c450], sa_mask[0]=11111111011111111101111111111110, sa_flags=SA_RESTART|SA_SIGINFO
SIGINT: [libjvm.so+0x91c450], sa_mask[0]=11111111011111111101111111111110, sa_flags=SA_RESTART|SA_SIGINFO
SIGTERM: [libjvm.so+0x91c450], sa_mask[0]=11111111011111111101111111111110, sa_flags=SA_RESTART|SA_SIGINFO
SIGQUIT: [libjvm.so+0x91c450], sa_mask[0]=11111111011111111101111111111110, sa_flags=SA_RESTART|SA_SIGINFO


---------------  S Y S T E M  ---------------

OS:DISTRIB_ID=Ubuntu
DISTRIB_RELEASE=16.04
DISTRIB_CODENAME=xenial
DISTRIB_DESCRIPTION="Ubuntu 16.04 LTS"

uname:Linux 4.4.0-22-generic #40-Ubuntu SMP Thu May 12 22:03:46 UTC 2016 x86_64
libc:glibc 2.23 NPTL 2.23 
rlimit: STACK 8192k, CORE 0k, NPROC 30779, NOFILE 65536, AS infinity
load average:1.62 0.98 1.24

/proc/meminfo:
MemTotal:        8120072 kB
MemFree:           56864 kB
MemAvailable:     956080 kB
Buffers:          136708 kB
Cached:          1128592 kB
SwapCached:        73924 kB
Active:          6176364 kB
Inactive:        1619224 kB
Active(anon):    5712540 kB
Inactive(anon):  1231944 kB
Active(file):     463824 kB
Inactive(file):   387280 kB
Unevictable:          48 kB
Mlocked:              48 kB
SwapTotal:       8329212 kB
SwapFree:        7986532 kB
Dirty:             39028 kB
Writeback:             0 kB
AnonPages:       6459300 kB
Mapped:           643308 kB
Shmem:            413976 kB
Slab:             133352 kB
SReclaimable:      90556 kB
SUnreclaim:        42796 kB
KernelStack:       12064 kB
PageTables:        60340 kB
NFS_Unstable:          0 kB
Bounce:                0 kB
WritebackTmp:          0 kB
CommitLimit:    12389248 kB
Committed_AS:   13062136 kB
VmallocTotal:   34359738367 kB
VmallocUsed:           0 kB
VmallocChunk:          0 kB
HardwareCorrupted:     0 kB
AnonHugePages:   3106816 kB
CmaTotal:              0 kB
CmaFree:               0 kB
HugePages_Total:       0
HugePages_Free:        0
HugePages_Rsvd:        0
HugePages_Surp:        0
Hugepagesize:       2048 kB
DirectMap4k:      168048 kB
DirectMap2M:     8165376 kB


CPU:total 4 (2 cores per cpu, 2 threads per core) family 6 model 58 stepping 9, cmov, cx8, fxsr, mmx, sse, sse2, sse3, ssse3, sse4.1, sse4.2, popcnt, avx, clmul, erms, ht, tsc, tscinvbit, tscinv

/proc/cpuinfo:
processor	: 0
vendor_id	: GenuineIntel
cpu family	: 6
model		: 58
model name	: Intel(R) Core(TM) i3-3210 CPU @ 3.20GHz
stepping	: 9
microcode	: 0x1c
cpu MHz		: 3199.875
cache size	: 3072 KB
physical id	: 0
siblings	: 4
core id		: 0
cpu cores	: 2
apicid		: 0
initial apicid	: 0
fpu		: yes
fpu_exception	: yes
cpuid level	: 13
wp		: yes
flags		: fpu vme de pse tsc msr pae mce cx8 apic sep mtrr pge mca cmov pat pse36 clflush dts acpi mmx fxsr sse sse2 ss ht tm pbe syscall nx rdtscp lm constant_tsc arch_perfmon pebs bts rep_good nopl xtopology nonstop_tsc aperfmperf eagerfpu pni pclmulqdq dtes64 monitor ds_cpl vmx est tm2 ssse3 cx16 xtpr pdcm pcid sse4_1 sse4_2 popcnt tsc_deadline_timer xsave avx f16c lahf_lm epb tpr_shadow vnmi flexpriority ept vpid fsgsbase smep erms xsaveopt dtherm arat pln pts
bugs		:
bogomips	: 6385.84
clflush size	: 64
cache_alignment	: 64
address sizes	: 36 bits physical, 48 bits virtual
power management:

processor	: 1
vendor_id	: GenuineIntel
cpu family	: 6
model		: 58
model name	: Intel(R) Core(TM) i3-3210 CPU @ 3.20GHz
stepping	: 9
microcode	: 0x1c
cpu MHz		: 3200.000
cache size	: 3072 KB
physical id	: 0
siblings	: 4
core id		: 1
cpu cores	: 2
apicid		: 2
initial apicid	: 2
fpu		: yes
fpu_exception	: yes
cpuid level	: 13
wp		: yes
flags		: fpu vme de pse tsc msr pae mce cx8 apic sep mtrr pge mca cmov pat pse36 clflush dts acpi mmx fxsr sse sse2 ss ht tm pbe syscall nx rdtscp lm constant_tsc arch_perfmon pebs bts rep_good nopl xtopology nonstop_tsc aperfmperf eagerfpu pni pclmulqdq dtes64 monitor ds_cpl vmx est tm2 ssse3 cx16 xtpr pdcm pcid sse4_1 sse4_2 popcnt tsc_deadline_timer xsave avx f16c lahf_lm epb tpr_shadow vnmi flexpriority ept vpid fsgsbase smep erms xsaveopt dtherm arat pln pts
bugs		:
bogomips	: 6385.84
clflush size	: 64
cache_alignment	: 64
address sizes	: 36 bits physical, 48 bits virtual
power management:

processor	: 2
vendor_id	: GenuineIntel
cpu family	: 6
model		: 58
model name	: Intel(R) Core(TM) i3-3210 CPU @ 3.20GHz
stepping	: 9
microcode	: 0x1c
cpu MHz		: 3165.625
cache size	: 3072 KB
physical id	: 0
siblings	: 4
core id		: 0
cpu cores	: 2
apicid		: 1
initial apicid	: 1
fpu		: yes
fpu_exception	: yes
cpuid level	: 13
wp		: yes
flags		: fpu vme de pse tsc msr pae mce cx8 apic sep mtrr pge mca cmov pat pse36 clflush dts acpi mmx fxsr sse sse2 ss ht tm pbe syscall nx rdtscp lm constant_tsc arch_perfmon pebs bts rep_good nopl xtopology nonstop_tsc aperfmperf eagerfpu pni pclmulqdq dtes64 monitor ds_cpl vmx est tm2 ssse3 cx16 xtpr pdcm pcid sse4_1 sse4_2 popcnt tsc_deadline_timer xsave avx f16c lahf_lm epb tpr_shadow vnmi flexpriority ept vpid fsgsbase smep erms xsaveopt dtherm arat pln pts
bugs		:
bogomips	: 6385.84
clflush size	: 64
cache_alignment	: 64
address sizes	: 36 bits physical, 48 bits virtual
power management:

processor	: 3
vendor_id	: GenuineIntel
cpu family	: 6
model		: 58
model name	: Intel(R) Core(TM) i3-3210 CPU @ 3.20GHz
stepping	: 9
microcode	: 0x1c
cpu MHz		: 2472.750
cache size	: 3072 KB
physical id	: 0
siblings	: 4
core id		: 1
cpu cores	: 2
apicid		: 3
initial apicid	: 3
fpu		: yes
fpu_exception	: yes
cpuid level	: 13
wp		: yes
flags		: fpu vme de pse tsc msr pae mce cx8 apic sep mtrr pge mca cmov pat pse36 clflush dts acpi mmx fxsr sse sse2 ss ht tm pbe syscall nx rdtscp lm constant_tsc arch_perfmon pebs bts rep_good nopl xtopology nonstop_tsc aperfmperf eagerfpu pni pclmulqdq dtes64 monitor ds_cpl vmx est tm2 ssse3 cx16 xtpr pdcm pcid sse4_1 sse4_2 popcnt tsc_deadline_timer xsave avx f16c lahf_lm epb tpr_shadow vnmi flexpriority ept vpid fsgsbase smep erms xsaveopt dtherm arat pln pts
bugs		:
bogomips	: 6385.84
clflush size	: 64
cache_alignment	: 64
address sizes	: 36 bits physical, 48 bits virtual
power management:



Memory: 4k page, physical 8120072k(56864k free), swap 8329212k(7986532k free)

vm_info: Java HotSpot(TM) 64-Bit Server VM (25.91-b14) for linux-amd64 JRE (1.8.0_91-b14), built on Apr  1 2016 00:57:21 by "java_re" with gcc 4.3.0 20080428 (Red Hat 4.3.0-8)

time: Wed Sep 14 12:17:14 2016
elapsed time: 24 seconds (0d 0h 0m 24s)

