#
# A fatal error has been detected by the Java Runtime Environment:
#
#  SIGSEGV (0xb) at pc=0x00007f4fe678d583, pid=17089, tid=139981105698560
#
# JRE version: Java(TM) SE Runtime Environment (8.0_91-b14) (build 1.8.0_91-b14)
# Java VM: Java HotSpot(TM) 64-Bit Server VM (25.91-b14 mixed mode linux-amd64 compressed oops)
# Problematic frame:
# V  [libjvm.so+0x986583]  oopDesc* PSPromotionManager::copy_to_survivor_space<false>(oopDesc*)+0x143
#
# Failed to write core dump. Core dumps have been disabled. To enable core dumping, try "ulimit -c unlimited" before starting Java again
#
# If you would like to submit a bug report, please visit:
#   http://bugreport.java.com/bugreport/crash.jsp
#

---------------  T H R E A D  ---------------

Current thread (0x00007f4fe001f800):  GCTaskThread [stack: 0x00007f4fe4049000,0x00007f4fe414a000] [id=17095]

siginfo: si_signo: 11 (SIGSEGV), si_code: 1 (SEGV_MAPERR), si_addr: 0x0000000400806018

Registers:
RAX=0x00007f4fe6d8a490, RBX=0x00000006e2684b78, RCX=0x0000000000000003, RDX=0x0000000000000001
RSP=0x00007f4fe4148bb0, RBP=0x00007f4fe4148c20, RSI=0x00000007c0011790, RDI=0x0000000400806010
R8 =0x00007f4fe6d8a480, R9 =0x00007f4fe6d72aba, R10=0x00007f4fe6dae879, R11=0x00007f4fe4148bd0
R12=0x00000007c0011790, R13=0x00007f4fe6d5f910, R14=0x0000000000000000, R15=0x00007f4fe00750a8
RIP=0x00007f4fe678d583, EFLAGS=0x0000000000010202, CSGSFS=0x0000000000000033, ERR=0x0000000000000004
  TRAPNO=0x000000000000000e

Top of Stack: (sp=0x00007f4fe4148bb0)
0x00007f4fe4148bb0:   00007f4fe4148c20 00007f4fe6dae879
0x00007f4fe4148bc0:   00007f4fe0075068 00007f4fe0075040
0x00007f4fe4148bd0:   00000006e2684b79 0000000000000400
0x00007f4fe4148be0:   00000007a12f17ba 00007f4fe0075040
0x00007f4fe4148bf0:   00007f4fe0017d90 00000006e2684b78
0x00007f4fe4148c00:   00007f4fe0075040 00007f4fe6d8a480
0x00007f4fe4148c10:   0000000000000000 00007f4fe00750a8
0x00007f4fe4148c20:   00007f4fe4148d10 00007f4fe678ce08
0x00007f4fe4148c30:   00007f4fe4148c90 00007f4fe4148ca0
0x00007f4fe4148c40:   00007f4fe4148cb0 00007f4fe4148c70
0x00007f4fe4148c50:   00007f4fe4148c80 00007f4fe4148cd0
0x00007f4fe4148c60:   01000006e0d24e00 00007f4fe00750d8
0x00007f4fe4148c70:   00000007a0ae4510 000000000000001d
0x00007f4fe4148c80:   0000000000000001 0000000000000005
0x00007f4fe4148c90:   00007f4fe4148d10 00007f4fe678d9ae
0x00007f4fe4148ca0:   00007f4fe4148d10 00007f4fe4148cd0
0x00007f4fe4148cb0:   00002fb400000967 00007f4fe0075040
0x00007f4fe4148cc0:   00002fb500000967 00007f4fe00750d8
0x00007f4fe4148cd0:   00000006e2684b79 0000000000000200
0x00007f4fe4148ce0:   00000006e0eb0008 00000007b85c3a84
0x00007f4fe4148cf0:   00007f4fe6d8a480 0000000000000000
0x00007f4fe4148d00:   00007f4fe4148d30 00007f4fe4148d3c
0x00007f4fe4148d10:   00007f4fe4148d70 00007f4fe6790c0e
0x00007f4fe4148d20:   00007f4fa458c100 00007f4fe0075040
0x00007f4fe4148d30:   00000007b85c3a85 6c327a75e63dbb57
0x00007f4fe4148d40:   00007f4fe4148d70 00007f4fa458c100
0x00007f4fe4148d50:   00007f4fe001f800 0000000000000001
0x00007f4fe4148d60:   00007f4fe001faa0 00007f4fe694d161
0x00007f4fe4148d70:   00007f4fe4148e80 00007f4fe63dc84f
0x00007f4fe4148d80:   0000000000000000 00007f4fe4148dc0
0x00007f4fe4148d90:   00007f4fe4148e40 0000000000000000
0x00007f4fe4148da0:   00007f4fe001fae0 00007f4fe001faf0 

Instructions: (pc=0x00007f4fe678d583)
0x00007f4fe678d563:   83 e0 07 48 83 f8 05 75 d3 31 db eb d6 48 8b 05
0x00007f4fe678d573:   31 df 5d 00 8b 7e 08 8b 48 08 48 d3 e7 48 03 38
0x00007f4fe678d583:   8b 77 08 83 fe 00 0f 8f 0a ff ff ff 0f 85 4b 02
0x00007f4fe678d593:   00 00 0f 1f 00 48 8b 07 4c 89 e6 4c 89 55 98 ff 

Register to memory mapping:

RAX=0x00007f4fe6d8a490: <offset 0xf83490> in /usr/lib/jvm/java-8-oracle/jre/lib/amd64/server/libjvm.so at 0x00007f4fe5e07000
RBX=0x00000006e2684b78 is pointing into object: 0x00000006e2664b70
[Ljava.lang.Object; 
 - klass: 'java/lang/Object'[]
 - length: 32769
RCX=0x0000000000000003 is an unknown value
RDX=0x0000000000000001 is an unknown value
RSP=0x00007f4fe4148bb0 is an unknown value
RBP=0x00007f4fe4148c20 is an unknown value
RSI=0x00000007c0011790 is pointing into metadata
RDI=0x0000000400806010 is an unknown value
R8 =0x00007f4fe6d8a480: <offset 0xf83480> in /usr/lib/jvm/java-8-oracle/jre/lib/amd64/server/libjvm.so at 0x00007f4fe5e07000
R9 =0x00007f4fe6d72aba: <offset 0xf6baba> in /usr/lib/jvm/java-8-oracle/jre/lib/amd64/server/libjvm.so at 0x00007f4fe5e07000
R10=0x00007f4fe6dae879: <offset 0xfa7879> in /usr/lib/jvm/java-8-oracle/jre/lib/amd64/server/libjvm.so at 0x00007f4fe5e07000
R11=0x00007f4fe4148bd0 is an unknown value
R12=0x00000007c0011790 is pointing into metadata
R13=0x00007f4fe6d5f910: <offset 0xf58910> in /usr/lib/jvm/java-8-oracle/jre/lib/amd64/server/libjvm.so at 0x00007f4fe5e07000
R14=0x0000000000000000 is an unknown value
R15=0x00007f4fe00750a8 is an unknown value


Stack: [0x00007f4fe4049000,0x00007f4fe414a000],  sp=0x00007f4fe4148bb0,  free space=1022k
Native frames: (J=compiled Java code, j=interpreted, Vv=VM code, C=native code)
V  [libjvm.so+0x986583]  oopDesc* PSPromotionManager::copy_to_survivor_space<false>(oopDesc*)+0x143
V  [libjvm.so+0x985e08]  PSPromotionManager::drain_stacks_depth(bool)+0x7e8
V  [libjvm.so+0x989c0e]  StealTask::do_it(GCTaskManager*, unsigned int)+0x19e
V  [libjvm.so+0x5d584f]  GCTaskThread::run()+0x12f
V  [libjvm.so+0x91ef78]  java_start(Thread*)+0x108


---------------  P R O C E S S  ---------------

Java Threads: ( => current thread )
  0x00007f4fe00c0000 JavaThread "Service Thread" daemon [_thread_blocked, id=17106, stack(0x00007f4fc17f2000,0x00007f4fc18f3000)]
  0x00007f4fe00bd000 JavaThread "C1 CompilerThread2" daemon [_thread_blocked, id=17105, stack(0x00007f4fc18f3000,0x00007f4fc19f4000)]
  0x00007f4fe00bb800 JavaThread "C2 CompilerThread1" daemon [_thread_blocked, id=17104, stack(0x00007f4fc19f4000,0x00007f4fc1af5000)]
  0x00007f4fe00b8800 JavaThread "C2 CompilerThread0" daemon [_thread_blocked, id=17103, stack(0x00007f4fc1af5000,0x00007f4fc1bf6000)]
  0x00007f4fe00b7000 JavaThread "Signal Dispatcher" daemon [_thread_blocked, id=17102, stack(0x00007f4fc1bf6000,0x00007f4fc1cf7000)]
  0x00007f4fe0084000 JavaThread "Finalizer" daemon [_thread_blocked, id=17101, stack(0x00007f4fc1fcf000,0x00007f4fc20d0000)]
  0x00007f4fe007f800 JavaThread "Reference Handler" daemon [_thread_blocked, id=17100, stack(0x00007f4fc20d0000,0x00007f4fc21d1000)]
  0x00007f4fe000a000 JavaThread "main" [_thread_blocked, id=17094, stack(0x00007f4fe78e9000,0x00007f4fe79ea000)]

Other Threads:
  0x00007f4fe0078000 VMThread [stack: 0x00007f4fc21d1000,0x00007f4fc22d2000] [id=17099]
  0x00007f4fe00c3000 WatcherThread [stack: 0x00007f4fc16f1000,0x00007f4fc17f2000] [id=17107]

=>0x00007f4fe001f800 (exited) GCTaskThread [stack: 0x00007f4fe4049000,0x00007f4fe414a000] [id=17095]

VM state:at safepoint (normal execution)

VM Mutex/Monitor currently owned by a thread:  ([mutex/lock_event])
[0x00007f4fe0006610] Threads_lock - owner thread: 0x00007f4fe0078000
[0x00007f4fe0006b10] Heap_lock - owner thread: 0x00007f4fe000a000

Heap:
 PSYoungGen      total 922112K, used 905124K [0x000000076ab00000, 0x00000007b8a80000, 0x00000007c0000000)
  eden space 717824K, 100% used [0x000000076ab00000,0x0000000796800000,0x0000000796800000)
  from space 204288K, 91% used [0x0000000796800000,0x00000007a1ee91f0,0x00000007a2f80000)
  to   space 231424K, 99% used [0x00000007aa880000,0x00000007b8a7ed90,0x00000007b8a80000)
 ParOldGen       total 719872K, used 591682K [0x00000006c0000000, 0x00000006ebf00000, 0x000000076ab00000)
  object space 719872K, 82% used [0x00000006c0000000,0x00000006e41d0b28,0x00000006ebf00000)
 Metaspace       used 6211K, capacity 7280K, committed 7552K, reserved 1056768K
  class space    used 580K, capacity 616K, committed 640K, reserved 1048576K

Card table byte_map: [0x00007f4fd07ff000,0x00007f4fd1000000] byte_map_base: 0x00007f4fcd1ff000

Marking Bits: (ParMarkBitMap*) 0x00007f4fe6dbdd60
 Begin Bits: [0x00007f4fb4000000, 0x00007f4fb8000000)
 End Bits:   [0x00007f4fb8000000, 0x00007f4fbc000000)

Polling page: 0x00007f4fe7a0c000

CodeCache: size=245760Kb used=13168Kb max_used=13216Kb free=232591Kb
 bounds [0x00007f4fd1000000, 0x00007f4fd1d00000, 0x00007f4fe0000000]
 total_blobs=2711 nmethods=2446 adapters=178
 compilation: enabled

Compilation events (10 events):
Event: 28.579 Thread 0x00007f4fe00bd000 nmethod 2978 0x00007f4fd1caa450 code [0x00007f4fd1caa6c0, 0x00007f4fd1cab988]
Event: 28.581 Thread 0x00007f4fe00bd000 2979       3       com.android.dx.ssa.DeadCodeRemover$NoSideEffectVisitor::visitMoveInsn (22 bytes)
Event: 28.581 Thread 0x00007f4fe00bd000 nmethod 2979 0x00007f4fd1cb0f10 code [0x00007f4fd1cb10a0, 0x00007f4fd1cb1518]
Event: 28.636 Thread 0x00007f4fe00bb800 2980   !   4       com.android.dx.cf.direct.StdAttributeFactory::parseLocalVariables (274 bytes)
Event: 28.679 Thread 0x00007f4fe00bb800 nmethod 2980 0x00007f4fd1cd0f50 code [0x00007f4fd1cd11e0, 0x00007f4fd1cd2a78]
Event: 28.759 Thread 0x00007f4fe00bd000 2981       3       com.android.dx.cf.direct.StdAttributeFactory::sourceFile (94 bytes)
Event: 28.762 Thread 0x00007f4fe00bd000 nmethod 2981 0x00007f4fd1cd5ed0 code [0x00007f4fd1cd6360, 0x00007f4fd1cd8c88]
Event: 28.849 Thread 0x00007f4fe00bd000 2982       3       com.android.dx.cf.code.BytecodeArray::parseNewarray (594 bytes)
Event: 28.852 Thread 0x00007f4fe00bd000 nmethod 2982 0x00007f4fd1ccce90 code [0x00007f4fd1ccd260, 0x00007f4fd1ccf968]
Event: 28.879 Thread 0x00007f4fe00b8800 nmethod 2976 0x00007f4fd1ce6c10 code [0x00007f4fd1ce75e0, 0x00007f4fd1cf0520]

GC Heap History (10 events):
Event: 19.560 GC heap after
Heap after GC invocations=17 (full 3):
 PSYoungGen      total 735232K, used 132548K [0x000000076ab00000, 0x00000007a4600000, 0x00000007c0000000)
  eden space 594944K, 0% used [0x000000076ab00000,0x000000076ab00000,0x000000078f000000)
  from space 140288K, 94% used [0x0000000798c80000,0x00000007a0df11d0,0x00000007a1580000)
  to   space 160256K, 0% used [0x000000078f000000,0x000000078f000000,0x0000000798c80000)
 ParOldGen       total 477184K, used 375513K [0x00000006c0000000, 0x00000006dd200000, 0x000000076ab00000)
  object space 477184K, 78% used [0x00000006c0000000,0x00000006d6eb6680,0x00000006dd200000)
 Metaspace       used 6206K, capacity 7216K, committed 7296K, reserved 1056768K
  class space    used 580K, capacity 616K, committed 640K, reserved 1048576K
}
Event: 21.243 GC heap before
{Heap before GC invocations=18 (full 3):
 PSYoungGen      total 735232K, used 727492K [0x000000076ab00000, 0x00000007a4600000, 0x00000007c0000000)
  eden space 594944K, 100% used [0x000000076ab00000,0x000000078f000000,0x000000078f000000)
  from space 140288K, 94% used [0x0000000798c80000,0x00000007a0df11d0,0x00000007a1580000)
  to   space 160256K, 0% used [0x000000078f000000,0x000000078f000000,0x0000000798c80000)
 ParOldGen       total 477184K, used 375513K [0x00000006c0000000, 0x00000006dd200000, 0x000000076ab00000)
  object space 477184K, 78% used [0x00000006c0000000,0x00000006d6eb6680,0x00000006dd200000)
 Metaspace       used 6209K, capacity 7280K, committed 7552K, reserved 1056768K
  class space    used 580K, capacity 616K, committed 640K, reserved 1048576K
Event: 21.458 GC heap after
Heap after GC invocations=18 (full 3):
 PSYoungGen      total 755200K, used 160240K [0x000000076ab00000, 0x00000007afd00000, 0x00000007c0000000)
  eden space 594944K, 0% used [0x000000076ab00000,0x000000076ab00000,0x000000078f000000)
  from space 160256K, 99% used [0x000000078f000000,0x0000000798c7c328,0x0000000798c80000)
  to   space 201728K, 0% used [0x00000007a3800000,0x00000007a3800000,0x00000007afd00000)
 ParOldGen       total 477184K, used 415965K [0x00000006c0000000, 0x00000006dd200000, 0x000000076ab00000)
  object space 477184K, 87% used [0x00000006c0000000,0x00000006d9637538,0x00000006dd200000)
 Metaspace       used 6209K, capacity 7280K, committed 7552K, reserved 1056768K
  class space    used 580K, capacity 616K, committed 640K, reserved 1048576K
}
Event: 21.458 GC heap before
{Heap before GC invocations=19 (full 4):
 PSYoungGen      total 755200K, used 160240K [0x000000076ab00000, 0x00000007afd00000, 0x00000007c0000000)
  eden space 594944K, 0% used [0x000000076ab00000,0x000000076ab00000,0x000000078f000000)
  from space 160256K, 99% used [0x000000078f000000,0x0000000798c7c328,0x0000000798c80000)
  to   space 201728K, 0% used [0x00000007a3800000,0x00000007a3800000,0x00000007afd00000)
 ParOldGen       total 477184K, used 415965K [0x00000006c0000000, 0x00000006dd200000, 0x000000076ab00000)
  object space 477184K, 87% used [0x00000006c0000000,0x00000006d9637538,0x00000006dd200000)
 Metaspace       used 6209K, capacity 7280K, committed 7552K, reserved 1056768K
  class space    used 580K, capacity 616K, committed 640K, reserved 1048576K
Event: 23.369 GC heap after
Heap after GC invocations=19 (full 4):
 PSYoungGen      total 755200K, used 93295K [0x000000076ab00000, 0x00000007afd00000, 0x00000007c0000000)
  eden space 594944K, 0% used [0x000000076ab00000,0x000000076ab00000,0x000000078f000000)
  from space 160256K, 58% used [0x000000078f000000,0x0000000794b1bf88,0x0000000798c80000)
  to   space 201728K, 0% used [0x00000007a3800000,0x00000007a3800000,0x00000007afd00000)
 ParOldGen       total 719872K, used 477055K [0x00000006c0000000, 0x00000006ebf00000, 0x000000076ab00000)
  object space 719872K, 66% used [0x00000006c0000000,0x00000006dd1dfd80,0x00000006ebf00000)
 Metaspace       used 6209K, capacity 7280K, committed 7552K, reserved 1056768K
  class space    used 580K, capacity 616K, committed 640K, reserved 1048576K
}
Event: 24.908 GC heap before
{Heap before GC invocations=20 (full 4):
 PSYoungGen      total 755200K, used 688239K [0x000000076ab00000, 0x00000007afd00000, 0x00000007c0000000)
  eden space 594944K, 100% used [0x000000076ab00000,0x000000078f000000,0x000000078f000000)
  from space 160256K, 58% used [0x000000078f000000,0x0000000794b1bf88,0x0000000798c80000)
  to   space 201728K, 0% used [0x00000007a3800000,0x00000007a3800000,0x00000007afd00000)
 ParOldGen       total 719872K, used 477055K [0x00000006c0000000, 0x00000006ebf00000, 0x000000076ab00000)
  object space 719872K, 66% used [0x00000006c0000000,0x00000006dd1dfd80,0x00000006ebf00000)
 Metaspace       used 6209K, capacity 7280K, committed 7552K, reserved 1056768K
  class space    used 580K, capacity 616K, committed 640K, reserved 1048576K
Event: 25.193 GC heap after
Heap after GC invocations=20 (full 4):
 PSYoungGen      total 913408K, used 117306K [0x000000076ab00000, 0x00000007af700000, 0x00000007c0000000)
  eden space 717824K, 0% used [0x000000076ab00000,0x000000076ab00000,0x0000000796800000)
  from space 195584K, 59% used [0x00000007a3800000,0x00000007aaa8e800,0x00000007af700000)
  to   space 204288K, 0% used [0x0000000796800000,0x0000000796800000,0x00000007a2f80000)
 ParOldGen       total 719872K, used 539384K [0x00000006c0000000, 0x00000006ebf00000, 0x000000076ab00000)
  object space 719872K, 74% used [0x00000006c0000000,0x00000006e0ebe3f0,0x00000006ebf00000)
 Metaspace       used 6209K, capacity 7280K, committed 7552K, reserved 1056768K
  class space    used 580K, capacity 616K, committed 640K, reserved 1048576K
}
Event: 27.151 GC heap before
{Heap before GC invocations=21 (full 4):
 PSYoungGen      total 913408K, used 835130K [0x000000076ab00000, 0x00000007af700000, 0x00000007c0000000)
  eden space 717824K, 100% used [0x000000076ab00000,0x0000000796800000,0x0000000796800000)
  from space 195584K, 59% used [0x00000007a3800000,0x00000007aaa8e800,0x00000007af700000)
  to   space 204288K, 0% used [0x0000000796800000,0x0000000796800000,0x00000007a2f80000)
 ParOldGen       total 719872K, used 539384K [0x00000006c0000000, 0x00000006ebf00000, 0x000000076ab00000)
  object space 719872K, 74% used [0x00000006c0000000,0x00000006e0ebe3f0,0x00000006ebf00000)
 Metaspace       used 6210K, capacity 7280K, committed 7552K, reserved 1056768K
  class space    used 580K, capacity 616K, committed 640K, reserved 1048576K
Event: 27.315 GC heap after
Heap after GC invocations=21 (full 4):
 PSYoungGen      total 922112K, used 187300K [0x000000076ab00000, 0x00000007b8a80000, 0x00000007c0000000)
  eden space 717824K, 0% used [0x000000076ab00000,0x000000076ab00000,0x0000000796800000)
  from space 204288K, 91% used [0x0000000796800000,0x00000007a1ee91f0,0x00000007a2f80000)
  to   space 231424K, 0% used [0x00000007aa880000,0x00000007aa880000,0x00000007b8a80000)
 ParOldGen       total 719872K, used 539384K [0x00000006c0000000, 0x00000006ebf00000, 0x000000076ab00000)
  object space 719872K, 74% used [0x00000006c0000000,0x00000006e0ebe3f0,0x00000006ebf00000)
 Metaspace       used 6210K, capacity 7280K, committed 7552K, reserved 1056768K
  class space    used 580K, capacity 616K, committed 640K, reserved 1048576K
}
Event: 28.962 GC heap before
{Heap before GC invocations=22 (full 4):
 PSYoungGen      total 922112K, used 905124K [0x000000076ab00000, 0x00000007b8a80000, 0x00000007c0000000)
  eden space 717824K, 100% used [0x000000076ab00000,0x0000000796800000,0x0000000796800000)
  from space 204288K, 91% used [0x0000000796800000,0x00000007a1ee91f0,0x00000007a2f80000)
  to   space 231424K, 0% used [0x00000007aa880000,0x00000007aa880000,0x00000007b8a80000)
 ParOldGen       total 719872K, used 539384K [0x00000006c0000000, 0x00000006ebf00000, 0x000000076ab00000)
  object space 719872K, 74% used [0x00000006c0000000,0x00000006e0ebe3f0,0x00000006ebf00000)
 Metaspace       used 6211K, capacity 7280K, committed 7552K, reserved 1056768K
  class space    used 580K, capacity 616K, committed 640K, reserved 1048576K

Deoptimization events (10 events):
Event: 20.059 Thread 0x00007f4fe000a000 Uncommon trap: reason=class_check action=maybe_recompile pc=0x00007f4fd18dd120 method=com.android.dx.ssa.back.InterferenceGraph.mergeInterferenceSet(ILcom/android/dx/util/IntSet;)V @ 20
Event: 20.059 Thread 0x00007f4fe000a000 Uncommon trap: reason=class_check action=maybe_recompile pc=0x00007f4fd1121d04 method=com.android.dx.util.BitIntSet.merge(Lcom/android/dx/util/IntSet;)V @ 1
Event: 20.377 Thread 0x00007f4fe000a000 Uncommon trap: reason=predicate action=maybe_recompile pc=0x00007f4fd19fa718 method=com.android.dx.ssa.back.InterferenceGraph.<init>(I)V @ 23
Event: 26.393 Thread 0x00007f4fe000a000 Uncommon trap: reason=predicate action=maybe_recompile pc=0x00007f4fd16f50cc method=java.util.ArrayList.indexOf(Ljava/lang/Object;)I @ 44
Event: 26.393 Thread 0x00007f4fe000a000 Uncommon trap: reason=unstable_if action=reinterpret pc=0x00007f4fd14b4890 method=com.android.dx.ssa.SsaMethod.deleteInsns(Ljava/util/Set;)V @ 130
Event: 26.393 Thread 0x00007f4fe000a000 Uncommon trap: reason=unstable_if action=reinterpret pc=0x00007f4fd186da10 method=com.android.dx.ssa.PhiInsn.getSources()Lcom/android/dx/rop/code/RegisterSpecList; @ 19
Event: 26.393 Thread 0x00007f4fe000a000 Uncommon trap: reason=unstable_if action=reinterpret pc=0x00007f4fd18a49a4 method=com.android.dx.ssa.PhiInsn.getSources()Lcom/android/dx/rop/code/RegisterSpecList; @ 19
Event: 27.493 Thread 0x00007f4fe000a000 Uncommon trap: reason=bimorphic action=maybe_recompile pc=0x00007f4fd1c1b2bc method=com.android.dx.cf.code.BytecodeArray.parseInstruction(ILcom/android/dx/cf/code/BytecodeArray$Visitor;)I @ 1327
Event: 27.493 Thread 0x00007f4fe000a000 Uncommon trap: reason=bimorphic action=maybe_recompile pc=0x00007f4fd1c1b2bc method=com.android.dx.cf.code.BytecodeArray.parseInstruction(ILcom/android/dx/cf/code/BytecodeArray$Visitor;)I @ 1327
Event: 28.849 Thread 0x00007f4fe000a000 Uncommon trap: reason=unstable_if action=reinterpret pc=0x00007f4fd1386cd8 method=com.android.dx.cf.code.BytecodeArray.parseNewarray(ILcom/android/dx/cf/code/BytecodeArray$Visitor;)I @ 348

Internal exceptions (10 events):
Event: 1.030 Thread 0x00007f4fe000a000 Implicit null exception at 0x00007f4fd1392262 to 0x00007f4fd139235b
Event: 1.426 Thread 0x00007f4fe000a000 Implicit null exception at 0x00007f4fd1332eda to 0x00007f4fd1334f25
Event: 1.452 Thread 0x00007f4fe000a000 Exception <a 'java/lang/ArrayIndexOutOfBoundsException': 18> (0x000000076c370908) thrown at [/HUDSON/workspace/8-2-build-linux-amd64/jdk8u91/6644/hotspot/src/share/vm/interpreter/interpreterRuntime.cpp, line 366]
Event: 1.452 Thread 0x00007f4fe000a000 Exception <a 'java/lang/ArrayIndexOutOfBoundsException': 145> (0x000000076c372488) thrown at [/HUDSON/workspace/8-2-build-linux-amd64/jdk8u91/6644/hotspot/src/share/vm/interpreter/interpreterRuntime.cpp, line 366]
Event: 1.453 Thread 0x00007f4fe000a000 Exception <a 'java/lang/ArrayIndexOutOfBoundsException': 40> (0x000000076c373770) thrown at [/HUDSON/workspace/8-2-build-linux-amd64/jdk8u91/6644/hotspot/src/share/vm/interpreter/interpreterRuntime.cpp, line 366]
Event: 9.307 Thread 0x00007f4fe000a000 Implicit null exception at 0x00007f4fd16a9809 to 0x00007f4fd16ad519
Event: 9.308 Thread 0x00007f4fe000a000 Implicit null exception at 0x00007f4fd154a253 to 0x00007f4fd154bf81
Event: 17.586 Thread 0x00007f4fe000a000 Implicit null exception at 0x00007f4fd119fc26 to 0x00007f4fd119ff19
Event: 17.586 Thread 0x00007f4fe000a000 Implicit null exception at 0x00007f4fd1615d8e to 0x00007f4fd1616059
Event: 19.726 Thread 0x00007f4fe000a000 Implicit null exception at 0x00007f4fd11f690c to 0x00007f4fd11f692e

Events (10 events):
Event: 27.493 Thread 0x00007f4fe000a000 Uncommon trap: trap_request=0xffffffc6 fr.pc=0x00007f4fd1c1b2bc
Event: 27.493 Thread 0x00007f4fe000a000 DEOPT PACKING pc=0x00007f4fd1c1b2bc sp=0x00007f4fe79e7bb0
Event: 27.493 Thread 0x00007f4fe000a000 DEOPT UNPACKING pc=0x00007f4fd1005229 sp=0x00007f4fe79e7b70 mode 2
Event: 27.493 Thread 0x00007f4fe000a000 Uncommon trap: trap_request=0xffffffc6 fr.pc=0x00007f4fd1c1b2bc
Event: 27.493 Thread 0x00007f4fe000a000 DEOPT PACKING pc=0x00007f4fd1c1b2bc sp=0x00007f4fe79e7bb0
Event: 27.493 Thread 0x00007f4fe000a000 DEOPT UNPACKING pc=0x00007f4fd1005229 sp=0x00007f4fe79e7b70 mode 2
Event: 28.849 Thread 0x00007f4fe000a000 Uncommon trap: trap_request=0xffffff65 fr.pc=0x00007f4fd1386cd8
Event: 28.849 Thread 0x00007f4fe000a000 DEOPT PACKING pc=0x00007f4fd1386cd8 sp=0x00007f4fe79e7c50
Event: 28.849 Thread 0x00007f4fe000a000 DEOPT UNPACKING pc=0x00007f4fd1005229 sp=0x00007f4fe79e7c28 mode 2
Event: 28.962 Executing VM operation: ParallelGCFailedAllocation


Dynamic libraries:
00400000-00401000 r-xp 00000000 08:02 6826504                            /usr/lib/jvm/java-8-oracle/bin/java
00600000-00601000 rw-p 00000000 08:02 6826504                            /usr/lib/jvm/java-8-oracle/bin/java
013d5000-013f6000 rw-p 00000000 00:00 0                                  [heap]
6c0000000-6ebf00000 rw-p 00000000 00:00 0 
6ebf00000-76ab00000 ---p 00000000 00:00 0 
76ab00000-7b8a80000 rw-p 00000000 00:00 0 
7b8a80000-7c0000000 ---p 00000000 00:00 0 
7c0000000-7c00a0000 rw-p 00000000 00:00 0 
7c00a0000-800000000 ---p 00000000 00:00 0 
7f4f90000000-7f4f90021000 rw-p 00000000 00:00 0 
7f4f90021000-7f4f94000000 ---p 00000000 00:00 0 
7f4f94000000-7f4f94021000 rw-p 00000000 00:00 0 
7f4f94021000-7f4f98000000 ---p 00000000 00:00 0 
7f4f98000000-7f4f99877000 rw-p 00000000 00:00 0 
7f4f99877000-7f4f9c000000 ---p 00000000 00:00 0 
7f4f9c000000-7f4f9cbe3000 rw-p 00000000 00:00 0 
7f4f9cbe3000-7f4fa0000000 ---p 00000000 00:00 0 
7f4fa0000000-7f4fa0021000 rw-p 00000000 00:00 0 
7f4fa0021000-7f4fa4000000 ---p 00000000 00:00 0 
7f4fa4000000-7f4fa54db000 rw-p 00000000 00:00 0 
7f4fa54db000-7f4fa8000000 ---p 00000000 00:00 0 
7f4fa8000000-7f4fa8021000 rw-p 00000000 00:00 0 
7f4fa8021000-7f4fac000000 ---p 00000000 00:00 0 
7f4fac000000-7f4fac021000 rw-p 00000000 00:00 0 
7f4fac021000-7f4fb0000000 ---p 00000000 00:00 0 
7f4fb0000000-7f4fb003c000 rw-p 00000000 00:00 0 
7f4fb003c000-7f4fb4000000 ---p 00000000 00:00 0 
7f4fb4000000-7f4fbc000000 rw-p 00000000 00:00 0 
7f4fbc000000-7f4fbc021000 rw-p 00000000 00:00 0 
7f4fbc021000-7f4fc0000000 ---p 00000000 00:00 0 
7f4fc164a000-7f4fc16f1000 r--s 008bb000 08:02 27920261                   /home/aipxperts/Aipxperts/Aip_Project/ReceiptTrackerApp/DailyEstimation/build/intermediates/transforms/jarMerging/release/jars/1/1f/combined.jar
7f4fc16f1000-7f4fc16f2000 ---p 00000000 00:00 0 
7f4fc16f2000-7f4fc17f2000 rw-p 00000000 00:00 0 
7f4fc17f2000-7f4fc17f5000 ---p 00000000 00:00 0 
7f4fc17f5000-7f4fc18f3000 rw-p 00000000 00:00 0 
7f4fc18f3000-7f4fc18f6000 ---p 00000000 00:00 0 
7f4fc18f6000-7f4fc19f4000 rw-p 00000000 00:00 0 
7f4fc19f4000-7f4fc19f7000 ---p 00000000 00:00 0 
7f4fc19f7000-7f4fc1af5000 rw-p 00000000 00:00 0 
7f4fc1af5000-7f4fc1af8000 ---p 00000000 00:00 0 
7f4fc1af8000-7f4fc1bf6000 rw-p 00000000 00:00 0 
7f4fc1bf6000-7f4fc1bf9000 ---p 00000000 00:00 0 
7f4fc1bf9000-7f4fc1cf7000 rw-p 00000000 00:00 0 
7f4fc1cf7000-7f4fc1fcf000 r--p 00000000 08:02 6817184                    /usr/lib/locale/locale-archive
7f4fc1fcf000-7f4fc1fd2000 ---p 00000000 00:00 0 
7f4fc1fd2000-7f4fc20d0000 rw-p 00000000 00:00 0 
7f4fc20d0000-7f4fc20d3000 ---p 00000000 00:00 0 
7f4fc20d3000-7f4fc21d1000 rw-p 00000000 00:00 0 
7f4fc21d1000-7f4fc21d2000 ---p 00000000 00:00 0 
7f4fc21d2000-7f4fc36c0000 rw-p 00000000 00:00 0 
7f4fc36c0000-7f4fc3800000 ---p 00000000 00:00 0 
7f4fc3800000-7f4fc4000000 rw-p 00000000 00:00 0 
7f4fc4000000-7f4fc4021000 rw-p 00000000 00:00 0 
7f4fc4021000-7f4fc8000000 ---p 00000000 00:00 0 
7f4fc8000000-7f4fc8021000 rw-p 00000000 00:00 0 
7f4fc8021000-7f4fcc000000 ---p 00000000 00:00 0 
7f4fcc000000-7f4fcc292000 rw-p 00000000 00:00 0 
7f4fcc292000-7f4fd0000000 ---p 00000000 00:00 0 
7f4fd001a000-7f4fd02ad000 rw-p 00000000 00:00 0 
7f4fd02ad000-7f4fd0486000 r--s 03d1f000 08:02 6955744                    /usr/lib/jvm/java-8-oracle/jre/lib/rt.jar
7f4fd0486000-7f4fd04fc000 rw-p 00000000 00:00 0 
7f4fd04fc000-7f4fd04fd000 ---p 00000000 00:00 0 
7f4fd04fd000-7f4fd05fd000 rw-p 00000000 00:00 0 
7f4fd05fd000-7f4fd05fe000 ---p 00000000 00:00 0 
7f4fd05fe000-7f4fd06fe000 rw-p 00000000 00:00 0 
7f4fd06fe000-7f4fd06ff000 ---p 00000000 00:00 0 
7f4fd06ff000-7f4fd095f000 rw-p 00000000 00:00 0 
7f4fd095f000-7f4fd0d54000 ---p 00000000 00:00 0 
7f4fd0d54000-7f4fd0fc5000 rw-p 00000000 00:00 0 
7f4fd0fc5000-7f4fd0fff000 ---p 00000000 00:00 0 
7f4fd0fff000-7f4fd1000000 rw-p 00000000 00:00 0 
7f4fd1000000-7f4fd1d00000 rwxp 00000000 00:00 0 
7f4fd1d00000-7f4fe0000000 ---p 00000000 00:00 0 
7f4fe0000000-7f4fe03cc000 rw-p 00000000 00:00 0 
7f4fe03cc000-7f4fe4000000 ---p 00000000 00:00 0 
7f4fe4007000-7f4fe4049000 rw-p 00000000 00:00 0 
7f4fe4049000-7f4fe404a000 ---p 00000000 00:00 0 
7f4fe404a000-7f4fe42aa000 rw-p 00000000 00:00 0 
7f4fe42aa000-7f4fe46a0000 ---p 00000000 00:00 0 
7f4fe46a0000-7f4fe46d4000 rw-p 00000000 00:00 0 
7f4fe46d4000-7f4fe4a60000 ---p 00000000 00:00 0 
7f4fe4a60000-7f4fe4a7a000 r-xp 00000000 08:02 6955946                    /usr/lib/jvm/java-8-oracle/jre/lib/amd64/libzip.so
7f4fe4a7a000-7f4fe4c7a000 ---p 0001a000 08:02 6955946                    /usr/lib/jvm/java-8-oracle/jre/lib/amd64/libzip.so
7f4fe4c7a000-7f4fe4c7b000 rw-p 0001a000 08:02 6955946                    /usr/lib/jvm/java-8-oracle/jre/lib/amd64/libzip.so
7f4fe4c7b000-7f4fe4c86000 r-xp 00000000 08:02 10748109                   /lib/x86_64-linux-gnu/libnss_files-2.23.so
7f4fe4c86000-7f4fe4e85000 ---p 0000b000 08:02 10748109                   /lib/x86_64-linux-gnu/libnss_files-2.23.so
7f4fe4e85000-7f4fe4e86000 r--p 0000a000 08:02 10748109                   /lib/x86_64-linux-gnu/libnss_files-2.23.so
7f4fe4e86000-7f4fe4e87000 rw-p 0000b000 08:02 10748109                   /lib/x86_64-linux-gnu/libnss_files-2.23.so
7f4fe4e87000-7f4fe4e8d000 rw-p 00000000 00:00 0 
7f4fe4e8d000-7f4fe4e98000 r-xp 00000000 08:02 10748106                   /lib/x86_64-linux-gnu/libnss_nis-2.23.so
7f4fe4e98000-7f4fe5097000 ---p 0000b000 08:02 10748106                   /lib/x86_64-linux-gnu/libnss_nis-2.23.so
7f4fe5097000-7f4fe5098000 r--p 0000a000 08:02 10748106                   /lib/x86_64-linux-gnu/libnss_nis-2.23.so
7f4fe5098000-7f4fe5099000 rw-p 0000b000 08:02 10748106                   /lib/x86_64-linux-gnu/libnss_nis-2.23.so
7f4fe5099000-7f4fe50af000 r-xp 00000000 08:02 10748104                   /lib/x86_64-linux-gnu/libnsl-2.23.so
7f4fe50af000-7f4fe52ae000 ---p 00016000 08:02 10748104                   /lib/x86_64-linux-gnu/libnsl-2.23.so
7f4fe52ae000-7f4fe52af000 r--p 00015000 08:02 10748104                   /lib/x86_64-linux-gnu/libnsl-2.23.so
7f4fe52af000-7f4fe52b0000 rw-p 00016000 08:02 10748104                   /lib/x86_64-linux-gnu/libnsl-2.23.so
7f4fe52b0000-7f4fe52b2000 rw-p 00000000 00:00 0 
7f4fe52b2000-7f4fe52ba000 r-xp 00000000 08:02 10748102                   /lib/x86_64-linux-gnu/libnss_compat-2.23.so
7f4fe52ba000-7f4fe54b9000 ---p 00008000 08:02 10748102                   /lib/x86_64-linux-gnu/libnss_compat-2.23.so
7f4fe54b9000-7f4fe54ba000 r--p 00007000 08:02 10748102                   /lib/x86_64-linux-gnu/libnss_compat-2.23.so
7f4fe54ba000-7f4fe54bb000 rw-p 00008000 08:02 10748102                   /lib/x86_64-linux-gnu/libnss_compat-2.23.so
7f4fe54bb000-7f4fe54e5000 r-xp 00000000 08:02 6955941                    /usr/lib/jvm/java-8-oracle/jre/lib/amd64/libjava.so
7f4fe54e5000-7f4fe56e5000 ---p 0002a000 08:02 6955941                    /usr/lib/jvm/java-8-oracle/jre/lib/amd64/libjava.so
7f4fe56e5000-7f4fe56e7000 rw-p 0002a000 08:02 6955941                    /usr/lib/jvm/java-8-oracle/jre/lib/amd64/libjava.so
7f4fe56e7000-7f4fe56f4000 r-xp 00000000 08:02 6955945                    /usr/lib/jvm/java-8-oracle/jre/lib/amd64/libverify.so
7f4fe56f4000-7f4fe58f4000 ---p 0000d000 08:02 6955945                    /usr/lib/jvm/java-8-oracle/jre/lib/amd64/libverify.so
7f4fe58f4000-7f4fe58f6000 rw-p 0000d000 08:02 6955945                    /usr/lib/jvm/java-8-oracle/jre/lib/amd64/libverify.so
7f4fe58f6000-7f4fe58fd000 r-xp 00000000 08:02 10748118                   /lib/x86_64-linux-gnu/librt-2.23.so
7f4fe58fd000-7f4fe5afc000 ---p 00007000 08:02 10748118                   /lib/x86_64-linux-gnu/librt-2.23.so
7f4fe5afc000-7f4fe5afd000 r--p 00006000 08:02 10748118                   /lib/x86_64-linux-gnu/librt-2.23.so
7f4fe5afd000-7f4fe5afe000 rw-p 00007000 08:02 10748118                   /lib/x86_64-linux-gnu/librt-2.23.so
7f4fe5afe000-7f4fe5c06000 r-xp 00000000 08:02 10748115                   /lib/x86_64-linux-gnu/libm-2.23.so
7f4fe5c06000-7f4fe5e05000 ---p 00108000 08:02 10748115                   /lib/x86_64-linux-gnu/libm-2.23.so
7f4fe5e05000-7f4fe5e06000 r--p 00107000 08:02 10748115                   /lib/x86_64-linux-gnu/libm-2.23.so
7f4fe5e06000-7f4fe5e07000 rw-p 00108000 08:02 10748115                   /lib/x86_64-linux-gnu/libm-2.23.so
7f4fe5e07000-7f4fe6ac7000 r-xp 00000000 08:02 6955924                    /usr/lib/jvm/java-8-oracle/jre/lib/amd64/server/libjvm.so
7f4fe6ac7000-7f4fe6cc7000 ---p 00cc0000 08:02 6955924                    /usr/lib/jvm/java-8-oracle/jre/lib/amd64/server/libjvm.so
7f4fe6cc7000-7f4fe6d9f000 rw-p 00cc0000 08:02 6955924                    /usr/lib/jvm/java-8-oracle/jre/lib/amd64/server/libjvm.so
7f4fe6d9f000-7f4fe6dea000 rw-p 00000000 00:00 0 
7f4fe6dea000-7f4fe6faa000 r-xp 00000000 08:02 10748123                   /lib/x86_64-linux-gnu/libc-2.23.so
7f4fe6faa000-7f4fe71a9000 ---p 001c0000 08:02 10748123                   /lib/x86_64-linux-gnu/libc-2.23.so
7f4fe71a9000-7f4fe71ad000 r--p 001bf000 08:02 10748123                   /lib/x86_64-linux-gnu/libc-2.23.so
7f4fe71ad000-7f4fe71af000 rw-p 001c3000 08:02 10748123                   /lib/x86_64-linux-gnu/libc-2.23.so
7f4fe71af000-7f4fe71b3000 rw-p 00000000 00:00 0 
7f4fe71b3000-7f4fe71b6000 r-xp 00000000 08:02 10748124                   /lib/x86_64-linux-gnu/libdl-2.23.so
7f4fe71b6000-7f4fe73b5000 ---p 00003000 08:02 10748124                   /lib/x86_64-linux-gnu/libdl-2.23.so
7f4fe73b5000-7f4fe73b6000 r--p 00002000 08:02 10748124                   /lib/x86_64-linux-gnu/libdl-2.23.so
7f4fe73b6000-7f4fe73b7000 rw-p 00003000 08:02 10748124                   /lib/x86_64-linux-gnu/libdl-2.23.so
7f4fe73b7000-7f4fe73cc000 r-xp 00000000 08:02 6828606                    /usr/lib/jvm/java-8-oracle/lib/amd64/jli/libjli.so
7f4fe73cc000-7f4fe75cc000 ---p 00015000 08:02 6828606                    /usr/lib/jvm/java-8-oracle/lib/amd64/jli/libjli.so
7f4fe75cc000-7f4fe75cd000 rw-p 00015000 08:02 6828606                    /usr/lib/jvm/java-8-oracle/lib/amd64/jli/libjli.so
7f4fe75cd000-7f4fe75e5000 r-xp 00000000 08:02 10748122                   /lib/x86_64-linux-gnu/libpthread-2.23.so
7f4fe75e5000-7f4fe77e4000 ---p 00018000 08:02 10748122                   /lib/x86_64-linux-gnu/libpthread-2.23.so
7f4fe77e4000-7f4fe77e5000 r--p 00017000 08:02 10748122                   /lib/x86_64-linux-gnu/libpthread-2.23.so
7f4fe77e5000-7f4fe77e6000 rw-p 00018000 08:02 10748122                   /lib/x86_64-linux-gnu/libpthread-2.23.so
7f4fe77e6000-7f4fe77ea000 rw-p 00000000 00:00 0 
7f4fe77ea000-7f4fe7810000 r-xp 00000000 08:02 10748119                   /lib/x86_64-linux-gnu/ld-2.23.so
7f4fe7816000-7f4fe78e9000 rw-p 00000000 00:00 0 
7f4fe78e9000-7f4fe78ec000 ---p 00000000 00:00 0 
7f4fe78ec000-7f4fe79ee000 rw-p 00000000 00:00 0 
7f4fe79f4000-7f4fe7a03000 r--s 000dd000 08:02 18481832                   /home/aipxperts/Android/Sdk/build-tools/21.1.2/lib/dx.jar
7f4fe7a03000-7f4fe7a0b000 rw-s 00000000 08:02 23468245                   /tmp/hsperfdata_aipxperts/17089
7f4fe7a0b000-7f4fe7a0c000 rw-p 00000000 00:00 0 
7f4fe7a0c000-7f4fe7a0d000 ---p 00000000 00:00 0 
7f4fe7a0d000-7f4fe7a0f000 rw-p 00000000 00:00 0 
7f4fe7a0f000-7f4fe7a10000 r--p 00025000 08:02 10748119                   /lib/x86_64-linux-gnu/ld-2.23.so
7f4fe7a10000-7f4fe7a11000 rw-p 00026000 08:02 10748119                   /lib/x86_64-linux-gnu/ld-2.23.so
7f4fe7a11000-7f4fe7a12000 rw-p 00000000 00:00 0 
7ffea395a000-7ffea397b000 rw-p 00000000 00:00 0                          [stack]
7ffea39e9000-7ffea39eb000 r--p 00000000 00:00 0                          [vvar]
7ffea39eb000-7ffea39ed000 r-xp 00000000 00:00 0                          [vdso]
ffffffffff600000-ffffffffff601000 r-xp 00000000 00:00 0                  [vsyscall]

VM Arguments:
jvm_args: -Djava.awt.headless=true -Xmx4g -Dfile.encoding=UTF-8 -Duser.country=IN -Duser.language=en -Duser.variant 
java_command: com.android.dx.command.Main --dex --multi-dex --main-dex-list /home/aipxperts/Aipxperts/Aip_Project/ReceiptTrackerApp/DailyEstimation/build/intermediates/multi-dex/release/maindexlist.txt --output /home/aipxperts/Aipxperts/Aip_Project/ReceiptTrackerApp/DailyEstimation/build/intermediates/transforms/dex/release/folders/1000/1f/main /home/aipxperts/Aipxperts/Aip_Project/ReceiptTrackerApp/DailyEstimation/build/intermediates/transforms/jarMerging/release/jars/1/1f/combined.jar
java_class_path (initial): /home/aipxperts/Android/Sdk/build-tools/21.1.2/lib/dx.jar
Launcher Type: SUN_STANDARD

Environment Variables:
JAVA_HOME=/usr/lib/jvm/java-8-oracle
PATH=/usr/local/sbin:/usr/local/bin:/usr/sbin:/usr/bin:/sbin:/bin:/usr/games:/usr/local/games:/snap/bin:/usr/lib/jvm/java-8-oracle/bin:/usr/lib/jvm/java-8-oracle/db/bin:/usr/lib/jvm/java-8-oracle/jre/bin
LD_LIBRARY_PATH=/home/aipxperts/AndroidSDK/android-studio/bin:
SHELL=/bin/bash
DISPLAY=:0

Signal Handlers:
SIGSEGV: [libjvm.so+0xabca10], sa_mask[0]=11111111011111111101111111111110, sa_flags=SA_RESTART|SA_SIGINFO
SIGBUS: [libjvm.so+0xabca10], sa_mask[0]=11111111011111111101111111111110, sa_flags=SA_RESTART|SA_SIGINFO
SIGFPE: [libjvm.so+0x919a20], sa_mask[0]=11111111011111111101111111111110, sa_flags=SA_RESTART|SA_SIGINFO
SIGPIPE: [libjvm.so+0x919a20], sa_mask[0]=11111111011111111101111111111110, sa_flags=SA_RESTART|SA_SIGINFO
SIGXFSZ: [libjvm.so+0x919a20], sa_mask[0]=11111111011111111101111111111110, sa_flags=SA_RESTART|SA_SIGINFO
SIGILL: [libjvm.so+0x919a20], sa_mask[0]=11111111011111111101111111111110, sa_flags=SA_RESTART|SA_SIGINFO
SIGUSR1: SIG_DFL, sa_mask[0]=00000000000000000000000000000000, sa_flags=none
SIGUSR2: [libjvm.so+0x91b050], sa_mask[0]=00100000000000000000000000000000, sa_flags=SA_RESTART|SA_SIGINFO
SIGHUP: [libjvm.so+0x91c450], sa_mask[0]=11111111011111111101111111111110, sa_flags=SA_RESTART|SA_SIGINFO
SIGINT: [libjvm.so+0x91c450], sa_mask[0]=11111111011111111101111111111110, sa_flags=SA_RESTART|SA_SIGINFO
SIGTERM: [libjvm.so+0x91c450], sa_mask[0]=11111111011111111101111111111110, sa_flags=SA_RESTART|SA_SIGINFO
SIGQUIT: [libjvm.so+0x91c450], sa_mask[0]=11111111011111111101111111111110, sa_flags=SA_RESTART|SA_SIGINFO


---------------  S Y S T E M  ---------------

OS:DISTRIB_ID=Ubuntu
DISTRIB_RELEASE=16.04
DISTRIB_CODENAME=xenial
DISTRIB_DESCRIPTION="Ubuntu 16.04 LTS"

uname:Linux 4.4.0-22-generic #40-Ubuntu SMP Thu May 12 22:03:46 UTC 2016 x86_64
libc:glibc 2.23 NPTL 2.23 
rlimit: STACK 8192k, CORE 0k, NPROC 30779, NOFILE 65536, AS infinity
load average:1.84 1.20 1.00

/proc/meminfo:
MemTotal:        8120072 kB
MemFree:           86560 kB
MemAvailable:     615996 kB
Buffers:           99052 kB
Cached:           483136 kB
SwapCached:       124980 kB
Active:          6345908 kB
Inactive:        1424688 kB
Active(anon):    5971136 kB
Inactive(anon):  1303284 kB
Active(file):     374772 kB
Inactive(file):   121404 kB
Unevictable:          48 kB
Mlocked:              48 kB
SwapTotal:       8329212 kB
SwapFree:        7448856 kB
Dirty:             21672 kB
Writeback:          1792 kB
AnonPages:       7119988 kB
Mapped:           226928 kB
Shmem:             86376 kB
Slab:             120496 kB
SReclaimable:      75704 kB
SUnreclaim:        44792 kB
KernelStack:       12752 kB
PageTables:        65288 kB
NFS_Unstable:          0 kB
Bounce:                0 kB
WritebackTmp:          0 kB
CommitLimit:    12389248 kB
Committed_AS:   14077376 kB
VmallocTotal:   34359738367 kB
VmallocUsed:           0 kB
VmallocChunk:          0 kB
HardwareCorrupted:     0 kB
AnonHugePages:   4812800 kB
CmaTotal:              0 kB
CmaFree:               0 kB
HugePages_Total:       0
HugePages_Free:        0
HugePages_Rsvd:        0
HugePages_Surp:        0
Hugepagesize:       2048 kB
DirectMap4k:      184432 kB
DirectMap2M:     8148992 kB


CPU:total 4 (2 cores per cpu, 2 threads per core) family 6 model 58 stepping 9, cmov, cx8, fxsr, mmx, sse, sse2, sse3, ssse3, sse4.1, sse4.2, popcnt, avx, clmul, erms, ht, tsc, tscinvbit, tscinv

/proc/cpuinfo:
processor	: 0
vendor_id	: GenuineIntel
cpu family	: 6
model		: 58
model name	: Intel(R) Core(TM) i3-3210 CPU @ 3.20GHz
stepping	: 9
microcode	: 0x1c
cpu MHz		: 3200.000
cache size	: 3072 KB
physical id	: 0
siblings	: 4
core id		: 0
cpu cores	: 2
apicid		: 0
initial apicid	: 0
fpu		: yes
fpu_exception	: yes
cpuid level	: 13
wp		: yes
flags		: fpu vme de pse tsc msr pae mce cx8 apic sep mtrr pge mca cmov pat pse36 clflush dts acpi mmx fxsr sse sse2 ss ht tm pbe syscall nx rdtscp lm constant_tsc arch_perfmon pebs bts rep_good nopl xtopology nonstop_tsc aperfmperf eagerfpu pni pclmulqdq dtes64 monitor ds_cpl vmx est tm2 ssse3 cx16 xtpr pdcm pcid sse4_1 sse4_2 popcnt tsc_deadline_timer xsave avx f16c lahf_lm epb tpr_shadow vnmi flexpriority ept vpid fsgsbase smep erms xsaveopt dtherm arat pln pts
bugs		:
bogomips	: 6385.84
clflush size	: 64
cache_alignment	: 64
address sizes	: 36 bits physical, 48 bits virtual
power management:

processor	: 1
vendor_id	: GenuineIntel
cpu family	: 6
model		: 58
model name	: Intel(R) Core(TM) i3-3210 CPU @ 3.20GHz
stepping	: 9
microcode	: 0x1c
cpu MHz		: 3199.875
cache size	: 3072 KB
physical id	: 0
siblings	: 4
core id		: 1
cpu cores	: 2
apicid		: 2
initial apicid	: 2
fpu		: yes
fpu_exception	: yes
cpuid level	: 13
wp		: yes
flags		: fpu vme de pse tsc msr pae mce cx8 apic sep mtrr pge mca cmov pat pse36 clflush dts acpi mmx fxsr sse sse2 ss ht tm pbe syscall nx rdtscp lm constant_tsc arch_perfmon pebs bts rep_good nopl xtopology nonstop_tsc aperfmperf eagerfpu pni pclmulqdq dtes64 monitor ds_cpl vmx est tm2 ssse3 cx16 xtpr pdcm pcid sse4_1 sse4_2 popcnt tsc_deadline_timer xsave avx f16c lahf_lm epb tpr_shadow vnmi flexpriority ept vpid fsgsbase smep erms xsaveopt dtherm arat pln pts
bugs		:
bogomips	: 6385.84
clflush size	: 64
cache_alignment	: 64
address sizes	: 36 bits physical, 48 bits virtual
power management:

processor	: 2
vendor_id	: GenuineIntel
cpu family	: 6
model		: 58
model name	: Intel(R) Core(TM) i3-3210 CPU @ 3.20GHz
stepping	: 9
microcode	: 0x1c
cpu MHz		: 3200.000
cache size	: 3072 KB
physical id	: 0
siblings	: 4
core id		: 0
cpu cores	: 2
apicid		: 1
initial apicid	: 1
fpu		: yes
fpu_exception	: yes
cpuid level	: 13
wp		: yes
flags		: fpu vme de pse tsc msr pae mce cx8 apic sep mtrr pge mca cmov pat pse36 clflush dts acpi mmx fxsr sse sse2 ss ht tm pbe syscall nx rdtscp lm constant_tsc arch_perfmon pebs bts rep_good nopl xtopology nonstop_tsc aperfmperf eagerfpu pni pclmulqdq dtes64 monitor ds_cpl vmx est tm2 ssse3 cx16 xtpr pdcm pcid sse4_1 sse4_2 popcnt tsc_deadline_timer xsave avx f16c lahf_lm epb tpr_shadow vnmi flexpriority ept vpid fsgsbase smep erms xsaveopt dtherm arat pln pts
bugs		:
bogomips	: 6385.84
clflush size	: 64
cache_alignment	: 64
address sizes	: 36 bits physical, 48 bits virtual
power management:

processor	: 3
vendor_id	: GenuineIntel
cpu family	: 6
model		: 58
model name	: Intel(R) Core(TM) i3-3210 CPU @ 3.20GHz
stepping	: 9
microcode	: 0x1c
cpu MHz		: 3200.000
cache size	: 3072 KB
physical id	: 0
siblings	: 4
core id		: 1
cpu cores	: 2
apicid		: 3
initial apicid	: 3
fpu		: yes
fpu_exception	: yes
cpuid level	: 13
wp		: yes
flags		: fpu vme de pse tsc msr pae mce cx8 apic sep mtrr pge mca cmov pat pse36 clflush dts acpi mmx fxsr sse sse2 ss ht tm pbe syscall nx rdtscp lm constant_tsc arch_perfmon pebs bts rep_good nopl xtopology nonstop_tsc aperfmperf eagerfpu pni pclmulqdq dtes64 monitor ds_cpl vmx est tm2 ssse3 cx16 xtpr pdcm pcid sse4_1 sse4_2 popcnt tsc_deadline_timer xsave avx f16c lahf_lm epb tpr_shadow vnmi flexpriority ept vpid fsgsbase smep erms xsaveopt dtherm arat pln pts
bugs		:
bogomips	: 6385.84
clflush size	: 64
cache_alignment	: 64
address sizes	: 36 bits physical, 48 bits virtual
power management:



Memory: 4k page, physical 8120072k(86348k free), swap 8329212k(7448856k free)

vm_info: Java HotSpot(TM) 64-Bit Server VM (25.91-b14) for linux-amd64 JRE (1.8.0_91-b14), built on Apr  1 2016 00:57:21 by "java_re" with gcc 4.3.0 20080428 (Red Hat 4.3.0-8)

time: Wed Sep 14 14:47:18 2016
elapsed time: 29 seconds (0d 0h 0m 29s)

