#
# A fatal error has been detected by the Java Runtime Environment:
#
#  SIGSEGV (0xb) at pc=0x00007eff54d0cb1c, pid=23828, tid=139634734827264
#
# JRE version: Java(TM) SE Runtime Environment (8.0_91-b14) (build 1.8.0_91-b14)
# Java VM: Java HotSpot(TM) 64-Bit Server VM (25.91-b14 mixed mode linux-amd64 compressed oops)
# Problematic frame:
# V  [libjvm.so+0x973b1c]  ParCompactionManager::follow_marking_stacks()+0x22c
#
# Failed to write core dump. Core dumps have been disabled. To enable core dumping, try "ulimit -c unlimited" before starting Java again
#
# If you would like to submit a bug report, please visit:
#   http://bugreport.java.com/bugreport/crash.jsp
#

---------------  T H R E A D  ---------------

Current thread (0x00007eff50023000):  GCTaskThread [stack: 0x00007eff3eb48000,0x00007eff3ec49000] [id=23836]

siginfo: si_signo: 11 (SIGSEGV), si_code: 1 (SEGV_MAPERR), si_addr: 0x0000000000000129

Registers:
RAX=0x0000000000000009, RBX=0x00007eff5534bd40, RCX=0x0000000000000003, RDX=0x000000077b35f8c8
RSP=0x00007eff3ec47830, RBP=0x00007eff3ec479b0, RSI=0x00007eff50074ce0, RDI=0x000000077b35f8e8
R8 =0x000000077b31f8c4, R9 =0x2000000000000000, R10=0x0000000000000004, R11=0x00007eff5534bd40
R12=0x00007eff50074ce0, R13=0x0000000000000002, R14=0x00007eff50074ce0, R15=0x000000077a505fd8
RIP=0x00007eff54d0cb1c, EFLAGS=0x0000000000010206, CSGSFS=0x0000000000000033, ERR=0x0000000000000004
  TRAPNO=0x000000000000000e

Top of Stack: (sp=0x00007eff3ec47830)
0x00007eff3ec47830:   00000007c007fab8 00000006c060552c
0x00007eff3ec47840:   00007eff50074cf0 00007eff3ec47960
0x00007eff3ec47850:   00007eff3ec47930 00007eff3ec47910
0x00007eff3ec47860:   00007eff3ec47900 00007eff3ec478f0
0x00007eff3ec47870:   00007eff3ec478e0 00007eff3ec478d0
0x00007eff3ec47880:   00007eff55340879 00007eff50074da0
0x00007eff3ec47890:   00000006c060e690 000000077a4fefd8
0x00007eff3ec478a0:   00007eff50074cf0 00007eff3ec479c0
0x00007eff3ec478b0:   00000000000003bb 00000000000003bb
0x00007eff3ec478c0:   00007eff50074d20 00007eff3ec47978
0x00007eff3ec478d0:   00000006c04204a8 00007eff5534fd60
0x00007eff3ec478e0:   00007eff3ec47950 00007eff549e6b8c
0x00007eff3ec478f0:   00000006c0420484 00000006c04198f8
0x00007eff3ec47900:   00000006c04ecf90 0000000700000800
0x00007eff3ec47910:   00000006c060e690 00007eff00000200
0x00007eff3ec47920:   00007eff5534fd60 00000006c04198f8
0x00007eff3ec47930:   000000077af55008 00007eff5534fd60
0x00007eff3ec47940:   00007eff3ec479b0 00007eff549e6e2f
0x00007eff3ec47950:   000000077af52844 000000077af52820
0x00007eff3ec47960:   00000007c00500c0 00000007c00500c0
0x00007eff3ec47970:   000002a400000101 000000077b35f8c8
0x00007eff3ec47980:   00007eff50074ce0 0000000000000000
0x00007eff3ec47990:   00007eff500749b0 0000000000000002
0x00007eff3ec479a0:   00007eff50074ce0 000000077a505fd8
0x00007eff3ec479b0:   00007eff3ec47af0 00007eff54cf3215
0x00007eff3ec479c0:   0000000b00000000 000000077a505fd8
0x00007eff3ec479d0:   00007eff3ec47a90 00007eff3ec47a80
0x00007eff3ec479e0:   00007eff3ec47a70 00007eff3ec47a60
0x00007eff3ec479f0:   00007eff3ec47aa0 00007eff3ec47ab0
0x00007eff3ec47a00:   00007eff3ec47abc 00007eff55340879
0x00007eff3ec47a10:   00007eff08329170 000000077a4fd7c8
0x00007eff3ec47a20:   00007eff3ec47a60 00007eff500232f0 

Instructions: (pc=0x00007eff54d0cb1c)
0x00007eff54d0cafc:   00 0f 84 2d 03 00 00 48 8b 05 9e 09 5f 00 8b 7a
0x00007eff54d0cb0c:   08 8b 48 08 48 d3 e7 48 03 38 48 8b 07 4c 89 e6
0x00007eff54d0cb1c:   ff 90 20 01 00 00 41 8b 54 24 08 41 8b 44 24 10
0x00007eff54d0cb2c:   89 d1 29 c1 89 c8 a9 ff ff 01 00 0f 85 5b ff ff 

Register to memory mapping:

RAX=0x0000000000000009 is an unknown value
RBX=0x00007eff5534bd40: <offset 0xfb2d40> in /usr/lib/jvm/java-8-oracle/jre/lib/amd64/server/libjvm.so at 0x00007eff54399000
RCX=0x0000000000000003 is an unknown value
RDX=0x000000077b35f8c8 is an unknown value
RSP=0x00007eff3ec47830 is an unknown value
RBP=0x00007eff3ec479b0 is an unknown value
RSI=0x00007eff50074ce0 is an unknown value
RDI=0x000000077b35f8e8 is an oop
com.android.dx.rop.cst.CstString 
 - klass: 'com/android/dx/rop/cst/CstString'
R8 =0x000000077b31f8c4 is an unknown value
R9 =0x2000000000000000 is an unknown value
R10=0x0000000000000004 is an unknown value
R11=0x00007eff5534bd40: <offset 0xfb2d40> in /usr/lib/jvm/java-8-oracle/jre/lib/amd64/server/libjvm.so at 0x00007eff54399000
R12=0x00007eff50074ce0 is an unknown value
R13=0x0000000000000002 is an unknown value
R14=0x00007eff50074ce0 is an unknown value
R15=0x000000077a505fd8 is an unknown value


Stack: [0x00007eff3eb48000,0x00007eff3ec49000],  sp=0x00007eff3ec47830,  free space=1022k
Native frames: (J=compiled Java code, j=interpreted, Vv=VM code, C=native code)
V  [libjvm.so+0x973b1c]  ParCompactionManager::follow_marking_stacks()+0x22c
V  [libjvm.so+0x95a215]  StealMarkingTask::do_it(GCTaskManager*, unsigned int)+0x325
V  [libjvm.so+0x5d584f]  GCTaskThread::run()+0x12f
V  [libjvm.so+0x91ef78]  java_start(Thread*)+0x108


---------------  P R O C E S S  ---------------

Java Threads: ( => current thread )
  0x00007eff500c0000 JavaThread "Service Thread" daemon [_thread_blocked, id=23845, stack(0x00007eff37cfd000,0x00007eff37dfe000)]
  0x00007eff500bd000 JavaThread "C1 CompilerThread2" daemon [_thread_blocked, id=23844, stack(0x00007eff37dfe000,0x00007eff37eff000)]
  0x00007eff500bb800 JavaThread "C2 CompilerThread1" daemon [_thread_in_native, id=23843, stack(0x00007eff37eff000,0x00007eff38000000)]
  0x00007eff500b8800 JavaThread "C2 CompilerThread0" daemon [_thread_blocked, id=23842, stack(0x00007eff3c08e000,0x00007eff3c18f000)]
  0x00007eff500b7000 JavaThread "Signal Dispatcher" daemon [_thread_blocked, id=23841, stack(0x00007eff3c18f000,0x00007eff3c290000)]
  0x00007eff50084000 JavaThread "Finalizer" daemon [_thread_blocked, id=23840, stack(0x00007eff3c568000,0x00007eff3c669000)]
  0x00007eff5007f800 JavaThread "Reference Handler" daemon [_thread_blocked, id=23839, stack(0x00007eff3c669000,0x00007eff3c76a000)]
  0x00007eff5000a000 JavaThread "main" [_thread_blocked, id=23831, stack(0x00007eff55e7b000,0x00007eff55f7c000)]

Other Threads:
  0x00007eff50078000 VMThread [stack: 0x00007eff3c76a000,0x00007eff3c86b000] [id=23838]
  0x00007eff500c3000 WatcherThread [stack: 0x00007eff37bfc000,0x00007eff37cfd000] [id=23846]

=>0x00007eff50023000 (exited) GCTaskThread [stack: 0x00007eff3eb48000,0x00007eff3ec49000] [id=23836]

VM state:at safepoint (normal execution)

VM Mutex/Monitor currently owned by a thread:  ([mutex/lock_event])
[0x00007eff50006610] Threads_lock - owner thread: 0x00007eff50078000
[0x00007eff50006b10] Heap_lock - owner thread: 0x00007eff5000a000

Heap:
 PSYoungGen      total 279040K, used 28661K [0x000000076ab00000, 0x000000078f200000, 0x00000007c0000000)
  eden space 250368K, 0% used [0x000000076ab00000,0x000000076ab00000,0x0000000779f80000)
  from space 28672K, 99% used [0x0000000779f80000,0x000000077bb7d7e8,0x000000077bb80000)
  to   space 48128K, 0% used [0x000000078c300000,0x000000078c300000,0x000000078f200000)
 ParOldGen       total 84992K, used 79253K [0x00000006c0000000, 0x00000006c5300000, 0x000000076ab00000)
  object space 84992K, 93% used [0x00000006c0000000,0x00000006c4d65628,0x00000006c5300000)
 Metaspace       used 6123K, capacity 7216K, committed 7296K, reserved 1056768K
  class space    used 576K, capacity 616K, committed 640K, reserved 1048576K

Card table byte_map: [0x00007eff3f3a1000,0x00007eff3fba2000] byte_map_base: 0x00007eff3bda1000

Marking Bits: (ParMarkBitMap*) 0x00007eff5534fd60
 Begin Bits: [0x00007eff20000000, 0x00007eff24000000)
 End Bits:   [0x00007eff24000000, 0x00007eff28000000)

Polling page: 0x00007eff55f9e000

CodeCache: size=245760Kb used=9127Kb max_used=9139Kb free=236632Kb
 bounds [0x00007eff3ff62000, 0x00007eff40862000, 0x00007eff4ef62000]
 total_blobs=2306 nmethods=2041 adapters=178
 compilation: enabled

Compilation events (10 events):
Event: 4.719 Thread 0x00007eff500bd000 2103       2       com.android.dx.rop.code.RegisterSpec::compareTo (95 bytes)
Event: 4.720 Thread 0x00007eff500bd000 nmethod 2103 0x00007eff40844a10 code [0x00007eff40844bc0, 0x00007eff40844fa8]
Event: 4.720 Thread 0x00007eff500bd000 2104       1       sun.reflect.generics.reflectiveObjects.ParameterizedTypeImpl::getRawType (5 bytes)
Event: 4.720 Thread 0x00007eff500bd000 nmethod 2104 0x00007eff40844750 code [0x00007eff408448a0, 0x00007eff408449b0]
Event: 4.726 Thread 0x00007eff500bd000 2105 %     3       com.android.dx.ssa.PhiInsn::updateSourcesToDefinitions @ 8 (68 bytes)
Event: 4.727 Thread 0x00007eff500bd000 nmethod 2105% 0x00007eff40842650 code [0x00007eff40842860, 0x00007eff40843508]
Event: 4.733 Thread 0x00007eff500b8800 nmethod 2100 0x00007eff40856990 code [0x00007eff40856be0, 0x00007eff40857640]
Event: 4.733 Thread 0x00007eff500b8800 2106       4       com.android.dx.util.FixedSizeList::shrinkToFit (103 bytes)
Event: 4.740 Thread 0x00007eff500b8800 nmethod 2106 0x00007eff4083eed0 code [0x00007eff4083f040, 0x00007eff4083f458]
Event: 4.740 Thread 0x00007eff500b8800 2099       4       com.android.dx.ssa.SsaMethod::makeExitBlock (134 bytes)

GC Heap History (10 events):
Event: 1.616 GC heap after
Heap after GC invocations=3 (full 0):
 PSYoungGen      total 68608K, used 5089K [0x000000076ab00000, 0x0000000773100000, 0x00000007c0000000)
  eden space 63488K, 0% used [0x000000076ab00000,0x000000076ab00000,0x000000076e900000)
  from space 5120K, 99% used [0x000000076e900000,0x000000076edf8678,0x000000076ee00000)
  to   space 5120K, 0% used [0x0000000772c00000,0x0000000772c00000,0x0000000773100000)
 ParOldGen       total 84992K, used 19530K [0x00000006c0000000, 0x00000006c5300000, 0x000000076ab00000)
  object space 84992K, 22% used [0x00000006c0000000,0x00000006c1312ba8,0x00000006c5300000)
 Metaspace       used 5886K, capacity 7088K, committed 7296K, reserved 1056768K
  class space    used 557K, capacity 616K, committed 640K, reserved 1048576K
}
Event: 2.103 GC heap before
{Heap before GC invocations=4 (full 0):
 PSYoungGen      total 68608K, used 68577K [0x000000076ab00000, 0x0000000773100000, 0x00000007c0000000)
  eden space 63488K, 100% used [0x000000076ab00000,0x000000076e900000,0x000000076e900000)
  from space 5120K, 99% used [0x000000076e900000,0x000000076edf8678,0x000000076ee00000)
  to   space 5120K, 0% used [0x0000000772c00000,0x0000000772c00000,0x0000000773100000)
 ParOldGen       total 84992K, used 19530K [0x00000006c0000000, 0x00000006c5300000, 0x000000076ab00000)
  object space 84992K, 22% used [0x00000006c0000000,0x00000006c1312ba8,0x00000006c5300000)
 Metaspace       used 5923K, capacity 7152K, committed 7296K, reserved 1056768K
  class space    used 557K, capacity 616K, committed 640K, reserved 1048576K
Event: 2.131 GC heap after
Heap after GC invocations=4 (full 0):
 PSYoungGen      total 132096K, used 5101K [0x000000076ab00000, 0x0000000773100000, 0x00000007c0000000)
  eden space 126976K, 0% used [0x000000076ab00000,0x000000076ab00000,0x0000000772700000)
  from space 5120K, 99% used [0x0000000772c00000,0x00000007730fb4f8,0x0000000773100000)
  to   space 5120K, 0% used [0x0000000772700000,0x0000000772700000,0x0000000772c00000)
 ParOldGen       total 84992K, used 30117K [0x00000006c0000000, 0x00000006c5300000, 0x000000076ab00000)
  object space 84992K, 35% used [0x00000006c0000000,0x00000006c1d69430,0x00000006c5300000)
 Metaspace       used 5923K, capacity 7152K, committed 7296K, reserved 1056768K
  class space    used 557K, capacity 616K, committed 640K, reserved 1048576K
}
Event: 2.900 GC heap before
{Heap before GC invocations=5 (full 0):
 PSYoungGen      total 132096K, used 132077K [0x000000076ab00000, 0x0000000773100000, 0x00000007c0000000)
  eden space 126976K, 100% used [0x000000076ab00000,0x0000000772700000,0x0000000772700000)
  from space 5120K, 99% used [0x0000000772c00000,0x00000007730fb4f8,0x0000000773100000)
  to   space 5120K, 0% used [0x0000000772700000,0x0000000772700000,0x0000000772c00000)
 ParOldGen       total 84992K, used 30117K [0x00000006c0000000, 0x00000006c5300000, 0x000000076ab00000)
  object space 84992K, 35% used [0x00000006c0000000,0x00000006c1d69430,0x00000006c5300000)
 Metaspace       used 6055K, capacity 7152K, committed 7296K, reserved 1056768K
  class space    used 576K, capacity 616K, committed 640K, reserved 1048576K
Event: 2.942 GC heap after
Heap after GC invocations=5 (full 0):
 PSYoungGen      total 132096K, used 5109K [0x000000076ab00000, 0x000000077d400000, 0x00000007c0000000)
  eden space 126976K, 0% used [0x000000076ab00000,0x000000076ab00000,0x0000000772700000)
  from space 5120K, 99% used [0x0000000772700000,0x0000000772bfd690,0x0000000772c00000)
  to   space 25088K, 0% used [0x000000077bb80000,0x000000077bb80000,0x000000077d400000)
 ParOldGen       total 84992K, used 49230K [0x00000006c0000000, 0x00000006c5300000, 0x000000076ab00000)
  object space 84992K, 57% used [0x00000006c0000000,0x00000006c3013a68,0x00000006c5300000)
 Metaspace       used 6055K, capacity 7152K, committed 7296K, reserved 1056768K
  class space    used 576K, capacity 616K, committed 640K, reserved 1048576K
}
Event: 3.573 GC heap before
{Heap before GC invocations=6 (full 0):
 PSYoungGen      total 132096K, used 132085K [0x000000076ab00000, 0x000000077d400000, 0x00000007c0000000)
  eden space 126976K, 100% used [0x000000076ab00000,0x0000000772700000,0x0000000772700000)
  from space 5120K, 99% used [0x0000000772700000,0x0000000772bfd690,0x0000000772c00000)
  to   space 25088K, 0% used [0x000000077bb80000,0x000000077bb80000,0x000000077d400000)
 ParOldGen       total 84992K, used 49230K [0x00000006c0000000, 0x00000006c5300000, 0x000000076ab00000)
  object space 84992K, 57% used [0x00000006c0000000,0x00000006c3013a68,0x00000006c5300000)
 Metaspace       used 6087K, capacity 7152K, committed 7296K, reserved 1056768K
  class space    used 576K, capacity 616K, committed 640K, reserved 1048576K
Event: 3.628 GC heap after
Heap after GC invocations=6 (full 0):
 PSYoungGen      total 275456K, used 24197K [0x000000076ab00000, 0x000000077db00000, 0x00000007c0000000)
  eden space 250368K, 0% used [0x000000076ab00000,0x000000076ab00000,0x0000000779f80000)
  from space 25088K, 96% used [0x000000077bb80000,0x000000077d321760,0x000000077d400000)
  to   space 28672K, 0% used [0x0000000779f80000,0x0000000779f80000,0x000000077bb80000)
 ParOldGen       total 84992K, used 49230K [0x00000006c0000000, 0x00000006c5300000, 0x000000076ab00000)
  object space 84992K, 57% used [0x00000006c0000000,0x00000006c3013a68,0x00000006c5300000)
 Metaspace       used 6087K, capacity 7152K, committed 7296K, reserved 1056768K
  class space    used 576K, capacity 616K, committed 640K, reserved 1048576K
}
Event: 4.771 GC heap before
{Heap before GC invocations=7 (full 0):
 PSYoungGen      total 275456K, used 274565K [0x000000076ab00000, 0x000000077db00000, 0x00000007c0000000)
  eden space 250368K, 100% used [0x000000076ab00000,0x0000000779f80000,0x0000000779f80000)
  from space 25088K, 96% used [0x000000077bb80000,0x000000077d321760,0x000000077d400000)
  to   space 28672K, 0% used [0x0000000779f80000,0x0000000779f80000,0x000000077bb80000)
 ParOldGen       total 84992K, used 49230K [0x00000006c0000000, 0x00000006c5300000, 0x000000076ab00000)
  object space 84992K, 57% used [0x00000006c0000000,0x00000006c3013a68,0x00000006c5300000)
 Metaspace       used 6123K, capacity 7216K, committed 7296K, reserved 1056768K
  class space    used 576K, capacity 616K, committed 640K, reserved 1048576K
Event: 4.879 GC heap after
Heap after GC invocations=7 (full 0):
 PSYoungGen      total 279040K, used 28661K [0x000000076ab00000, 0x000000078f200000, 0x00000007c0000000)
  eden space 250368K, 0% used [0x000000076ab00000,0x000000076ab00000,0x0000000779f80000)
  from space 28672K, 99% used [0x0000000779f80000,0x000000077bb7d7e8,0x000000077bb80000)
  to   space 48128K, 0% used [0x000000078c300000,0x000000078c300000,0x000000078f200000)
 ParOldGen       total 84992K, used 79253K [0x00000006c0000000, 0x00000006c5300000, 0x000000076ab00000)
  object space 84992K, 93% used [0x00000006c0000000,0x00000006c4d65628,0x00000006c5300000)
 Metaspace       used 6123K, capacity 7216K, committed 7296K, reserved 1056768K
  class space    used 576K, capacity 616K, committed 640K, reserved 1048576K
}
Event: 4.879 GC heap before
{Heap before GC invocations=8 (full 1):
 PSYoungGen      total 279040K, used 28661K [0x000000076ab00000, 0x000000078f200000, 0x00000007c0000000)
  eden space 250368K, 0% used [0x000000076ab00000,0x000000076ab00000,0x0000000779f80000)
  from space 28672K, 99% used [0x0000000779f80000,0x000000077bb7d7e8,0x000000077bb80000)
  to   space 48128K, 0% used [0x000000078c300000,0x000000078c300000,0x000000078f200000)
 ParOldGen       total 84992K, used 79253K [0x00000006c0000000, 0x00000006c5300000, 0x000000076ab00000)
  object space 84992K, 93% used [0x00000006c0000000,0x00000006c4d65628,0x00000006c5300000)
 Metaspace       used 6123K, capacity 7216K, committed 7296K, reserved 1056768K
  class space    used 576K, capacity 616K, committed 640K, reserved 1048576K

Deoptimization events (10 events):
Event: 2.854 Thread 0x00007eff5000a000 Uncommon trap: reason=class_check action=maybe_recompile pc=0x00007eff406ca7f4 method=com.android.dx.ssa.SCCP.simulateBranch(Lcom/android/dx/ssa/SsaInsn;)V @ 145
Event: 2.887 Thread 0x00007eff5000a000 Uncommon trap: reason=class_check action=maybe_recompile pc=0x00007eff406ca7f4 method=com.android.dx.ssa.SCCP.simulateBranch(Lcom/android/dx/ssa/SsaInsn;)V @ 145
Event: 3.079 Thread 0x00007eff5000a000 Uncommon trap: reason=class_check action=maybe_recompile pc=0x00007eff406ca7f4 method=com.android.dx.ssa.SCCP.simulateBranch(Lcom/android/dx/ssa/SsaInsn;)V @ 145
Event: 3.201 Thread 0x00007eff5000a000 Uncommon trap: reason=unstable_if action=reinterpret pc=0x00007eff405ae3cc method=java.util.HashMap.resize()[Ljava/util/HashMap$Node; @ 206
Event: 3.371 Thread 0x00007eff5000a000 Uncommon trap: reason=speculate_class_check action=maybe_recompile pc=0x00007eff4078954c method=com.android.dx.rop.cst.TypedConstant.getBasicType()I @ 1
Event: 3.374 Thread 0x00007eff5000a000 Uncommon trap: reason=speculate_class_check action=maybe_recompile pc=0x00007eff4078954c method=com.android.dx.rop.cst.TypedConstant.getBasicType()I @ 1
Event: 3.400 Thread 0x00007eff5000a000 Uncommon trap: reason=speculate_class_check action=maybe_recompile pc=0x00007eff4078954c method=com.android.dx.rop.cst.TypedConstant.getBasicType()I @ 1
Event: 3.400 Thread 0x00007eff5000a000 Uncommon trap: reason=speculate_class_check action=maybe_recompile pc=0x00007eff4078954c method=com.android.dx.rop.cst.TypedConstant.getBasicType()I @ 1
Event: 3.680 Thread 0x00007eff5000a000 Uncommon trap: reason=unstable_if action=reinterpret pc=0x00007eff40767678 method=com.android.dx.ssa.DeadCodeRemover.pruneDeadInstructions()V @ 49
Event: 3.680 Thread 0x00007eff5000a000 Uncommon trap: reason=unstable_if action=reinterpret pc=0x00007eff406115a0 method=com.android.dx.ssa.DeadCodeRemover.pruneDeadInstructions()V @ 49

Internal exceptions (6 events):
Event: 0.019 Thread 0x00007eff5000a000 Exception <a 'java/lang/NoSuchMethodError': Method sun.misc.Unsafe.defineClass(Ljava/lang/String;[BII)Ljava/lang/Class; name or signature does not match> (0x000000076ab07cc0) thrown at [/HUDSON/workspace/8-2-build-linux-amd64/jdk8u91/6644/hotspot/src/shar
Event: 0.019 Thread 0x00007eff5000a000 Exception <a 'java/lang/NoSuchMethodError': Method sun.misc.Unsafe.prefetchRead(Ljava/lang/Object;J)V name or signature does not match> (0x000000076ab07fa8) thrown at [/HUDSON/workspace/8-2-build-linux-amd64/jdk8u91/6644/hotspot/src/share/vm/prims/jni.cpp
Event: 0.593 Thread 0x00007eff5000a000 Implicit null exception at 0x00007eff402b73a7 to 0x00007eff402b9ab5
Event: 2.415 Thread 0x00007eff5000a000 Exception <a 'java/lang/ArrayIndexOutOfBoundsException': 18> (0x000000076da56c80) thrown at [/HUDSON/workspace/8-2-build-linux-amd64/jdk8u91/6644/hotspot/src/share/vm/interpreter/interpreterRuntime.cpp, line 366]
Event: 2.415 Thread 0x00007eff5000a000 Exception <a 'java/lang/ArrayIndexOutOfBoundsException': 145> (0x000000076da58800) thrown at [/HUDSON/workspace/8-2-build-linux-amd64/jdk8u91/6644/hotspot/src/share/vm/interpreter/interpreterRuntime.cpp, line 366]
Event: 2.416 Thread 0x00007eff5000a000 Exception <a 'java/lang/ArrayIndexOutOfBoundsException'> (0x000000076da59ae8) thrown at [/HUDSON/workspace/8-2-build-linux-amd64/jdk8u91/6644/hotspot/src/share/vm/runtime/sharedRuntime.cpp, line 605]

Events (10 events):
Event: 4.575 Thread 0x00007eff5000a000 DEOPT UNPACKING pc=0x00007eff3ffa9633 sp=0x00007eff55f79a20 mode 0
Event: 4.610 Thread 0x00007eff5000a000 DEOPT PACKING pc=0x00007eff4033ba71 sp=0x00007eff55f79bd0
Event: 4.610 Thread 0x00007eff5000a000 DEOPT UNPACKING pc=0x00007eff3ffa9633 sp=0x00007eff55f79a20 mode 0
Event: 4.632 Thread 0x00007eff5000a000 DEOPT PACKING pc=0x00007eff40333f11 sp=0x00007eff55f79c80
Event: 4.632 Thread 0x00007eff5000a000 DEOPT UNPACKING pc=0x00007eff3ffa9633 sp=0x00007eff55f79a00 mode 0
Event: 4.685 Thread 0x00007eff5000a000 DEOPT PACKING pc=0x00007eff4033ba71 sp=0x00007eff55f79bd0
Event: 4.685 Thread 0x00007eff5000a000 DEOPT UNPACKING pc=0x00007eff3ffa9633 sp=0x00007eff55f79a20 mode 0
Event: 4.711 Thread 0x00007eff5000a000 DEOPT PACKING pc=0x00007eff40333f11 sp=0x00007eff55f79c80
Event: 4.711 Thread 0x00007eff5000a000 DEOPT UNPACKING pc=0x00007eff3ffa9633 sp=0x00007eff55f79a00 mode 0
Event: 4.771 Executing VM operation: ParallelGCFailedAllocation


Dynamic libraries:
00400000-00401000 r-xp 00000000 08:02 6826504                            /usr/lib/jvm/java-8-oracle/bin/java
00600000-00601000 rw-p 00000000 08:02 6826504                            /usr/lib/jvm/java-8-oracle/bin/java
00c3b000-00c5c000 rw-p 00000000 00:00 0                                  [heap]
6c0000000-6c5300000 rw-p 00000000 00:00 0 
6c5300000-76ab00000 ---p 00000000 00:00 0 
76ab00000-78f200000 rw-p 00000000 00:00 0 
78f200000-7c0000000 ---p 00000000 00:00 0 
7c0000000-7c00a0000 rw-p 00000000 00:00 0 
7c00a0000-800000000 ---p 00000000 00:00 0 
7efef8000000-7efef8021000 rw-p 00000000 00:00 0 
7efef8021000-7efefc000000 ---p 00000000 00:00 0 
7eff00000000-7eff00898000 rw-p 00000000 00:00 0 
7eff00898000-7eff04000000 ---p 00000000 00:00 0 
7eff04000000-7eff04021000 rw-p 00000000 00:00 0 
7eff04021000-7eff08000000 ---p 00000000 00:00 0 
7eff08000000-7eff08a02000 rw-p 00000000 00:00 0 
7eff08a02000-7eff0c000000 ---p 00000000 00:00 0 
7eff0c000000-7eff0cc02000 rw-p 00000000 00:00 0 
7eff0cc02000-7eff10000000 ---p 00000000 00:00 0 
7eff10000000-7eff10021000 rw-p 00000000 00:00 0 
7eff10021000-7eff14000000 ---p 00000000 00:00 0 
7eff14000000-7eff14021000 rw-p 00000000 00:00 0 
7eff14021000-7eff18000000 ---p 00000000 00:00 0 
7eff18000000-7eff18021000 rw-p 00000000 00:00 0 
7eff18021000-7eff1c000000 ---p 00000000 00:00 0 
7eff1c000000-7eff1c021000 rw-p 00000000 00:00 0 
7eff1c021000-7eff20000000 ---p 00000000 00:00 0 
7eff20000000-7eff28000000 rw-p 00000000 00:00 0 
7eff28000000-7eff2828b000 rw-p 00000000 00:00 0 
7eff2828b000-7eff2c000000 ---p 00000000 00:00 0 
7eff2c000000-7eff2c021000 rw-p 00000000 00:00 0 
7eff2c021000-7eff30000000 ---p 00000000 00:00 0 
7eff30000000-7eff30021000 rw-p 00000000 00:00 0 
7eff30021000-7eff34000000 ---p 00000000 00:00 0 
7eff37b54000-7eff37bfc000 r--s 008bc000 08:02 27920261                   /home/aipxperts/Aipxperts/Aip_Project/ReceiptTrackerApp/DailyEstimation/build/intermediates/transforms/jarMerging/release/jars/1/1f/combined.jar
7eff37bfc000-7eff37bfd000 ---p 00000000 00:00 0 
7eff37bfd000-7eff37cfd000 rw-p 00000000 00:00 0 
7eff37cfd000-7eff37d00000 ---p 00000000 00:00 0 
7eff37d00000-7eff37dfe000 rw-p 00000000 00:00 0 
7eff37dfe000-7eff37e01000 ---p 00000000 00:00 0 
7eff37e01000-7eff37eff000 rw-p 00000000 00:00 0 
7eff37eff000-7eff37f02000 ---p 00000000 00:00 0 
7eff37f02000-7eff38000000 rw-p 00000000 00:00 0 
7eff38000000-7eff38021000 rw-p 00000000 00:00 0 
7eff38021000-7eff3c000000 ---p 00000000 00:00 0 
7eff3c08e000-7eff3c091000 ---p 00000000 00:00 0 
7eff3c091000-7eff3c18f000 rw-p 00000000 00:00 0 
7eff3c18f000-7eff3c192000 ---p 00000000 00:00 0 
7eff3c192000-7eff3c290000 rw-p 00000000 00:00 0 
7eff3c290000-7eff3c568000 r--p 00000000 08:02 6817184                    /usr/lib/locale/locale-archive
7eff3c568000-7eff3c56b000 ---p 00000000 00:00 0 
7eff3c56b000-7eff3c669000 rw-p 00000000 00:00 0 
7eff3c669000-7eff3c66c000 ---p 00000000 00:00 0 
7eff3c66c000-7eff3c76a000 rw-p 00000000 00:00 0 
7eff3c76a000-7eff3c76b000 ---p 00000000 00:00 0 
7eff3c76b000-7eff3d86e000 rw-p 00000000 00:00 0 
7eff3d86e000-7eff3da47000 r--s 03d1f000 08:02 6955744                    /usr/lib/jvm/java-8-oracle/jre/lib/rt.jar
7eff3da47000-7eff3e0c7000 rw-p 00000000 00:00 0 
7eff3e0c7000-7eff3e247000 ---p 00000000 00:00 0 
7eff3e247000-7eff3ea47000 rw-p 00000000 00:00 0 
7eff3ea47000-7eff3ea48000 ---p 00000000 00:00 0 
7eff3ea48000-7eff3eb48000 rw-p 00000000 00:00 0 
7eff3eb48000-7eff3eb49000 ---p 00000000 00:00 0 
7eff3eb49000-7eff3ec49000 rw-p 00000000 00:00 0 
7eff3ec49000-7eff3ec4a000 ---p 00000000 00:00 0 
7eff3ec4a000-7eff3ed4a000 rw-p 00000000 00:00 0 
7eff3ed4a000-7eff3ed4b000 ---p 00000000 00:00 0 
7eff3ed4b000-7eff3ee75000 rw-p 00000000 00:00 0 
7eff3ee75000-7eff3f3a1000 ---p 00000000 00:00 0 
7eff3f3a1000-7eff3f3cb000 rw-p 00000000 00:00 0 
7eff3f3cb000-7eff3f8f6000 ---p 00000000 00:00 0 
7eff3f8f6000-7eff3fa1a000 rw-p 00000000 00:00 0 
7eff3fa1a000-7eff3fba1000 ---p 00000000 00:00 0 
7eff3fba1000-7eff3fbc6000 rw-p 00000000 00:00 0 
7eff3fbc6000-7eff3ff62000 ---p 00000000 00:00 0 
7eff3ff62000-7eff40862000 rwxp 00000000 00:00 0 
7eff40862000-7eff4ef62000 ---p 00000000 00:00 0 
7eff4ef62000-7eff4ef7c000 r-xp 00000000 08:02 6955946                    /usr/lib/jvm/java-8-oracle/jre/lib/amd64/libzip.so
7eff4ef7c000-7eff4f17c000 ---p 0001a000 08:02 6955946                    /usr/lib/jvm/java-8-oracle/jre/lib/amd64/libzip.so
7eff4f17c000-7eff4f17d000 rw-p 0001a000 08:02 6955946                    /usr/lib/jvm/java-8-oracle/jre/lib/amd64/libzip.so
7eff4f17d000-7eff4f188000 r-xp 00000000 08:02 10748109                   /lib/x86_64-linux-gnu/libnss_files-2.23.so
7eff4f188000-7eff4f387000 ---p 0000b000 08:02 10748109                   /lib/x86_64-linux-gnu/libnss_files-2.23.so
7eff4f387000-7eff4f388000 r--p 0000a000 08:02 10748109                   /lib/x86_64-linux-gnu/libnss_files-2.23.so
7eff4f388000-7eff4f389000 rw-p 0000b000 08:02 10748109                   /lib/x86_64-linux-gnu/libnss_files-2.23.so
7eff4f389000-7eff4f38f000 rw-p 00000000 00:00 0 
7eff4f38f000-7eff4f39a000 r-xp 00000000 08:02 10748106                   /lib/x86_64-linux-gnu/libnss_nis-2.23.so
7eff4f39a000-7eff4f599000 ---p 0000b000 08:02 10748106                   /lib/x86_64-linux-gnu/libnss_nis-2.23.so
7eff4f599000-7eff4f59a000 r--p 0000a000 08:02 10748106                   /lib/x86_64-linux-gnu/libnss_nis-2.23.so
7eff4f59a000-7eff4f59b000 rw-p 0000b000 08:02 10748106                   /lib/x86_64-linux-gnu/libnss_nis-2.23.so
7eff4f59b000-7eff4f5b1000 r-xp 00000000 08:02 10748104                   /lib/x86_64-linux-gnu/libnsl-2.23.so
7eff4f5b1000-7eff4f7b0000 ---p 00016000 08:02 10748104                   /lib/x86_64-linux-gnu/libnsl-2.23.so
7eff4f7b0000-7eff4f7b1000 r--p 00015000 08:02 10748104                   /lib/x86_64-linux-gnu/libnsl-2.23.so
7eff4f7b1000-7eff4f7b2000 rw-p 00016000 08:02 10748104                   /lib/x86_64-linux-gnu/libnsl-2.23.so
7eff4f7b2000-7eff4f7b4000 rw-p 00000000 00:00 0 
7eff4f7b4000-7eff4f7bc000 r-xp 00000000 08:02 10748102                   /lib/x86_64-linux-gnu/libnss_compat-2.23.so
7eff4f7bc000-7eff4f9bb000 ---p 00008000 08:02 10748102                   /lib/x86_64-linux-gnu/libnss_compat-2.23.so
7eff4f9bb000-7eff4f9bc000 r--p 00007000 08:02 10748102                   /lib/x86_64-linux-gnu/libnss_compat-2.23.so
7eff4f9bc000-7eff4f9bd000 rw-p 00008000 08:02 10748102                   /lib/x86_64-linux-gnu/libnss_compat-2.23.so
7eff4f9bd000-7eff4f9e7000 r-xp 00000000 08:02 6955941                    /usr/lib/jvm/java-8-oracle/jre/lib/amd64/libjava.so
7eff4f9e7000-7eff4fbe7000 ---p 0002a000 08:02 6955941                    /usr/lib/jvm/java-8-oracle/jre/lib/amd64/libjava.so
7eff4fbe7000-7eff4fbe9000 rw-p 0002a000 08:02 6955941                    /usr/lib/jvm/java-8-oracle/jre/lib/amd64/libjava.so
7eff4fbe9000-7eff4fbf6000 r-xp 00000000 08:02 6955945                    /usr/lib/jvm/java-8-oracle/jre/lib/amd64/libverify.so
7eff4fbf6000-7eff4fdf6000 ---p 0000d000 08:02 6955945                    /usr/lib/jvm/java-8-oracle/jre/lib/amd64/libverify.so
7eff4fdf6000-7eff4fdf8000 rw-p 0000d000 08:02 6955945                    /usr/lib/jvm/java-8-oracle/jre/lib/amd64/libverify.so
7eff4fdf8000-7eff4fdff000 r-xp 00000000 08:02 10748118                   /lib/x86_64-linux-gnu/librt-2.23.so
7eff4fdff000-7eff4fffe000 ---p 00007000 08:02 10748118                   /lib/x86_64-linux-gnu/librt-2.23.so
7eff4fffe000-7eff4ffff000 r--p 00006000 08:02 10748118                   /lib/x86_64-linux-gnu/librt-2.23.so
7eff4ffff000-7eff50000000 rw-p 00007000 08:02 10748118                   /lib/x86_64-linux-gnu/librt-2.23.so
7eff50000000-7eff503b2000 rw-p 00000000 00:00 0 
7eff503b2000-7eff54000000 ---p 00000000 00:00 0 
7eff5401a000-7eff54090000 rw-p 00000000 00:00 0 
7eff54090000-7eff54198000 r-xp 00000000 08:02 10748115                   /lib/x86_64-linux-gnu/libm-2.23.so
7eff54198000-7eff54397000 ---p 00108000 08:02 10748115                   /lib/x86_64-linux-gnu/libm-2.23.so
7eff54397000-7eff54398000 r--p 00107000 08:02 10748115                   /lib/x86_64-linux-gnu/libm-2.23.so
7eff54398000-7eff54399000 rw-p 00108000 08:02 10748115                   /lib/x86_64-linux-gnu/libm-2.23.so
7eff54399000-7eff55059000 r-xp 00000000 08:02 6955924                    /usr/lib/jvm/java-8-oracle/jre/lib/amd64/server/libjvm.so
7eff55059000-7eff55259000 ---p 00cc0000 08:02 6955924                    /usr/lib/jvm/java-8-oracle/jre/lib/amd64/server/libjvm.so
7eff55259000-7eff55331000 rw-p 00cc0000 08:02 6955924                    /usr/lib/jvm/java-8-oracle/jre/lib/amd64/server/libjvm.so
7eff55331000-7eff5537c000 rw-p 00000000 00:00 0 
7eff5537c000-7eff5553c000 r-xp 00000000 08:02 10748123                   /lib/x86_64-linux-gnu/libc-2.23.so
7eff5553c000-7eff5573b000 ---p 001c0000 08:02 10748123                   /lib/x86_64-linux-gnu/libc-2.23.so
7eff5573b000-7eff5573f000 r--p 001bf000 08:02 10748123                   /lib/x86_64-linux-gnu/libc-2.23.so
7eff5573f000-7eff55741000 rw-p 001c3000 08:02 10748123                   /lib/x86_64-linux-gnu/libc-2.23.so
7eff55741000-7eff55745000 rw-p 00000000 00:00 0 
7eff55745000-7eff55748000 r-xp 00000000 08:02 10748124                   /lib/x86_64-linux-gnu/libdl-2.23.so
7eff55748000-7eff55947000 ---p 00003000 08:02 10748124                   /lib/x86_64-linux-gnu/libdl-2.23.so
7eff55947000-7eff55948000 r--p 00002000 08:02 10748124                   /lib/x86_64-linux-gnu/libdl-2.23.so
7eff55948000-7eff55949000 rw-p 00003000 08:02 10748124                   /lib/x86_64-linux-gnu/libdl-2.23.so
7eff55949000-7eff5595e000 r-xp 00000000 08:02 6828606                    /usr/lib/jvm/java-8-oracle/lib/amd64/jli/libjli.so
7eff5595e000-7eff55b5e000 ---p 00015000 08:02 6828606                    /usr/lib/jvm/java-8-oracle/lib/amd64/jli/libjli.so
7eff55b5e000-7eff55b5f000 rw-p 00015000 08:02 6828606                    /usr/lib/jvm/java-8-oracle/lib/amd64/jli/libjli.so
7eff55b5f000-7eff55b77000 r-xp 00000000 08:02 10748122                   /lib/x86_64-linux-gnu/libpthread-2.23.so
7eff55b77000-7eff55d76000 ---p 00018000 08:02 10748122                   /lib/x86_64-linux-gnu/libpthread-2.23.so
7eff55d76000-7eff55d77000 r--p 00017000 08:02 10748122                   /lib/x86_64-linux-gnu/libpthread-2.23.so
7eff55d77000-7eff55d78000 rw-p 00018000 08:02 10748122                   /lib/x86_64-linux-gnu/libpthread-2.23.so
7eff55d78000-7eff55d7c000 rw-p 00000000 00:00 0 
7eff55d7c000-7eff55da2000 r-xp 00000000 08:02 10748119                   /lib/x86_64-linux-gnu/ld-2.23.so
7eff55da8000-7eff55e7b000 rw-p 00000000 00:00 0 
7eff55e7b000-7eff55e7e000 ---p 00000000 00:00 0 
7eff55e7e000-7eff55f80000 rw-p 00000000 00:00 0 
7eff55f86000-7eff55f95000 r--s 000dd000 08:02 18481832                   /home/aipxperts/Android/Sdk/build-tools/21.1.2/lib/dx.jar
7eff55f95000-7eff55f9d000 rw-s 00000000 08:02 23468567                   /tmp/hsperfdata_aipxperts/23828
7eff55f9d000-7eff55f9e000 rw-p 00000000 00:00 0 
7eff55f9e000-7eff55f9f000 ---p 00000000 00:00 0 
7eff55f9f000-7eff55fa1000 rw-p 00000000 00:00 0 
7eff55fa1000-7eff55fa2000 r--p 00025000 08:02 10748119                   /lib/x86_64-linux-gnu/ld-2.23.so
7eff55fa2000-7eff55fa3000 rw-p 00026000 08:02 10748119                   /lib/x86_64-linux-gnu/ld-2.23.so
7eff55fa3000-7eff55fa4000 rw-p 00000000 00:00 0 
7fff41528000-7fff41549000 rw-p 00000000 00:00 0                          [stack]
7fff41551000-7fff41553000 r--p 00000000 00:00 0                          [vvar]
7fff41553000-7fff41555000 r-xp 00000000 00:00 0                          [vdso]
ffffffffff600000-ffffffffff601000 r-xp 00000000 00:00 0                  [vsyscall]

VM Arguments:
jvm_args: -Djava.awt.headless=true -Xmx4g -Dfile.encoding=UTF-8 -Duser.country=IN -Duser.language=en -Duser.variant 
java_command: com.android.dx.command.Main --dex --multi-dex --main-dex-list /home/aipxperts/Aipxperts/Aip_Project/ReceiptTrackerApp/DailyEstimation/build/intermediates/multi-dex/release/maindexlist.txt --output /home/aipxperts/Aipxperts/Aip_Project/ReceiptTrackerApp/DailyEstimation/build/intermediates/transforms/dex/release/folders/1000/1f/main /home/aipxperts/Aipxperts/Aip_Project/ReceiptTrackerApp/DailyEstimation/build/intermediates/transforms/jarMerging/release/jars/1/1f/combined.jar
java_class_path (initial): /home/aipxperts/Android/Sdk/build-tools/21.1.2/lib/dx.jar
Launcher Type: SUN_STANDARD

Environment Variables:
JAVA_HOME=/usr/lib/jvm/java-8-oracle
PATH=/usr/local/sbin:/usr/local/bin:/usr/sbin:/usr/bin:/sbin:/bin:/usr/games:/usr/local/games:/snap/bin:/usr/lib/jvm/java-8-oracle/bin:/usr/lib/jvm/java-8-oracle/db/bin:/usr/lib/jvm/java-8-oracle/jre/bin
LD_LIBRARY_PATH=/home/aipxperts/AndroidSDK/android-studio/bin:
SHELL=/bin/bash
DISPLAY=:0

Signal Handlers:
SIGSEGV: [libjvm.so+0xabca10], sa_mask[0]=11111111011111111101111111111110, sa_flags=SA_RESTART|SA_SIGINFO
SIGBUS: [libjvm.so+0xabca10], sa_mask[0]=11111111011111111101111111111110, sa_flags=SA_RESTART|SA_SIGINFO
SIGFPE: [libjvm.so+0x919a20], sa_mask[0]=11111111011111111101111111111110, sa_flags=SA_RESTART|SA_SIGINFO
SIGPIPE: [libjvm.so+0x919a20], sa_mask[0]=11111111011111111101111111111110, sa_flags=SA_RESTART|SA_SIGINFO
SIGXFSZ: [libjvm.so+0x919a20], sa_mask[0]=11111111011111111101111111111110, sa_flags=SA_RESTART|SA_SIGINFO
SIGILL: [libjvm.so+0x919a20], sa_mask[0]=11111111011111111101111111111110, sa_flags=SA_RESTART|SA_SIGINFO
SIGUSR1: SIG_DFL, sa_mask[0]=00000000000000000000000000000000, sa_flags=none
SIGUSR2: [libjvm.so+0x91b050], sa_mask[0]=00100000000000000000000000000000, sa_flags=SA_RESTART|SA_SIGINFO
SIGHUP: [libjvm.so+0x91c450], sa_mask[0]=11111111011111111101111111111110, sa_flags=SA_RESTART|SA_SIGINFO
SIGINT: [libjvm.so+0x91c450], sa_mask[0]=11111111011111111101111111111110, sa_flags=SA_RESTART|SA_SIGINFO
SIGTERM: [libjvm.so+0x91c450], sa_mask[0]=11111111011111111101111111111110, sa_flags=SA_RESTART|SA_SIGINFO
SIGQUIT: [libjvm.so+0x91c450], sa_mask[0]=11111111011111111101111111111110, sa_flags=SA_RESTART|SA_SIGINFO


---------------  S Y S T E M  ---------------

OS:DISTRIB_ID=Ubuntu
DISTRIB_RELEASE=16.04
DISTRIB_CODENAME=xenial
DISTRIB_DESCRIPTION="Ubuntu 16.04 LTS"

uname:Linux 4.4.0-22-generic #40-Ubuntu SMP Thu May 12 22:03:46 UTC 2016 x86_64
libc:glibc 2.23 NPTL 2.23 
rlimit: STACK 8192k, CORE 0k, NPROC 30779, NOFILE 65536, AS infinity
load average:1.37 1.57 1.59

/proc/meminfo:
MemTotal:        8120072 kB
MemFree:         2422920 kB
MemAvailable:    2919976 kB
Buffers:           91764 kB
Cached:           460932 kB
SwapCached:       118736 kB
Active:          3970656 kB
Inactive:        1443928 kB
Active(anon):    3613396 kB
Inactive(anon):  1337296 kB
Active(file):     357260 kB
Inactive(file):   106632 kB
Unevictable:          48 kB
Mlocked:              48 kB
SwapTotal:       8329212 kB
SwapFree:        7520224 kB
Dirty:             25680 kB
Writeback:             0 kB
AnonPages:       4863268 kB
Mapped:           216768 kB
Shmem:             88788 kB
Slab:             120308 kB
SReclaimable:      75608 kB
SUnreclaim:        44700 kB
KernelStack:       11792 kB
PageTables:        55652 kB
NFS_Unstable:          0 kB
Bounce:                0 kB
WritebackTmp:          0 kB
CommitLimit:    12389248 kB
Committed_AS:   11208704 kB
VmallocTotal:   34359738367 kB
VmallocUsed:           0 kB
VmallocChunk:          0 kB
HardwareCorrupted:     0 kB
AnonHugePages:   3186688 kB
CmaTotal:              0 kB
CmaFree:               0 kB
HugePages_Total:       0
HugePages_Free:        0
HugePages_Rsvd:        0
HugePages_Surp:        0
Hugepagesize:       2048 kB
DirectMap4k:      192624 kB
DirectMap2M:     8140800 kB


CPU:total 4 (2 cores per cpu, 2 threads per core) family 6 model 58 stepping 9, cmov, cx8, fxsr, mmx, sse, sse2, sse3, ssse3, sse4.1, sse4.2, popcnt, avx, clmul, erms, ht, tsc, tscinvbit, tscinv

/proc/cpuinfo:
processor	: 0
vendor_id	: GenuineIntel
cpu family	: 6
model		: 58
model name	: Intel(R) Core(TM) i3-3210 CPU @ 3.20GHz
stepping	: 9
microcode	: 0x1c
cpu MHz		: 3200.000
cache size	: 3072 KB
physical id	: 0
siblings	: 4
core id		: 0
cpu cores	: 2
apicid		: 0
initial apicid	: 0
fpu		: yes
fpu_exception	: yes
cpuid level	: 13
wp		: yes
flags		: fpu vme de pse tsc msr pae mce cx8 apic sep mtrr pge mca cmov pat pse36 clflush dts acpi mmx fxsr sse sse2 ss ht tm pbe syscall nx rdtscp lm constant_tsc arch_perfmon pebs bts rep_good nopl xtopology nonstop_tsc aperfmperf eagerfpu pni pclmulqdq dtes64 monitor ds_cpl vmx est tm2 ssse3 cx16 xtpr pdcm pcid sse4_1 sse4_2 popcnt tsc_deadline_timer xsave avx f16c lahf_lm epb tpr_shadow vnmi flexpriority ept vpid fsgsbase smep erms xsaveopt dtherm arat pln pts
bugs		:
bogomips	: 6385.84
clflush size	: 64
cache_alignment	: 64
address sizes	: 36 bits physical, 48 bits virtual
power management:

processor	: 1
vendor_id	: GenuineIntel
cpu family	: 6
model		: 58
model name	: Intel(R) Core(TM) i3-3210 CPU @ 3.20GHz
stepping	: 9
microcode	: 0x1c
cpu MHz		: 3200.000
cache size	: 3072 KB
physical id	: 0
siblings	: 4
core id		: 1
cpu cores	: 2
apicid		: 2
initial apicid	: 2
fpu		: yes
fpu_exception	: yes
cpuid level	: 13
wp		: yes
flags		: fpu vme de pse tsc msr pae mce cx8 apic sep mtrr pge mca cmov pat pse36 clflush dts acpi mmx fxsr sse sse2 ss ht tm pbe syscall nx rdtscp lm constant_tsc arch_perfmon pebs bts rep_good nopl xtopology nonstop_tsc aperfmperf eagerfpu pni pclmulqdq dtes64 monitor ds_cpl vmx est tm2 ssse3 cx16 xtpr pdcm pcid sse4_1 sse4_2 popcnt tsc_deadline_timer xsave avx f16c lahf_lm epb tpr_shadow vnmi flexpriority ept vpid fsgsbase smep erms xsaveopt dtherm arat pln pts
bugs		:
bogomips	: 6385.84
clflush size	: 64
cache_alignment	: 64
address sizes	: 36 bits physical, 48 bits virtual
power management:

processor	: 2
vendor_id	: GenuineIntel
cpu family	: 6
model		: 58
model name	: Intel(R) Core(TM) i3-3210 CPU @ 3.20GHz
stepping	: 9
microcode	: 0x1c
cpu MHz		: 3199.875
cache size	: 3072 KB
physical id	: 0
siblings	: 4
core id		: 0
cpu cores	: 2
apicid		: 1
initial apicid	: 1
fpu		: yes
fpu_exception	: yes
cpuid level	: 13
wp		: yes
flags		: fpu vme de pse tsc msr pae mce cx8 apic sep mtrr pge mca cmov pat pse36 clflush dts acpi mmx fxsr sse sse2 ss ht tm pbe syscall nx rdtscp lm constant_tsc arch_perfmon pebs bts rep_good nopl xtopology nonstop_tsc aperfmperf eagerfpu pni pclmulqdq dtes64 monitor ds_cpl vmx est tm2 ssse3 cx16 xtpr pdcm pcid sse4_1 sse4_2 popcnt tsc_deadline_timer xsave avx f16c lahf_lm epb tpr_shadow vnmi flexpriority ept vpid fsgsbase smep erms xsaveopt dtherm arat pln pts
bugs		:
bogomips	: 6385.84
clflush size	: 64
cache_alignment	: 64
address sizes	: 36 bits physical, 48 bits virtual
power management:

processor	: 3
vendor_id	: GenuineIntel
cpu family	: 6
model		: 58
model name	: Intel(R) Core(TM) i3-3210 CPU @ 3.20GHz
stepping	: 9
microcode	: 0x1c
cpu MHz		: 3200.000
cache size	: 3072 KB
physical id	: 0
siblings	: 4
core id		: 1
cpu cores	: 2
apicid		: 3
initial apicid	: 3
fpu		: yes
fpu_exception	: yes
cpuid level	: 13
wp		: yes
flags		: fpu vme de pse tsc msr pae mce cx8 apic sep mtrr pge mca cmov pat pse36 clflush dts acpi mmx fxsr sse sse2 ss ht tm pbe syscall nx rdtscp lm constant_tsc arch_perfmon pebs bts rep_good nopl xtopology nonstop_tsc aperfmperf eagerfpu pni pclmulqdq dtes64 monitor ds_cpl vmx est tm2 ssse3 cx16 xtpr pdcm pcid sse4_1 sse4_2 popcnt tsc_deadline_timer xsave avx f16c lahf_lm epb tpr_shadow vnmi flexpriority ept vpid fsgsbase smep erms xsaveopt dtherm arat pln pts
bugs		:
bogomips	: 6385.84
clflush size	: 64
cache_alignment	: 64
address sizes	: 36 bits physical, 48 bits virtual
power management:



Memory: 4k page, physical 8120072k(2422920k free), swap 8329212k(7520224k free)

vm_info: Java HotSpot(TM) 64-Bit Server VM (25.91-b14) for linux-amd64 JRE (1.8.0_91-b14), built on Apr  1 2016 00:57:21 by "java_re" with gcc 4.3.0 20080428 (Red Hat 4.3.0-8)

time: Wed Sep 14 18:16:52 2016
elapsed time: 4 seconds (0d 0h 0m 4s)

