#
# A fatal error has been detected by the Java Runtime Environment:
#
#  SIGSEGV (0xb) at pc=0x00007fb07baf3385, pid=16807, tid=140395155105536
#
# JRE version: Java(TM) SE Runtime Environment (8.0_91-b14) (build 1.8.0_91-b14)
# Java VM: Java HotSpot(TM) 64-Bit Server VM (25.91-b14 mixed mode linux-amd64 compressed oops)
# Problematic frame:
# V  [libjvm.so+0xa27385]  StringTable::unlink_or_oops_do(BoolObjectClosure*, OopClosure*, int*, int*)+0x95
#
# Failed to write core dump. Core dumps have been disabled. To enable core dumping, try "ulimit -c unlimited" before starting Java again
#
# If you would like to submit a bug report, please visit:
#   http://bugreport.java.com/bugreport/crash.jsp
#

---------------  T H R E A D  ---------------

Current thread (0x00007fb074078000):  VMThread [stack: 0x00007fb04b492000,0x00007fb04b593000] [id=16817]

siginfo: si_signo: 11 (SIGSEGV), si_code: 128 (SI_KERNEL), si_addr: 0x0000000000000000

Registers:
RAX=0x00007fb07c0267c0, RBX=0x0000800000000000, RCX=0x00000006caaf1bb8, RDX=0x00000006caaf1bbb
RSP=0x00007fb04b591540, RBP=0x00007fb04b591580, RSI=0x000000076ab00000, RDI=0x00007fb074075740
R8 =0x00000002c23c91ba, R9 =0x00000008cea020f0, R10=0x0000000000000001, R11=0x00007fb07bc2fa9d
R12=0x00007fb0742a67c0, R13=0x00007fb04b59195c, R14=0x00007fb07c083090, R15=0x00007fb04b591958
RIP=0x00007fb07baf3385, EFLAGS=0x0000000000010206, CSGSFS=0x0000000000000033, ERR=0x0000000000000000
  TRAPNO=0x000000000000000d

Top of Stack: (sp=0x00007fb04b591540)
0x00007fb04b591540:   0000000000075368 00007fb04b5918b0
0x00007fb04b591550:   0000000000007dd0 00007fb0387cb3a0
0x00007fb04b591560:   0000000000000004 00007fb074026f20
0x00007fb04b591570:   0000000000000004 00007fb074017840
0x00007fb04b591580:   00007fb04b591990 00007fb07ba54558
0x00007fb04b591590:   00007fb07c082f00 000000060000000b
0x00007fb04b5915a0:   0000000600000001 0000000700000001
0x00007fb04b5915b0:   00007fb04b591630 00007fb04b591800
0x00007fb04b5915c0:   00007fb04b591920 00007fb04b591910
0x00007fb04b5915d0:   00007fb04b5917c0 00007fb07c081790
0x00007fb04b5915e0:   00007fb04b5918b0 00007fb04b591780
0x00007fb04b5915f0:   00007fb04b591860 00007fb04b591830
0x00007fb04b591600:   00007fb07c073ad9 00007fb00000000d
0x00007fb04b591610:   00007fb074017ce0 00007fb074017d70
0x00007fb04b591620:   00007fb07401c830 0000000025cc9950
0x00007fb04b591630:   000000001bcf0998 00000006c9fd8fb8
0x00007fb04b591640:   00007fb074075740 00007fb07c082cc0
0x00007fb04b591650:   00007fb074026ef0 00007fb074026f00
0x00007fb04b591660:   00007fb0740272d8 00007fb074077550
0x00007fb04b591670:   00000000000003d8 00000000013fb1f7
0x00007fb04b591680:   0000000000000000 0000000000000000
0x00007fb04b591690:   0000000000000556 0000000000000000
0x00007fb04b5916a0:   00000002b93af0d6 00000008b1dec560
0x00007fb04b5916b0:   6f6c6c4128204347 46206e6f69746163
0x00007fb04b5916c0:   20296572756c6961 00007fb04b591900
0x00007fb04b5916d0:   00007fb07ccac968 00007fb074017a30
0x00007fb04b5916e0:   0000001600000000 00007fb074017ce0
0x00007fb04b5916f0:   00007fb074017d70 00007fb07401c830
0x00007fb04b591700:   00007fb074074f20 00000000012f0998
0x00007fb04b591710:   0000000000000000 00007fb074026ef0
0x00007fb04b591720:   00007fb074026f00 00007fb0740272d8
0x00007fb04b591730:   0000000000000018 00000000013fb1f7 

Instructions: (pc=0x00007fb07baf3385)
0x00007fb07baf3365:   8d 63 08 48 8d 73 10 48 8b 02 48 89 d7 ff 10 41
0x00007fb07baf3375:   83 45 00 01 49 8b 1c 24 48 85 db 74 45 49 8b 06
0x00007fb07baf3385:   48 8b 73 10 4c 89 f7 ff 10 84 c0 75 ce 48 8b 43
0x00007fb07baf3395:   08 48 83 e0 fe 49 89 04 24 48 8b 05 ab 07 59 00 

Register to memory mapping:

RAX=0x00007fb07c0267c0: <offset 0xf5a7c0> in /usr/lib/jvm/java-8-oracle/jre/lib/amd64/server/libjvm.so at 0x00007fb07b0cc000
RBX=0x0000800000000000 is an unknown value
RCX=0x00000006caaf1bb8 is an oop
java.lang.String 
 - klass: 'java/lang/String'
RDX=0x00000006caaf1bbb is pointing into object: 0x00000006caaf1bb8
java.lang.String 
 - klass: 'java/lang/String'
RSP=0x00007fb04b591540 is an unknown value
RBP=0x00007fb04b591580 is an unknown value
RSI=0x000000076ab00000 is an oop
com.android.dx.util.BitIntSet$1 
 - klass: 'com/android/dx/util/BitIntSet$1'
RDI=0x00007fb074075740 is an unknown value
R8 =0x00000002c23c91ba is an unknown value
R9 =0x00000008cea020f0 is an unknown value
R10=0x0000000000000001 is an unknown value
R11=0x00007fb07bc2fa9d: <offset 0xb63a9d> in /usr/lib/jvm/java-8-oracle/jre/lib/amd64/server/libjvm.so at 0x00007fb07b0cc000
R12=0x00007fb0742a67c0 is an unknown value
R13=0x00007fb04b59195c is an unknown value
R14=0x00007fb07c083090: <offset 0xfb7090> in /usr/lib/jvm/java-8-oracle/jre/lib/amd64/server/libjvm.so at 0x00007fb07b0cc000
R15=0x00007fb04b591958 is an unknown value


Stack: [0x00007fb04b492000,0x00007fb04b593000],  sp=0x00007fb04b591540,  free space=1021k
Native frames: (J=compiled Java code, j=interpreted, Vv=VM code, C=native code)
V  [libjvm.so+0xa27385]  StringTable::unlink_or_oops_do(BoolObjectClosure*, OopClosure*, int*, int*)+0x95
V  [libjvm.so+0x988558]  PSScavenge::invoke_no_policy()+0xc28
V  [libjvm.so+0x988ff1]  PSScavenge::invoke()+0x41
V  [libjvm.so+0x9408b0]  ParallelScavengeHeap::failed_mem_allocate(unsigned long)+0x70
V  [libjvm.so+0xabdba7]  VM_ParallelGCFailedAllocation::doit()+0x97
V  [libjvm.so+0xac55d5]  VM_Operation::evaluate()+0x55
V  [libjvm.so+0xac39aa]  VMThread::evaluate_operation(VM_Operation*)+0xba
V  [libjvm.so+0xac3d2e]  VMThread::loop()+0x1ce
V  [libjvm.so+0xac41a0]  VMThread::run()+0x70
V  [libjvm.so+0x91ef78]  java_start(Thread*)+0x108

VM_Operation (0x00007fb07ccacae0): ParallelGCFailedAllocation, mode: safepoint, requested by thread 0x00007fb07400a000


---------------  P R O C E S S  ---------------

Java Threads: ( => current thread )
  0x00007fb0740d2000 JavaThread "Service Thread" daemon [_thread_blocked, id=16824, stack(0x00007fb04aab3000,0x00007fb04abb4000)]
  0x00007fb0740bd000 JavaThread "C1 CompilerThread2" daemon [_thread_blocked, id=16823, stack(0x00007fb04abb4000,0x00007fb04acb5000)]
  0x00007fb0740bb800 JavaThread "C2 CompilerThread1" daemon [_thread_blocked, id=16822, stack(0x00007fb04acb5000,0x00007fb04adb6000)]
  0x00007fb0740b8800 JavaThread "C2 CompilerThread0" daemon [_thread_blocked, id=16821, stack(0x00007fb04adb6000,0x00007fb04aeb7000)]
  0x00007fb0740b7000 JavaThread "Signal Dispatcher" daemon [_thread_blocked, id=16820, stack(0x00007fb04aeb7000,0x00007fb04afb8000)]
  0x00007fb074084000 JavaThread "Finalizer" daemon [_thread_blocked, id=16819, stack(0x00007fb04b290000,0x00007fb04b391000)]
  0x00007fb07407f800 JavaThread "Reference Handler" daemon [_thread_blocked, id=16818, stack(0x00007fb04b391000,0x00007fb04b492000)]
  0x00007fb07400a000 JavaThread "main" [_thread_blocked, id=16812, stack(0x00007fb07cbae000,0x00007fb07ccaf000)]

Other Threads:
=>0x00007fb074078000 VMThread [stack: 0x00007fb04b492000,0x00007fb04b593000] [id=16817]
  0x00007fb0740dd000 WatcherThread [stack: 0x00007fb04a9b2000,0x00007fb04aab3000] [id=16825]

VM state:at safepoint (normal execution)

VM Mutex/Monitor currently owned by a thread:  ([mutex/lock_event])
[0x00007fb074006610] Threads_lock - owner thread: 0x00007fb074078000
[0x00007fb074006b10] Heap_lock - owner thread: 0x00007fb07400a000

Heap:
 PSYoungGen      total 495104K, used 455618K [0x000000076ab00000, 0x000000078fc00000, 0x00000007c0000000)
  eden space 436224K, 100% used [0x000000076ab00000,0x0000000785500000,0x0000000785500000)
  from space 58880K, 32% used [0x0000000788000000,0x00000007892f0998,0x000000078b980000)
  to   space 68096K, 99% used [0x000000078b980000,0x000000078fbffcf8,0x000000078fc00000)
 ParOldGen       total 287232K, used 183839K [0x00000006c0000000, 0x00000006d1880000, 0x000000076ab00000)
  object space 287232K, 64% used [0x00000006c0000000,0x00000006cb387f20,0x00000006d1880000)
 Metaspace       used 6189K, capacity 7216K, committed 7296K, reserved 1056768K
  class space    used 579K, capacity 616K, committed 640K, reserved 1048576K

Card table byte_map: [0x00007fb079164000,0x00007fb079965000] byte_map_base: 0x00007fb075b64000

Marking Bits: (ParMarkBitMap*) 0x00007fb07c082d60
 Begin Bits: [0x00007fb04c000000, 0x00007fb050000000)
 End Bits:   [0x00007fb050000000, 0x00007fb054000000)

Polling page: 0x00007fb07ccd1000

CodeCache: size=245760Kb used=10451Kb max_used=11392Kb free=235308Kb
 bounds [0x00007fb065000000, 0x00007fb065b50000, 0x00007fb074000000]
 total_blobs=2231 nmethods=1966 adapters=178
 compilation: enabled

Compilation events (10 events):
Event: 11.639 Thread 0x00007fb0740bd000 2342       3       com.android.dx.ssa.LocalVariableExtractor::processBlock (383 bytes)
Event: 11.645 Thread 0x00007fb0740bd000 nmethod 2342 0x00007fb065b3ecd0 code [0x00007fb065b3f1c0, 0x00007fb065b42998]
Event: 11.651 Thread 0x00007fb0740bd000 2343       2       com.android.dx.rop.code.LocalVariableExtractor::processBlock (327 bytes)
Event: 11.654 Thread 0x00007fb0740bd000 nmethod 2343 0x00007fb065b45490 code [0x00007fb065b457a0, 0x00007fb065b46758]
Event: 11.656 Thread 0x00007fb0740bb800 nmethod 2276 0x00007fb065b48190 code [0x00007fb065b48540, 0x00007fb065b4b4d8]
Event: 11.656 Thread 0x00007fb0740bb800 2277       4       com.android.dx.util.LabeledList::<init> (57 bytes)
Event: 11.673 Thread 0x00007fb0740bd000 2344       2       com.android.dx.rop.code.LocalItem::compareTo (32 bytes)
Event: 11.673 Thread 0x00007fb0740bd000 nmethod 2344 0x00007fb0651a18d0 code [0x00007fb0651a1a40, 0x00007fb0651a1cd8]
Event: 11.674 Thread 0x00007fb0740bb800 nmethod 2277 0x00007fb0651eff50 code [0x00007fb0651f0100, 0x00007fb0651f0ad8]
Event: 11.675 Thread 0x00007fb0740bb800 2290       4       com.android.dx.ssa.SsaMethod::convertRopToSsaBlocks (103 bytes)

GC Heap History (10 events):
Event: 5.335 GC heap after
Heap after GC invocations=7 (full 0):
 PSYoungGen      total 279552K, used 29159K [0x000000076ab00000, 0x000000078f300000, 0x00000007c0000000)
  eden space 250368K, 0% used [0x000000076ab00000,0x000000076ab00000,0x0000000779f80000)
  from space 29184K, 99% used [0x0000000779f80000,0x000000077bbf9ed8,0x000000077bc00000)
  to   space 48640K, 0% used [0x000000078c380000,0x000000078c380000,0x000000078f300000)
 ParOldGen       total 84992K, used 75714K [0x00000006c0000000, 0x00000006c5300000, 0x000000076ab00000)
  object space 84992K, 89% used [0x00000006c0000000,0x00000006c49f09a0,0x00000006c5300000)
 Metaspace       used 6130K, capacity 7216K, committed 7296K, reserved 1056768K
  class space    used 577K, capacity 616K, committed 640K, reserved 1048576K
}
Event: 5.335 GC heap before
{Heap before GC invocations=8 (full 1):
 PSYoungGen      total 279552K, used 29159K [0x000000076ab00000, 0x000000078f300000, 0x00000007c0000000)
  eden space 250368K, 0% used [0x000000076ab00000,0x000000076ab00000,0x0000000779f80000)
  from space 29184K, 99% used [0x0000000779f80000,0x000000077bbf9ed8,0x000000077bc00000)
  to   space 48640K, 0% used [0x000000078c380000,0x000000078c380000,0x000000078f300000)
 ParOldGen       total 84992K, used 75714K [0x00000006c0000000, 0x00000006c5300000, 0x000000076ab00000)
  object space 84992K, 89% used [0x00000006c0000000,0x00000006c49f09a0,0x00000006c5300000)
 Metaspace       used 6130K, capacity 7216K, committed 7296K, reserved 1056768K
  class space    used 577K, capacity 616K, committed 640K, reserved 1048576K
Event: 5.851 GC heap after
Heap after GC invocations=8 (full 1):
 PSYoungGen      total 279552K, used 16285K [0x000000076ab00000, 0x000000078f300000, 0x00000007c0000000)
  eden space 250368K, 0% used [0x000000076ab00000,0x000000076ab00000,0x0000000779f80000)
  from space 29184K, 55% used [0x0000000779f80000,0x000000077af675f8,0x000000077bc00000)
  to   space 48640K, 0% used [0x000000078c380000,0x000000078c380000,0x000000078f300000)
 ParOldGen       total 163840K, used 84580K [0x00000006c0000000, 0x00000006ca000000, 0x000000076ab00000)
  object space 163840K, 51% used [0x00000006c0000000,0x00000006c5299070,0x00000006ca000000)
 Metaspace       used 6130K, capacity 7216K, committed 7296K, reserved 1056768K
  class space    used 577K, capacity 616K, committed 640K, reserved 1048576K
}
Event: 7.134 GC heap before
{Heap before GC invocations=9 (full 1):
 PSYoungGen      total 279552K, used 266653K [0x000000076ab00000, 0x000000078f300000, 0x00000007c0000000)
  eden space 250368K, 100% used [0x000000076ab00000,0x0000000779f80000,0x0000000779f80000)
  from space 29184K, 55% used [0x0000000779f80000,0x000000077af675f8,0x000000077bc00000)
  to   space 48640K, 0% used [0x000000078c380000,0x000000078c380000,0x000000078f300000)
 ParOldGen       total 163840K, used 84580K [0x00000006c0000000, 0x00000006ca000000, 0x000000076ab00000)
  object space 163840K, 51% used [0x00000006c0000000,0x00000006c5299070,0x00000006ca000000)
 Metaspace       used 6156K, capacity 7216K, committed 7296K, reserved 1056768K
  class space    used 577K, capacity 616K, committed 640K, reserved 1048576K
Event: 7.233 GC heap after
Heap after GC invocations=9 (full 1):
 PSYoungGen      total 396800K, used 48638K [0x000000076ab00000, 0x000000078f300000, 0x00000007c0000000)
  eden space 348160K, 0% used [0x000000076ab00000,0x000000076ab00000,0x000000077ff00000)
  from space 48640K, 99% used [0x000000078c380000,0x000000078f2ffa40,0x000000078f300000)
  to   space 58880K, 0% used [0x0000000788000000,0x0000000788000000,0x000000078b980000)
 ParOldGen       total 163840K, used 89018K [0x00000006c0000000, 0x00000006ca000000, 0x000000076ab00000)
  object space 163840K, 54% used [0x00000006c0000000,0x00000006c56eebd8,0x00000006ca000000)
 Metaspace       used 6156K, capacity 7216K, committed 7296K, reserved 1056768K
  class space    used 577K, capacity 616K, committed 640K, reserved 1048576K
}
Event: 8.785 GC heap before
{Heap before GC invocations=10 (full 1):
 PSYoungGen      total 396800K, used 396798K [0x000000076ab00000, 0x000000078f300000, 0x00000007c0000000)
  eden space 348160K, 100% used [0x000000076ab00000,0x000000077ff00000,0x000000077ff00000)
  from space 48640K, 99% used [0x000000078c380000,0x000000078f2ffa40,0x000000078f300000)
  to   space 58880K, 0% used [0x0000000788000000,0x0000000788000000,0x000000078b980000)
 ParOldGen       total 163840K, used 89018K [0x00000006c0000000, 0x00000006ca000000, 0x000000076ab00000)
  object space 163840K, 54% used [0x00000006c0000000,0x00000006c56eebd8,0x00000006ca000000)
 Metaspace       used 6176K, capacity 7216K, committed 7296K, reserved 1056768K
  class space    used 579K, capacity 616K, committed 640K, reserved 1048576K
Event: 8.933 GC heap after
Heap after GC invocations=10 (full 1):
 PSYoungGen      total 495104K, used 58872K [0x000000076ab00000, 0x000000078fc00000, 0x00000007c0000000)
  eden space 436224K, 0% used [0x000000076ab00000,0x000000076ab00000,0x0000000785500000)
  from space 58880K, 99% used [0x0000000788000000,0x000000078b97e328,0x000000078b980000)
  to   space 68096K, 0% used [0x000000078b980000,0x000000078b980000,0x000000078fc00000)
 ParOldGen       total 163840K, used 130047K [0x00000006c0000000, 0x00000006ca000000, 0x000000076ab00000)
  object space 163840K, 79% used [0x00000006c0000000,0x00000006c7effed0,0x00000006ca000000)
 Metaspace       used 6176K, capacity 7216K, committed 7296K, reserved 1056768K
  class space    used 579K, capacity 616K, committed 640K, reserved 1048576K
}
Event: 8.933 GC heap before
{Heap before GC invocations=11 (full 2):
 PSYoungGen      total 495104K, used 58872K [0x000000076ab00000, 0x000000078fc00000, 0x00000007c0000000)
  eden space 436224K, 0% used [0x000000076ab00000,0x000000076ab00000,0x0000000785500000)
  from space 58880K, 99% used [0x0000000788000000,0x000000078b97e328,0x000000078b980000)
  to   space 68096K, 0% used [0x000000078b980000,0x000000078b980000,0x000000078fc00000)
 ParOldGen       total 163840K, used 130047K [0x00000006c0000000, 0x00000006ca000000, 0x000000076ab00000)
  object space 163840K, 79% used [0x00000006c0000000,0x00000006c7effed0,0x00000006ca000000)
 Metaspace       used 6176K, capacity 7216K, committed 7296K, reserved 1056768K
  class space    used 579K, capacity 616K, committed 640K, reserved 1048576K
Event: 9.589 GC heap after
Heap after GC invocations=11 (full 2):
 PSYoungGen      total 495104K, used 19394K [0x000000076ab00000, 0x000000078fc00000, 0x00000007c0000000)
  eden space 436224K, 0% used [0x000000076ab00000,0x000000076ab00000,0x0000000785500000)
  from space 58880K, 32% used [0x0000000788000000,0x00000007892f0998,0x000000078b980000)
  to   space 68096K, 0% used [0x000000078b980000,0x000000078b980000,0x000000078fc00000)
 ParOldGen       total 287232K, used 163683K [0x00000006c0000000, 0x00000006d1880000, 0x000000076ab00000)
  object space 287232K, 56% used [0x00000006c0000000,0x00000006c9fd8fb8,0x00000006d1880000)
 Metaspace       used 6176K, capacity 7216K, committed 7296K, reserved 1056768K
  class space    used 579K, capacity 616K, committed 640K, reserved 1048576K
}
Event: 11.698 GC heap before
{Heap before GC invocations=12 (full 2):
 PSYoungGen      total 495104K, used 455618K [0x000000076ab00000, 0x000000078fc00000, 0x00000007c0000000)
  eden space 436224K, 100% used [0x000000076ab00000,0x0000000785500000,0x0000000785500000)
  from space 58880K, 32% used [0x0000000788000000,0x00000007892f0998,0x000000078b980000)
  to   space 68096K, 0% used [0x000000078b980000,0x000000078b980000,0x000000078fc00000)
 ParOldGen       total 287232K, used 163683K [0x00000006c0000000, 0x00000006d1880000, 0x000000076ab00000)
  object space 287232K, 56% used [0x00000006c0000000,0x00000006c9fd8fb8,0x00000006d1880000)
 Metaspace       used 6189K, capacity 7216K, committed 7296K, reserved 1056768K
  class space    used 579K, capacity 616K, committed 640K, reserved 1048576K

Deoptimization events (10 events):
Event: 9.752 Thread 0x00007fb07400a000 Uncommon trap: reason=bimorphic action=maybe_recompile pc=0x00007fb065897b2c method=com.android.dx.ssa.back.FirstFitLocalCombiningAllocator.findNextUnreservedRopReg(IILcom/android/dx/ssa/back/FirstFitLocalCombiningAllocator$Alignment;)I @ 60
Event: 9.752 Thread 0x00007fb07400a000 Uncommon trap: reason=bimorphic action=maybe_recompile pc=0x00007fb065897b2c method=com.android.dx.ssa.back.FirstFitLocalCombiningAllocator.findNextUnreservedRopReg(IILcom/android/dx/ssa/back/FirstFitLocalCombiningAllocator$Alignment;)I @ 60
Event: 9.760 Thread 0x00007fb07400a000 Uncommon trap: reason=unstable_if action=reinterpret pc=0x00007fb065876a8c method=com.android.dx.cf.code.Ropper.processBlock(Lcom/android/dx/cf/code/ByteBlock;Lcom/android/dx/cf/code/Frame;[I)V @ 651
Event: 10.171 Thread 0x00007fb07400a000 Uncommon trap: reason=bimorphic action=maybe_recompile pc=0x00007fb065897b2c method=com.android.dx.ssa.back.FirstFitLocalCombiningAllocator.findNextUnreservedRopReg(IILcom/android/dx/ssa/back/FirstFitLocalCombiningAllocator$Alignment;)I @ 60
Event: 10.450 Thread 0x00007fb07400a000 Uncommon trap: reason=unstable_if action=reinterpret pc=0x00007fb0657a1f28 method=java.util.HashMap.putVal(ILjava/lang/Object;Ljava/lang/Object;ZZ)Ljava/lang/Object; @ 109
Event: 11.422 Thread 0x00007fb07400a000 Uncommon trap: reason=unstable_if action=reinterpret pc=0x00007fb0653817f8 method=com.android.dx.rop.code.RegisterSpec.equals(ILcom/android/dx/rop/type/TypeBearer;Lcom/android/dx/rop/code/LocalItem;)Z @ 42
Event: 11.513 Thread 0x00007fb07400a000 Uncommon trap: reason=unstable_if action=reinterpret pc=0x00007fb0658a00b8 method=java.util.HashMap.putVal(ILjava/lang/Object;Ljava/lang/Object;ZZ)Ljava/lang/Object; @ 109
Event: 11.630 Thread 0x00007fb07400a000 Uncommon trap: reason=unstable_if action=reinterpret pc=0x00007fb0657002b4 method=com.android.dx.rop.code.LocalItem.compareHandlesNulls(Lcom/android/dx/rop/cst/CstString;Lcom/android/dx/rop/cst/CstString;)I @ 8
Event: 11.630 Thread 0x00007fb07400a000 Uncommon trap: reason=unstable_if action=reinterpret pc=0x00007fb0654ce82c method=com.android.dx.rop.code.LocalItem.compareHandlesNulls(Lcom/android/dx/rop/cst/CstString;Lcom/android/dx/rop/cst/CstString;)I @ 14
Event: 11.631 Thread 0x00007fb07400a000 Uncommon trap: reason=unstable_if action=reinterpret pc=0x00007fb0657596c0 method=com.android.dx.rop.code.LocalItem.compareHandlesNulls(Lcom/android/dx/rop/cst/CstString;Lcom/android/dx/rop/cst/CstString;)I @ 8

Internal exceptions (9 events):
Event: 0.019 Thread 0x00007fb07400a000 Exception <a 'java/lang/NoSuchMethodError': Method sun.misc.Unsafe.defineClass(Ljava/lang/String;[BII)Ljava/lang/Class; name or signature does not match> (0x000000076ab07cc0) thrown at [/HUDSON/workspace/8-2-build-linux-amd64/jdk8u91/6644/hotspot/src/shar
Event: 0.019 Thread 0x00007fb07400a000 Exception <a 'java/lang/NoSuchMethodError': Method sun.misc.Unsafe.prefetchRead(Ljava/lang/Object;J)V name or signature does not match> (0x000000076ab07fa8) thrown at [/HUDSON/workspace/8-2-build-linux-amd64/jdk8u91/6644/hotspot/src/share/vm/prims/jni.cpp
Event: 2.320 Thread 0x00007fb07400a000 Exception <a 'java/lang/ArrayIndexOutOfBoundsException': 18> (0x000000076de55f90) thrown at [/HUDSON/workspace/8-2-build-linux-amd64/jdk8u91/6644/hotspot/src/share/vm/interpreter/interpreterRuntime.cpp, line 366]
Event: 2.321 Thread 0x00007fb07400a000 Exception <a 'java/lang/ArrayIndexOutOfBoundsException'> (0x000000076de57b10) thrown at [/HUDSON/workspace/8-2-build-linux-amd64/jdk8u91/6644/hotspot/src/share/vm/runtime/sharedRuntime.cpp, line 605]
Event: 2.327 Thread 0x00007fb07400a000 Exception <a 'java/lang/ArrayIndexOutOfBoundsException'> (0x000000076de58df8) thrown at [/HUDSON/workspace/8-2-build-linux-amd64/jdk8u91/6644/hotspot/src/share/vm/runtime/sharedRuntime.cpp, line 605]
Event: 8.191 Thread 0x00007fb07400a000 Implicit null exception at 0x00007fb065546733 to 0x00007fb065547ee9
Event: 11.630 Thread 0x00007fb07400a000 Implicit null exception at 0x00007fb0656fd622 to 0x00007fb065700269
Event: 11.630 Thread 0x00007fb07400a000 Implicit null exception at 0x00007fb0654ce59c to 0x00007fb0654ce819
Event: 11.631 Thread 0x00007fb07400a000 Implicit null exception at 0x00007fb065756bce to 0x00007fb06575968d

Events (10 events):
Event: 11.674 Thread 0x00007fb0740bb800 flushing nmethod 0x00007fb065308ad0
Event: 11.674 Thread 0x00007fb0740bb800 flushing nmethod 0x00007fb06530a190
Event: 11.675 Thread 0x00007fb0740bb800 flushing nmethod 0x00007fb065317bd0
Event: 11.675 Thread 0x00007fb0740bb800 flushing nmethod 0x00007fb065319e50
Event: 11.675 Thread 0x00007fb0740bb800 flushing nmethod 0x00007fb06531d790
Event: 11.675 Thread 0x00007fb0740bb800 flushing nmethod 0x00007fb065323ad0
Event: 11.675 Thread 0x00007fb0740bb800 flushing nmethod 0x00007fb065326090
Event: 11.675 Thread 0x00007fb0740bb800 flushing nmethod 0x00007fb065328410
Event: 11.675 Thread 0x00007fb0740bb800 flushing nmethod 0x00007fb06532abd0
Event: 11.698 Executing VM operation: ParallelGCFailedAllocation


Dynamic libraries:
00400000-00401000 r-xp 00000000 08:02 6826504                            /usr/lib/jvm/java-8-oracle/bin/java
00600000-00601000 rw-p 00000000 08:02 6826504                            /usr/lib/jvm/java-8-oracle/bin/java
0091b000-0093c000 rw-p 00000000 00:00 0                                  [heap]
6c0000000-6d1880000 rw-p 00000000 00:00 0 
6d1880000-76ab00000 ---p 00000000 00:00 0 
76ab00000-78fc00000 rw-p 00000000 00:00 0 
78fc00000-7c0000000 ---p 00000000 00:00 0 
7c0000000-7c00a0000 rw-p 00000000 00:00 0 
7c00a0000-800000000 ---p 00000000 00:00 0 
7fb024000000-7fb024021000 rw-p 00000000 00:00 0 
7fb024021000-7fb028000000 ---p 00000000 00:00 0 
7fb028000000-7fb028021000 rw-p 00000000 00:00 0 
7fb028021000-7fb02c000000 ---p 00000000 00:00 0 
7fb02c000000-7fb02d8a2000 rw-p 00000000 00:00 0 
7fb02d8a2000-7fb030000000 ---p 00000000 00:00 0 
7fb030000000-7fb030c01000 rw-p 00000000 00:00 0 
7fb030c01000-7fb034000000 ---p 00000000 00:00 0 
7fb034000000-7fb034021000 rw-p 00000000 00:00 0 
7fb034021000-7fb038000000 ---p 00000000 00:00 0 
7fb038000000-7fb03971a000 rw-p 00000000 00:00 0 
7fb03971a000-7fb03c000000 ---p 00000000 00:00 0 
7fb03c000000-7fb03c021000 rw-p 00000000 00:00 0 
7fb03c021000-7fb040000000 ---p 00000000 00:00 0 
7fb040000000-7fb040021000 rw-p 00000000 00:00 0 
7fb040021000-7fb044000000 ---p 00000000 00:00 0 
7fb044000000-7fb04428d000 rw-p 00000000 00:00 0 
7fb04428d000-7fb048000000 ---p 00000000 00:00 0 
7fb04a90b000-7fb04a9b2000 r--s 008bb000 08:02 27920261                   /home/aipxperts/Aipxperts/Aip_Project/ReceiptTrackerApp/DailyEstimation/build/intermediates/transforms/jarMerging/release/jars/1/1f/combined.jar
7fb04a9b2000-7fb04a9b3000 ---p 00000000 00:00 0 
7fb04a9b3000-7fb04aab3000 rw-p 00000000 00:00 0 
7fb04aab3000-7fb04aab6000 ---p 00000000 00:00 0 
7fb04aab6000-7fb04abb4000 rw-p 00000000 00:00 0 
7fb04abb4000-7fb04abb7000 ---p 00000000 00:00 0 
7fb04abb7000-7fb04acb5000 rw-p 00000000 00:00 0 
7fb04acb5000-7fb04acb8000 ---p 00000000 00:00 0 
7fb04acb8000-7fb04adb6000 rw-p 00000000 00:00 0 
7fb04adb6000-7fb04adb9000 ---p 00000000 00:00 0 
7fb04adb9000-7fb04aeb7000 rw-p 00000000 00:00 0 
7fb04aeb7000-7fb04aeba000 ---p 00000000 00:00 0 
7fb04aeba000-7fb04afb8000 rw-p 00000000 00:00 0 
7fb04afb8000-7fb04b290000 r--p 00000000 08:02 6817184                    /usr/lib/locale/locale-archive
7fb04b290000-7fb04b293000 ---p 00000000 00:00 0 
7fb04b293000-7fb04b391000 rw-p 00000000 00:00 0 
7fb04b391000-7fb04b394000 ---p 00000000 00:00 0 
7fb04b394000-7fb04b492000 rw-p 00000000 00:00 0 
7fb04b492000-7fb04b493000 ---p 00000000 00:00 0 
7fb04b493000-7fb054000000 rw-p 00000000 00:00 0 
7fb054000000-7fb054021000 rw-p 00000000 00:00 0 
7fb054021000-7fb058000000 ---p 00000000 00:00 0 
7fb058000000-7fb058021000 rw-p 00000000 00:00 0 
7fb058021000-7fb05c000000 ---p 00000000 00:00 0 
7fb05c000000-7fb05c021000 rw-p 00000000 00:00 0 
7fb05c021000-7fb060000000 ---p 00000000 00:00 0 
7fb060000000-7fb060021000 rw-p 00000000 00:00 0 
7fb060021000-7fb064000000 ---p 00000000 00:00 0 
7fb06401b000-7fb0645b1000 rw-p 00000000 00:00 0 
7fb0645b1000-7fb06478a000 r--s 03d1f000 08:02 6955744                    /usr/lib/jvm/java-8-oracle/jre/lib/rt.jar
7fb06478a000-7fb064e80000 rw-p 00000000 00:00 0 
7fb064e80000-7fb065000000 ---p 00000000 00:00 0 
7fb065000000-7fb065b50000 rwxp 00000000 00:00 0 
7fb065b50000-7fb074000000 ---p 00000000 00:00 0 
7fb074000000-7fb0743aa000 rw-p 00000000 00:00 0 
7fb0743aa000-7fb078000000 ---p 00000000 00:00 0 
7fb07800a000-7fb07880a000 rw-p 00000000 00:00 0 
7fb07880a000-7fb07880b000 ---p 00000000 00:00 0 
7fb07880b000-7fb07890b000 rw-p 00000000 00:00 0 
7fb07890b000-7fb07890c000 ---p 00000000 00:00 0 
7fb07890c000-7fb078a0c000 rw-p 00000000 00:00 0 
7fb078a0c000-7fb078a0d000 ---p 00000000 00:00 0 
7fb078a0d000-7fb078b0d000 rw-p 00000000 00:00 0 
7fb078b0d000-7fb078b0e000 ---p 00000000 00:00 0 
7fb078b0e000-7fb078c9b000 rw-p 00000000 00:00 0 
7fb078c9b000-7fb079164000 ---p 00000000 00:00 0 
7fb079164000-7fb0791f1000 rw-p 00000000 00:00 0 
7fb0791f1000-7fb0796b9000 ---p 00000000 00:00 0 
7fb0796b9000-7fb0797e2000 rw-p 00000000 00:00 0 
7fb0797e2000-7fb079964000 ---p 00000000 00:00 0 
7fb079964000-7fb079993000 rw-p 00000000 00:00 0 
7fb079993000-7fb079d25000 ---p 00000000 00:00 0 
7fb079d25000-7fb079d3f000 r-xp 00000000 08:02 6955946                    /usr/lib/jvm/java-8-oracle/jre/lib/amd64/libzip.so
7fb079d3f000-7fb079f3f000 ---p 0001a000 08:02 6955946                    /usr/lib/jvm/java-8-oracle/jre/lib/amd64/libzip.so
7fb079f3f000-7fb079f40000 rw-p 0001a000 08:02 6955946                    /usr/lib/jvm/java-8-oracle/jre/lib/amd64/libzip.so
7fb079f40000-7fb079f4b000 r-xp 00000000 08:02 10748109                   /lib/x86_64-linux-gnu/libnss_files-2.23.so
7fb079f4b000-7fb07a14a000 ---p 0000b000 08:02 10748109                   /lib/x86_64-linux-gnu/libnss_files-2.23.so
7fb07a14a000-7fb07a14b000 r--p 0000a000 08:02 10748109                   /lib/x86_64-linux-gnu/libnss_files-2.23.so
7fb07a14b000-7fb07a14c000 rw-p 0000b000 08:02 10748109                   /lib/x86_64-linux-gnu/libnss_files-2.23.so
7fb07a14c000-7fb07a152000 rw-p 00000000 00:00 0 
7fb07a152000-7fb07a15d000 r-xp 00000000 08:02 10748106                   /lib/x86_64-linux-gnu/libnss_nis-2.23.so
7fb07a15d000-7fb07a35c000 ---p 0000b000 08:02 10748106                   /lib/x86_64-linux-gnu/libnss_nis-2.23.so
7fb07a35c000-7fb07a35d000 r--p 0000a000 08:02 10748106                   /lib/x86_64-linux-gnu/libnss_nis-2.23.so
7fb07a35d000-7fb07a35e000 rw-p 0000b000 08:02 10748106                   /lib/x86_64-linux-gnu/libnss_nis-2.23.so
7fb07a35e000-7fb07a374000 r-xp 00000000 08:02 10748104                   /lib/x86_64-linux-gnu/libnsl-2.23.so
7fb07a374000-7fb07a573000 ---p 00016000 08:02 10748104                   /lib/x86_64-linux-gnu/libnsl-2.23.so
7fb07a573000-7fb07a574000 r--p 00015000 08:02 10748104                   /lib/x86_64-linux-gnu/libnsl-2.23.so
7fb07a574000-7fb07a575000 rw-p 00016000 08:02 10748104                   /lib/x86_64-linux-gnu/libnsl-2.23.so
7fb07a575000-7fb07a577000 rw-p 00000000 00:00 0 
7fb07a577000-7fb07a57f000 r-xp 00000000 08:02 10748102                   /lib/x86_64-linux-gnu/libnss_compat-2.23.so
7fb07a57f000-7fb07a77e000 ---p 00008000 08:02 10748102                   /lib/x86_64-linux-gnu/libnss_compat-2.23.so
7fb07a77e000-7fb07a77f000 r--p 00007000 08:02 10748102                   /lib/x86_64-linux-gnu/libnss_compat-2.23.so
7fb07a77f000-7fb07a780000 rw-p 00008000 08:02 10748102                   /lib/x86_64-linux-gnu/libnss_compat-2.23.so
7fb07a780000-7fb07a7aa000 r-xp 00000000 08:02 6955941                    /usr/lib/jvm/java-8-oracle/jre/lib/amd64/libjava.so
7fb07a7aa000-7fb07a9aa000 ---p 0002a000 08:02 6955941                    /usr/lib/jvm/java-8-oracle/jre/lib/amd64/libjava.so
7fb07a9aa000-7fb07a9ac000 rw-p 0002a000 08:02 6955941                    /usr/lib/jvm/java-8-oracle/jre/lib/amd64/libjava.so
7fb07a9ac000-7fb07a9b9000 r-xp 00000000 08:02 6955945                    /usr/lib/jvm/java-8-oracle/jre/lib/amd64/libverify.so
7fb07a9b9000-7fb07abb9000 ---p 0000d000 08:02 6955945                    /usr/lib/jvm/java-8-oracle/jre/lib/amd64/libverify.so
7fb07abb9000-7fb07abbb000 rw-p 0000d000 08:02 6955945                    /usr/lib/jvm/java-8-oracle/jre/lib/amd64/libverify.so
7fb07abbb000-7fb07abc2000 r-xp 00000000 08:02 10748118                   /lib/x86_64-linux-gnu/librt-2.23.so
7fb07abc2000-7fb07adc1000 ---p 00007000 08:02 10748118                   /lib/x86_64-linux-gnu/librt-2.23.so
7fb07adc1000-7fb07adc2000 r--p 00006000 08:02 10748118                   /lib/x86_64-linux-gnu/librt-2.23.so
7fb07adc2000-7fb07adc3000 rw-p 00007000 08:02 10748118                   /lib/x86_64-linux-gnu/librt-2.23.so
7fb07adc3000-7fb07aecb000 r-xp 00000000 08:02 10748115                   /lib/x86_64-linux-gnu/libm-2.23.so
7fb07aecb000-7fb07b0ca000 ---p 00108000 08:02 10748115                   /lib/x86_64-linux-gnu/libm-2.23.so
7fb07b0ca000-7fb07b0cb000 r--p 00107000 08:02 10748115                   /lib/x86_64-linux-gnu/libm-2.23.so
7fb07b0cb000-7fb07b0cc000 rw-p 00108000 08:02 10748115                   /lib/x86_64-linux-gnu/libm-2.23.so
7fb07b0cc000-7fb07bd8c000 r-xp 00000000 08:02 6955924                    /usr/lib/jvm/java-8-oracle/jre/lib/amd64/server/libjvm.so
7fb07bd8c000-7fb07bf8c000 ---p 00cc0000 08:02 6955924                    /usr/lib/jvm/java-8-oracle/jre/lib/amd64/server/libjvm.so
7fb07bf8c000-7fb07c064000 rw-p 00cc0000 08:02 6955924                    /usr/lib/jvm/java-8-oracle/jre/lib/amd64/server/libjvm.so
7fb07c064000-7fb07c0af000 rw-p 00000000 00:00 0 
7fb07c0af000-7fb07c26f000 r-xp 00000000 08:02 10748123                   /lib/x86_64-linux-gnu/libc-2.23.so
7fb07c26f000-7fb07c46e000 ---p 001c0000 08:02 10748123                   /lib/x86_64-linux-gnu/libc-2.23.so
7fb07c46e000-7fb07c472000 r--p 001bf000 08:02 10748123                   /lib/x86_64-linux-gnu/libc-2.23.so
7fb07c472000-7fb07c474000 rw-p 001c3000 08:02 10748123                   /lib/x86_64-linux-gnu/libc-2.23.so
7fb07c474000-7fb07c478000 rw-p 00000000 00:00 0 
7fb07c478000-7fb07c47b000 r-xp 00000000 08:02 10748124                   /lib/x86_64-linux-gnu/libdl-2.23.so
7fb07c47b000-7fb07c67a000 ---p 00003000 08:02 10748124                   /lib/x86_64-linux-gnu/libdl-2.23.so
7fb07c67a000-7fb07c67b000 r--p 00002000 08:02 10748124                   /lib/x86_64-linux-gnu/libdl-2.23.so
7fb07c67b000-7fb07c67c000 rw-p 00003000 08:02 10748124                   /lib/x86_64-linux-gnu/libdl-2.23.so
7fb07c67c000-7fb07c691000 r-xp 00000000 08:02 6828606                    /usr/lib/jvm/java-8-oracle/lib/amd64/jli/libjli.so
7fb07c691000-7fb07c891000 ---p 00015000 08:02 6828606                    /usr/lib/jvm/java-8-oracle/lib/amd64/jli/libjli.so
7fb07c891000-7fb07c892000 rw-p 00015000 08:02 6828606                    /usr/lib/jvm/java-8-oracle/lib/amd64/jli/libjli.so
7fb07c892000-7fb07c8aa000 r-xp 00000000 08:02 10748122                   /lib/x86_64-linux-gnu/libpthread-2.23.so
7fb07c8aa000-7fb07caa9000 ---p 00018000 08:02 10748122                   /lib/x86_64-linux-gnu/libpthread-2.23.so
7fb07caa9000-7fb07caaa000 r--p 00017000 08:02 10748122                   /lib/x86_64-linux-gnu/libpthread-2.23.so
7fb07caaa000-7fb07caab000 rw-p 00018000 08:02 10748122                   /lib/x86_64-linux-gnu/libpthread-2.23.so
7fb07caab000-7fb07caaf000 rw-p 00000000 00:00 0 
7fb07caaf000-7fb07cad5000 r-xp 00000000 08:02 10748119                   /lib/x86_64-linux-gnu/ld-2.23.so
7fb07cadb000-7fb07cbae000 rw-p 00000000 00:00 0 
7fb07cbae000-7fb07cbb1000 ---p 00000000 00:00 0 
7fb07cbb1000-7fb07ccb3000 rw-p 00000000 00:00 0 
7fb07ccb9000-7fb07ccc8000 r--s 000dd000 08:02 18481832                   /home/aipxperts/Android/Sdk/build-tools/21.1.2/lib/dx.jar
7fb07ccc8000-7fb07ccd0000 rw-s 00000000 08:02 23468231                   /tmp/hsperfdata_aipxperts/16807
7fb07ccd0000-7fb07ccd1000 rw-p 00000000 00:00 0 
7fb07ccd1000-7fb07ccd2000 ---p 00000000 00:00 0 
7fb07ccd2000-7fb07ccd4000 rw-p 00000000 00:00 0 
7fb07ccd4000-7fb07ccd5000 r--p 00025000 08:02 10748119                   /lib/x86_64-linux-gnu/ld-2.23.so
7fb07ccd5000-7fb07ccd6000 rw-p 00026000 08:02 10748119                   /lib/x86_64-linux-gnu/ld-2.23.so
7fb07ccd6000-7fb07ccd7000 rw-p 00000000 00:00 0 
7ffd62029000-7ffd6204a000 rw-p 00000000 00:00 0                          [stack]
7ffd62138000-7ffd6213a000 r--p 00000000 00:00 0                          [vvar]
7ffd6213a000-7ffd6213c000 r-xp 00000000 00:00 0                          [vdso]
ffffffffff600000-ffffffffff601000 r-xp 00000000 00:00 0                  [vsyscall]

VM Arguments:
jvm_args: -Djava.awt.headless=true -Xmx4g -Dfile.encoding=UTF-8 -Duser.country=IN -Duser.language=en -Duser.variant 
java_command: com.android.dx.command.Main --dex --multi-dex --main-dex-list /home/aipxperts/Aipxperts/Aip_Project/ReceiptTrackerApp/DailyEstimation/build/intermediates/multi-dex/release/maindexlist.txt --output /home/aipxperts/Aipxperts/Aip_Project/ReceiptTrackerApp/DailyEstimation/build/intermediates/transforms/dex/release/folders/1000/1f/main /home/aipxperts/Aipxperts/Aip_Project/ReceiptTrackerApp/DailyEstimation/build/intermediates/transforms/jarMerging/release/jars/1/1f/combined.jar
java_class_path (initial): /home/aipxperts/Android/Sdk/build-tools/21.1.2/lib/dx.jar
Launcher Type: SUN_STANDARD

Environment Variables:
JAVA_HOME=/usr/lib/jvm/java-8-oracle
PATH=/usr/local/sbin:/usr/local/bin:/usr/sbin:/usr/bin:/sbin:/bin:/usr/games:/usr/local/games:/snap/bin:/usr/lib/jvm/java-8-oracle/bin:/usr/lib/jvm/java-8-oracle/db/bin:/usr/lib/jvm/java-8-oracle/jre/bin
LD_LIBRARY_PATH=/home/aipxperts/AndroidSDK/android-studio/bin:
SHELL=/bin/bash
DISPLAY=:0

Signal Handlers:
SIGSEGV: [libjvm.so+0xabca10], sa_mask[0]=11111111011111111101111111111110, sa_flags=SA_RESTART|SA_SIGINFO
SIGBUS: [libjvm.so+0xabca10], sa_mask[0]=11111111011111111101111111111110, sa_flags=SA_RESTART|SA_SIGINFO
SIGFPE: [libjvm.so+0x919a20], sa_mask[0]=11111111011111111101111111111110, sa_flags=SA_RESTART|SA_SIGINFO
SIGPIPE: [libjvm.so+0x919a20], sa_mask[0]=11111111011111111101111111111110, sa_flags=SA_RESTART|SA_SIGINFO
SIGXFSZ: [libjvm.so+0x919a20], sa_mask[0]=11111111011111111101111111111110, sa_flags=SA_RESTART|SA_SIGINFO
SIGILL: [libjvm.so+0x919a20], sa_mask[0]=11111111011111111101111111111110, sa_flags=SA_RESTART|SA_SIGINFO
SIGUSR1: SIG_DFL, sa_mask[0]=00000000000000000000000000000000, sa_flags=none
SIGUSR2: [libjvm.so+0x91b050], sa_mask[0]=00100000000000000000000000000000, sa_flags=SA_RESTART|SA_SIGINFO
SIGHUP: [libjvm.so+0x91c450], sa_mask[0]=11111111011111111101111111111110, sa_flags=SA_RESTART|SA_SIGINFO
SIGINT: [libjvm.so+0x91c450], sa_mask[0]=11111111011111111101111111111110, sa_flags=SA_RESTART|SA_SIGINFO
SIGTERM: [libjvm.so+0x91c450], sa_mask[0]=11111111011111111101111111111110, sa_flags=SA_RESTART|SA_SIGINFO
SIGQUIT: [libjvm.so+0x91c450], sa_mask[0]=11111111011111111101111111111110, sa_flags=SA_RESTART|SA_SIGINFO


---------------  S Y S T E M  ---------------

OS:DISTRIB_ID=Ubuntu
DISTRIB_RELEASE=16.04
DISTRIB_CODENAME=xenial
DISTRIB_DESCRIPTION="Ubuntu 16.04 LTS"

uname:Linux 4.4.0-22-generic #40-Ubuntu SMP Thu May 12 22:03:46 UTC 2016 x86_64
libc:glibc 2.23 NPTL 2.23 
rlimit: STACK 8192k, CORE 0k, NPROC 30779, NOFILE 65536, AS infinity
load average:1.85 0.89 0.74

/proc/meminfo:
MemTotal:        8120072 kB
MemFree:         1175860 kB
MemAvailable:    1736496 kB
Buffers:          102008 kB
Cached:           516428 kB
SwapCached:       155164 kB
Active:          5286504 kB
Inactive:        1374180 kB
Active(anon):    4915180 kB
Inactive(anon):  1218216 kB
Active(file):     371324 kB
Inactive(file):   155964 kB
Unevictable:          48 kB
Mlocked:              48 kB
SwapTotal:       8329212 kB
SwapFree:        7451228 kB
Dirty:             47740 kB
Writeback:             0 kB
AnonPages:       5967136 kB
Mapped:           239300 kB
Shmem:             91148 kB
Slab:             120320 kB
SReclaimable:      75792 kB
SUnreclaim:        44528 kB
KernelStack:       12688 kB
PageTables:        62844 kB
NFS_Unstable:          0 kB
Bounce:                0 kB
WritebackTmp:          0 kB
CommitLimit:    12389248 kB
Committed_AS:   12945128 kB
VmallocTotal:   34359738367 kB
VmallocUsed:           0 kB
VmallocChunk:          0 kB
HardwareCorrupted:     0 kB
AnonHugePages:   4026368 kB
CmaTotal:              0 kB
CmaFree:               0 kB
HugePages_Total:       0
HugePages_Free:        0
HugePages_Rsvd:        0
HugePages_Surp:        0
Hugepagesize:       2048 kB
DirectMap4k:      184432 kB
DirectMap2M:     8148992 kB


CPU:total 4 (2 cores per cpu, 2 threads per core) family 6 model 58 stepping 9, cmov, cx8, fxsr, mmx, sse, sse2, sse3, ssse3, sse4.1, sse4.2, popcnt, avx, clmul, erms, ht, tsc, tscinvbit, tscinv

/proc/cpuinfo:
processor	: 0
vendor_id	: GenuineIntel
cpu family	: 6
model		: 58
model name	: Intel(R) Core(TM) i3-3210 CPU @ 3.20GHz
stepping	: 9
microcode	: 0x1c
cpu MHz		: 3170.500
cache size	: 3072 KB
physical id	: 0
siblings	: 4
core id		: 0
cpu cores	: 2
apicid		: 0
initial apicid	: 0
fpu		: yes
fpu_exception	: yes
cpuid level	: 13
wp		: yes
flags		: fpu vme de pse tsc msr pae mce cx8 apic sep mtrr pge mca cmov pat pse36 clflush dts acpi mmx fxsr sse sse2 ss ht tm pbe syscall nx rdtscp lm constant_tsc arch_perfmon pebs bts rep_good nopl xtopology nonstop_tsc aperfmperf eagerfpu pni pclmulqdq dtes64 monitor ds_cpl vmx est tm2 ssse3 cx16 xtpr pdcm pcid sse4_1 sse4_2 popcnt tsc_deadline_timer xsave avx f16c lahf_lm epb tpr_shadow vnmi flexpriority ept vpid fsgsbase smep erms xsaveopt dtherm arat pln pts
bugs		:
bogomips	: 6385.84
clflush size	: 64
cache_alignment	: 64
address sizes	: 36 bits physical, 48 bits virtual
power management:

processor	: 1
vendor_id	: GenuineIntel
cpu family	: 6
model		: 58
model name	: Intel(R) Core(TM) i3-3210 CPU @ 3.20GHz
stepping	: 9
microcode	: 0x1c
cpu MHz		: 2975.250
cache size	: 3072 KB
physical id	: 0
siblings	: 4
core id		: 1
cpu cores	: 2
apicid		: 2
initial apicid	: 2
fpu		: yes
fpu_exception	: yes
cpuid level	: 13
wp		: yes
flags		: fpu vme de pse tsc msr pae mce cx8 apic sep mtrr pge mca cmov pat pse36 clflush dts acpi mmx fxsr sse sse2 ss ht tm pbe syscall nx rdtscp lm constant_tsc arch_perfmon pebs bts rep_good nopl xtopology nonstop_tsc aperfmperf eagerfpu pni pclmulqdq dtes64 monitor ds_cpl vmx est tm2 ssse3 cx16 xtpr pdcm pcid sse4_1 sse4_2 popcnt tsc_deadline_timer xsave avx f16c lahf_lm epb tpr_shadow vnmi flexpriority ept vpid fsgsbase smep erms xsaveopt dtherm arat pln pts
bugs		:
bogomips	: 6385.84
clflush size	: 64
cache_alignment	: 64
address sizes	: 36 bits physical, 48 bits virtual
power management:

processor	: 2
vendor_id	: GenuineIntel
cpu family	: 6
model		: 58
model name	: Intel(R) Core(TM) i3-3210 CPU @ 3.20GHz
stepping	: 9
microcode	: 0x1c
cpu MHz		: 3200.000
cache size	: 3072 KB
physical id	: 0
siblings	: 4
core id		: 0
cpu cores	: 2
apicid		: 1
initial apicid	: 1
fpu		: yes
fpu_exception	: yes
cpuid level	: 13
wp		: yes
flags		: fpu vme de pse tsc msr pae mce cx8 apic sep mtrr pge mca cmov pat pse36 clflush dts acpi mmx fxsr sse sse2 ss ht tm pbe syscall nx rdtscp lm constant_tsc arch_perfmon pebs bts rep_good nopl xtopology nonstop_tsc aperfmperf eagerfpu pni pclmulqdq dtes64 monitor ds_cpl vmx est tm2 ssse3 cx16 xtpr pdcm pcid sse4_1 sse4_2 popcnt tsc_deadline_timer xsave avx f16c lahf_lm epb tpr_shadow vnmi flexpriority ept vpid fsgsbase smep erms xsaveopt dtherm arat pln pts
bugs		:
bogomips	: 6385.84
clflush size	: 64
cache_alignment	: 64
address sizes	: 36 bits physical, 48 bits virtual
power management:

processor	: 3
vendor_id	: GenuineIntel
cpu family	: 6
model		: 58
model name	: Intel(R) Core(TM) i3-3210 CPU @ 3.20GHz
stepping	: 9
microcode	: 0x1c
cpu MHz		: 2994.875
cache size	: 3072 KB
physical id	: 0
siblings	: 4
core id		: 1
cpu cores	: 2
apicid		: 3
initial apicid	: 3
fpu		: yes
fpu_exception	: yes
cpuid level	: 13
wp		: yes
flags		: fpu vme de pse tsc msr pae mce cx8 apic sep mtrr pge mca cmov pat pse36 clflush dts acpi mmx fxsr sse sse2 ss ht tm pbe syscall nx rdtscp lm constant_tsc arch_perfmon pebs bts rep_good nopl xtopology nonstop_tsc aperfmperf eagerfpu pni pclmulqdq dtes64 monitor ds_cpl vmx est tm2 ssse3 cx16 xtpr pdcm pcid sse4_1 sse4_2 popcnt tsc_deadline_timer xsave avx f16c lahf_lm epb tpr_shadow vnmi flexpriority ept vpid fsgsbase smep erms xsaveopt dtherm arat pln pts
bugs		:
bogomips	: 6385.84
clflush size	: 64
cache_alignment	: 64
address sizes	: 36 bits physical, 48 bits virtual
power management:



Memory: 4k page, physical 8120072k(1175860k free), swap 8329212k(7451228k free)

vm_info: Java HotSpot(TM) 64-Bit Server VM (25.91-b14) for linux-amd64 JRE (1.8.0_91-b14), built on Apr  1 2016 00:57:21 by "java_re" with gcc 4.3.0 20080428 (Red Hat 4.3.0-8)

time: Wed Sep 14 14:38:42 2016
elapsed time: 11 seconds (0d 0h 0m 11s)

