#
# A fatal error has been detected by the Java Runtime Environment:
#
#  SIGSEGV (0xb) at pc=0x00007f57fe96bdc5, pid=23866, tid=140015542376192
#
# JRE version: Java(TM) SE Runtime Environment (8.0_91-b14) (build 1.8.0_91-b14)
# Java VM: Java HotSpot(TM) 64-Bit Server VM (25.91-b14 mixed mode linux-amd64 compressed oops)
# Problematic frame:
# V  [libjvm.so+0x64ddc5]  InstanceKlass::oop_follow_contents(ParCompactionManager*, oopDesc*)+0x2d5
#
# Failed to write core dump. Core dumps have been disabled. To enable core dumping, try "ulimit -c unlimited" before starting Java again
#
# If you would like to submit a bug report, please visit:
#   http://bugreport.java.com/bugreport/crash.jsp
#

---------------  T H R E A D  ---------------

Current thread (0x00007f57f8024800):  GCTaskThread [stack: 0x00007f57e89a9000,0x00007f57e8aaa000] [id=23875]

siginfo: si_signo: 11 (SIGSEGV), si_code: 128 (SI_KERNEL), si_addr: 0x0000000000000000

Registers:
RAX=0x00007f57cc000000, RBX=0x0000000000040000, RCX=0x0000000000000000, RDX=0x007ffffffca00200
RSP=0x00007f57e8aa8a40, RBP=0x00007f57e8aa8aa0, RSI=0x0000000000000001, RDI=0x00000007c007f858
R8 =0x00000006c4f1f7c8, R9 =0x0040000000000000, R10=0x0000000000000003, R11=0x00007f57ff2d0d40
R12=0x00007f57ff2d4d60, R13=0x00000006c4f1f7c4, R14=0x0000000792278598, R15=0x00007f57f8074e00
RIP=0x00007f57fe96bdc5, EFLAGS=0x0000000000010206, CSGSFS=0x0000000000000033, ERR=0x0000000000000000
  TRAPNO=0x000000000000000d

Top of Stack: (sp=0x00007f57e8aa8a40)
0x00007f57e8aa8a40:   00000006c4f1f7ac 00000006c4f1f7b0
0x00007f57e8aa8a50:   00000007c007fab0 00000007c007fab8
0x00007f57e8aa8a60:   00000006c0576ae8 00007f57f8074e40
0x00007f57e8aa8a70:   00007f57ff2d4d60 00007f57ff2d0d40
0x00007f57e8aa8a80:   00007f57f8074e00 00007f57ff2d4d60
0x00007f57e8aa8a90:   0000000792278598 0000000000000004
0x00007f57e8aa8aa0:   00007f57e8aa8c30 00007f57fec91b22
0x00007f57e8aa8ab0:   00000007c0001940 0000000792278598
0x00007f57e8aa8ac0:   00007f57f8074e10 00007f57e8aa8be0
0x00007f57e8aa8ad0:   00007f57e8aa8bb0 00007f57e8aa8b90
0x00007f57e8aa8ae0:   00007f57e8aa8b80 00007f57e8aa8b70
0x00007f57e8aa8af0:   00007f57e8aa8b60 00007f57e8aa8b50
0x00007f57e8aa8b00:   00007f57ff2c5879 00007f57f8074ec0
0x00007f57e8aa8b10:   0000000791f46588 00000006cee11630
0x00007f57e8aa8b20:   00007f57f8074e10 00007f57e8aa8c40
0x00007f57e8aa8b30:   0000000000100000 00000000000cc800
0x00007f57e8aa8b40:   00007f57f8074e40 00007f57e8aa8bf8
0x00007f57e8aa8b50:   00007f57e8aa8bc0 00007f57e8aa8bb0
0x00007f57e8aa8b60:   00007f57ff2c5879 00007f57f8074ec0
0x00007f57e8aa8b70:   00000006cee09e20 00000006da5314b8
0x00007f57e8aa8b80:   0000000791f46588 00007f57000cc800
0x00007f57e8aa8b90:   0000000791f46588 00000000000cc600
0x00007f57e8aa8ba0:   00007f57f8074e40 00007f57e8aa8c58
0x00007f57e8aa8bb0:   0000074f000000a6 00007f57fec78da0
0x00007f57e8aa8bc0:   00000750000000a6 00007f57f8075580
0x00007f57e8aa8bd0:   0000044000000119 0000000000000000
0x00007f57e8aa8be0:   000018ef00000479 0000000000001e00
0x00007f57e8aa8bf0:   000018f000000479 00000006c4f1f7b0
0x00007f57e8aa8c00:   00007f57e8aa8c30 00007f57e8aa8d10
0x00007f57e8aa8c10:   00007f57ff2d4d60 0000000000000003
0x00007f57e8aa8c20:   00007f57f8074e00 0000000792080598
0x00007f57e8aa8c30:   00007f57e8aa8d70 00007f57fec781d5 

Instructions: (pc=0x00007f57fe96bdc5)
0x00007f57fe96bda5:   49 8b 44 24 30 48 c1 ee 03 48 d3 ee 48 89 f2 89
0x00007f57fe96bdb5:   f1 be 01 00 00 00 83 e1 3f 48 c1 ea 06 48 d3 e6
0x00007f57fe96bdc5:   48 85 34 d0 75 95 48 8b 05 96 8c 91 00 0f b6 10
0x00007f57fe96bdd5:   84 d2 0f 85 b3 01 00 00 48 8b 7b 08 8b 77 08 83 

Register to memory mapping:

RAX=0x00007f57cc000000 is an unknown value
RBX=0x0000000000040000 is an unknown value
RCX=0x0000000000000000 is an unknown value
RDX=0x007ffffffca00200 is an unknown value
RSP=0x00007f57e8aa8a40 is an unknown value
RBP=0x00007f57e8aa8aa0 is an unknown value
RSI=0x0000000000000001 is an unknown value
RDI=0x00000007c007f858 is pointing into metadata
R8 =0x00000006c4f1f7c8 is an oop
java.util.HashMap$Node 
 - klass: 'java/util/HashMap$Node'
R9 =0x0040000000000000 is an unknown value
R10=0x0000000000000003 is an unknown value
R11=0x00007f57ff2d0d40: <offset 0xfb2d40> in /usr/lib/jvm/java-8-oracle/jre/lib/amd64/server/libjvm.so at 0x00007f57fe31e000
R12=0x00007f57ff2d4d60: <offset 0xfb6d60> in /usr/lib/jvm/java-8-oracle/jre/lib/amd64/server/libjvm.so at 0x00007f57fe31e000
R13=0x00000006c4f1f7c4 is pointing into object: 0x00000006c4f1f7b0
com.android.dx.rop.code.RegisterSpec 
 - klass: 'com/android/dx/rop/code/RegisterSpec'
R14=0x0000000792278598 is an unknown value
R15=0x00007f57f8074e00 is an unknown value


Stack: [0x00007f57e89a9000,0x00007f57e8aaa000],  sp=0x00007f57e8aa8a40,  free space=1022k
Native frames: (J=compiled Java code, j=interpreted, Vv=VM code, C=native code)
V  [libjvm.so+0x64ddc5]  InstanceKlass::oop_follow_contents(ParCompactionManager*, oopDesc*)+0x2d5
V  [libjvm.so+0x973b22]  ParCompactionManager::follow_marking_stacks()+0x232
V  [libjvm.so+0x95a1d5]  StealMarkingTask::do_it(GCTaskManager*, unsigned int)+0x2e5
V  [libjvm.so+0x5d584f]  GCTaskThread::run()+0x12f
V  [libjvm.so+0x91ef78]  java_start(Thread*)+0x108


---------------  P R O C E S S  ---------------

Java Threads: ( => current thread )
  0x00007f57f80c0000 JavaThread "Service Thread" daemon [_thread_blocked, id=23883, stack(0x00007f57e1cf7000,0x00007f57e1df8000)]
  0x00007f57f80bd000 JavaThread "C1 CompilerThread2" daemon [_thread_blocked, id=23882, stack(0x00007f57e1df8000,0x00007f57e1ef9000)]
  0x00007f57f80bb800 JavaThread "C2 CompilerThread1" daemon [_thread_blocked, id=23881, stack(0x00007f57e1ef9000,0x00007f57e1ffa000)]
  0x00007f57f80b8800 JavaThread "C2 CompilerThread0" daemon [_thread_in_native, id=23880, stack(0x00007f57e1ffa000,0x00007f57e20fb000)]
  0x00007f57f80b7000 JavaThread "Signal Dispatcher" daemon [_thread_blocked, id=23879, stack(0x00007f57e20fb000,0x00007f57e21fc000)]
  0x00007f57f8084000 JavaThread "Finalizer" daemon [_thread_blocked, id=23878, stack(0x00007f57e24d4000,0x00007f57e25d5000)]
  0x00007f57f807f800 JavaThread "Reference Handler" daemon [_thread_blocked, id=23877, stack(0x00007f57e25d5000,0x00007f57e26d6000)]
  0x00007f57f800a000 JavaThread "main" [_thread_blocked, id=23868, stack(0x00007f57ffe00000,0x00007f57fff01000)]

Other Threads:
  0x00007f57f8078000 VMThread [stack: 0x00007f57e26d6000,0x00007f57e27d7000] [id=23876]
  0x00007f57f80c3000 WatcherThread [stack: 0x00007f57e1bf6000,0x00007f57e1cf7000] [id=23884]

=>0x00007f57f8024800 (exited) GCTaskThread [stack: 0x00007f57e89a9000,0x00007f57e8aaa000] [id=23875]

VM state:at safepoint (normal execution)

VM Mutex/Monitor currently owned by a thread:  ([mutex/lock_event])
[0x00007f57f8006610] Threads_lock - owner thread: 0x00007f57f8078000
[0x00007f57f8006b10] Heap_lock - owner thread: 0x00007f57f800a000

Heap:
 PSYoungGen      total 740864K, used 158206K [0x000000076ab00000, 0x00000007af000000, 0x00000007c0000000)
  eden space 582656K, 0% used [0x000000076ab00000,0x000000076ab00000,0x000000078e400000)
  from space 158208K, 99% used [0x000000078e400000,0x0000000797e7fa40,0x0000000797e80000)
  to   space 203264K, 0% used [0x00000007a2980000,0x00000007a2980000,0x00000007af000000)
 ParOldGen       total 470528K, used 432299K [0x00000006c0000000, 0x00000006dcb80000, 0x000000076ab00000)
  object space 470528K, 91% used [0x00000006c0000000,0x00000006da62afc8,0x00000006dcb80000)
 Metaspace       used 6211K, capacity 7280K, committed 7552K, reserved 1056768K
  class space    used 579K, capacity 616K, committed 640K, reserved 1048576K

Card table byte_map: [0x00007f57fc3b6000,0x00007f57fcbb7000] byte_map_base: 0x00007f57f8db6000

Marking Bits: (ParMarkBitMap*) 0x00007f57ff2d4d60
 Begin Bits: [0x00007f57cc000000, 0x00007f57d0000000)
 End Bits:   [0x00007f57d0000000, 0x00007f57d4000000)

Polling page: 0x00007f57fff23000

CodeCache: size=245760Kb used=12500Kb max_used=14606Kb free=233259Kb
 bounds [0x00007f57e9000000, 0x00007f57e9e90000, 0x00007f57f8000000]
 total_blobs=2566 nmethods=2301 adapters=178
 compilation: enabled

Compilation events (10 events):
Event: 21.550 Thread 0x00007f57f80bd000 2738       3       sun.reflect.generics.repository.ClassRepository::getSuperInterfaces (77 bytes)
Event: 21.551 Thread 0x00007f57f80bd000 nmethod 2738 0x00007f57e940c550 code [0x00007f57e940c760, 0x00007f57e940d358]
Event: 21.551 Thread 0x00007f57f80bd000 2737       3       java.lang.Class::getGenericInfo (52 bytes)
Event: 21.552 Thread 0x00007f57f80bd000 nmethod 2737 0x00007f57e94d2290 code [0x00007f57e94d24e0, 0x00007f57e94d31c8]
Event: 21.552 Thread 0x00007f57f80bd000 2735       3       sun.reflect.generics.reflectiveObjects.ParameterizedTypeImpl::getActualTypeArguments (11 bytes)
Event: 21.553 Thread 0x00007f57f80bd000 nmethod 2735 0x00007f57e9278e50 code [0x00007f57e9278fc0, 0x00007f57e92792e8]
Event: 21.553 Thread 0x00007f57f80bd000 2736       3       sun.reflect.generics.reflectiveObjects.ParameterizedTypeImpl::getRawType (5 bytes)
Event: 21.553 Thread 0x00007f57f80bd000 nmethod 2736 0x00007f57e9231690 code [0x00007f57e9231800, 0x00007f57e9231970]
Event: 21.553 Thread 0x00007f57f80bd000 2740       3       java.util.HashMap$TreeNode::rotateLeft (91 bytes)
Event: 21.553 Thread 0x00007f57f80bd000 nmethod 2740 0x00007f57e95d5950 code [0x00007f57e95d5ac0, 0x00007f57e95d5e50]

GC Heap History (10 events):
Event: 14.837 GC heap after
Heap after GC invocations=14 (full 3):
 PSYoungGen      total 537600K, used 25518K [0x000000076ab00000, 0x0000000796e00000, 0x00000007c0000000)
  eden space 439808K, 0% used [0x000000076ab00000,0x000000076ab00000,0x0000000785880000)
  from space 97792K, 26% used [0x0000000785880000,0x000000078716b840,0x000000078b800000)
  to   space 104448K, 0% used [0x0000000790800000,0x0000000790800000,0x0000000796e00000)
 ParOldGen       total 470528K, used 289635K [0x00000006c0000000, 0x00000006dcb80000, 0x000000076ab00000)
  object space 470528K, 61% used [0x00000006c0000000,0x00000006d1ad8cc8,0x00000006dcb80000)
 Metaspace       used 6193K, capacity 7216K, committed 7296K, reserved 1056768K
  class space    used 579K, capacity 616K, committed 640K, reserved 1048576K
}
Event: 16.483 GC heap before
{Heap before GC invocations=15 (full 3):
 PSYoungGen      total 537600K, used 465326K [0x000000076ab00000, 0x0000000796e00000, 0x00000007c0000000)
  eden space 439808K, 100% used [0x000000076ab00000,0x0000000785880000,0x0000000785880000)
  from space 97792K, 26% used [0x0000000785880000,0x000000078716b840,0x000000078b800000)
  to   space 104448K, 0% used [0x0000000790800000,0x0000000790800000,0x0000000796e00000)
 ParOldGen       total 470528K, used 289635K [0x00000006c0000000, 0x00000006dcb80000, 0x000000076ab00000)
  object space 470528K, 61% used [0x00000006c0000000,0x00000006d1ad8cc8,0x00000006dcb80000)
 Metaspace       used 6203K, capacity 7216K, committed 7296K, reserved 1056768K
  class space    used 579K, capacity 616K, committed 640K, reserved 1048576K
Event: 16.634 GC heap after
Heap after GC invocations=15 (full 3):
 PSYoungGen      total 611328K, used 80678K [0x000000076ab00000, 0x0000000797900000, 0x00000007c0000000)
  eden space 506880K, 0% used [0x000000076ab00000,0x000000076ab00000,0x0000000789a00000)
  from space 104448K, 77% used [0x0000000790800000,0x00000007956c99f0,0x0000000796e00000)
  to   space 112640K, 0% used [0x0000000789a00000,0x0000000789a00000,0x0000000790800000)
 ParOldGen       total 470528K, used 289635K [0x00000006c0000000, 0x00000006dcb80000, 0x000000076ab00000)
  object space 470528K, 61% used [0x00000006c0000000,0x00000006d1ad8cc8,0x00000006dcb80000)
 Metaspace       used 6203K, capacity 7216K, committed 7296K, reserved 1056768K
  class space    used 579K, capacity 616K, committed 640K, reserved 1048576K
}
Event: 18.181 GC heap before
{Heap before GC invocations=16 (full 3):
 PSYoungGen      total 611328K, used 587558K [0x000000076ab00000, 0x0000000797900000, 0x00000007c0000000)
  eden space 506880K, 100% used [0x000000076ab00000,0x0000000789a00000,0x0000000789a00000)
  from space 104448K, 77% used [0x0000000790800000,0x00000007956c99f0,0x0000000796e00000)
  to   space 112640K, 0% used [0x0000000789a00000,0x0000000789a00000,0x0000000790800000)
 ParOldGen       total 470528K, used 289635K [0x00000006c0000000, 0x00000006dcb80000, 0x000000076ab00000)
  object space 470528K, 61% used [0x00000006c0000000,0x00000006d1ad8cc8,0x00000006dcb80000)
 Metaspace       used 6208K, capacity 7216K, committed 7296K, reserved 1056768K
  class space    used 579K, capacity 616K, committed 640K, reserved 1048576K
Event: 18.369 GC heap after
Heap after GC invocations=16 (full 3):
 PSYoungGen      total 619520K, used 112630K [0x000000076ab00000, 0x00000007a0980000, 0x00000007c0000000)
  eden space 506880K, 0% used [0x000000076ab00000,0x000000076ab00000,0x0000000789a00000)
  from space 112640K, 99% used [0x0000000789a00000,0x00000007907fd9c0,0x0000000790800000)
  to   space 142336K, 0% used [0x0000000797e80000,0x0000000797e80000,0x00000007a0980000)
 ParOldGen       total 470528K, used 321439K [0x00000006c0000000, 0x00000006dcb80000, 0x000000076ab00000)
  object space 470528K, 68% used [0x00000006c0000000,0x00000006d39e7c48,0x00000006dcb80000)
 Metaspace       used 6208K, capacity 7216K, committed 7296K, reserved 1056768K
  class space    used 579K, capacity 616K, committed 640K, reserved 1048576K
}
Event: 19.607 GC heap before
{Heap before GC invocations=17 (full 3):
 PSYoungGen      total 619520K, used 619510K [0x000000076ab00000, 0x00000007a0980000, 0x00000007c0000000)
  eden space 506880K, 100% used [0x000000076ab00000,0x0000000789a00000,0x0000000789a00000)
  from space 112640K, 99% used [0x0000000789a00000,0x00000007907fd9c0,0x0000000790800000)
  to   space 142336K, 0% used [0x0000000797e80000,0x0000000797e80000,0x00000007a0980000)
 ParOldGen       total 470528K, used 321439K [0x00000006c0000000, 0x00000006dcb80000, 0x000000076ab00000)
  object space 470528K, 68% used [0x00000006c0000000,0x00000006d39e7c48,0x00000006dcb80000)
 Metaspace       used 6209K, capacity 7280K, committed 7552K, reserved 1056768K
  class space    used 579K, capacity 616K, committed 640K, reserved 1048576K
Event: 19.843 GC heap after
Heap after GC invocations=17 (full 3):
 PSYoungGen      total 724992K, used 122390K [0x000000076ab00000, 0x00000007a3a00000, 0x00000007c0000000)
  eden space 582656K, 0% used [0x000000076ab00000,0x000000076ab00000,0x000000078e400000)
  from space 142336K, 85% used [0x0000000797e80000,0x000000079f605818,0x00000007a0980000)
  to   space 158208K, 0% used [0x000000078e400000,0x000000078e400000,0x0000000797e80000)
 ParOldGen       total 470528K, used 380811K [0x00000006c0000000, 0x00000006dcb80000, 0x000000076ab00000)
  object space 470528K, 80% used [0x00000006c0000000,0x00000006d73e2dd8,0x00000006dcb80000)
 Metaspace       used 6209K, capacity 7280K, committed 7552K, reserved 1056768K
  class space    used 579K, capacity 616K, committed 640K, reserved 1048576K
}
Event: 21.628 GC heap before
{Heap before GC invocations=18 (full 3):
 PSYoungGen      total 724992K, used 705046K [0x000000076ab00000, 0x00000007a3a00000, 0x00000007c0000000)
  eden space 582656K, 100% used [0x000000076ab00000,0x000000078e400000,0x000000078e400000)
  from space 142336K, 85% used [0x0000000797e80000,0x000000079f605818,0x00000007a0980000)
  to   space 158208K, 0% used [0x000000078e400000,0x000000078e400000,0x0000000797e80000)
 ParOldGen       total 470528K, used 380811K [0x00000006c0000000, 0x00000006dcb80000, 0x000000076ab00000)
  object space 470528K, 80% used [0x00000006c0000000,0x00000006d73e2dd8,0x00000006dcb80000)
 Metaspace       used 6211K, capacity 7280K, committed 7552K, reserved 1056768K
  class space    used 579K, capacity 616K, committed 640K, reserved 1048576K
Event: 21.858 GC heap after
Heap after GC invocations=18 (full 3):
 PSYoungGen      total 740864K, used 158206K [0x000000076ab00000, 0x00000007af000000, 0x00000007c0000000)
  eden space 582656K, 0% used [0x000000076ab00000,0x000000076ab00000,0x000000078e400000)
  from space 158208K, 99% used [0x000000078e400000,0x0000000797e7fa40,0x0000000797e80000)
  to   space 203264K, 0% used [0x00000007a2980000,0x00000007a2980000,0x00000007af000000)
 ParOldGen       total 470528K, used 432299K [0x00000006c0000000, 0x00000006dcb80000, 0x000000076ab00000)
  object space 470528K, 91% used [0x00000006c0000000,0x00000006da62afc8,0x00000006dcb80000)
 Metaspace       used 6211K, capacity 7280K, committed 7552K, reserved 1056768K
  class space    used 579K, capacity 616K, committed 640K, reserved 1048576K
}
Event: 21.858 GC heap before
{Heap before GC invocations=19 (full 4):
 PSYoungGen      total 740864K, used 158206K [0x000000076ab00000, 0x00000007af000000, 0x00000007c0000000)
  eden space 582656K, 0% used [0x000000076ab00000,0x000000076ab00000,0x000000078e400000)
  from space 158208K, 99% used [0x000000078e400000,0x0000000797e7fa40,0x0000000797e80000)
  to   space 203264K, 0% used [0x00000007a2980000,0x00000007a2980000,0x00000007af000000)
 ParOldGen       total 470528K, used 432299K [0x00000006c0000000, 0x00000006dcb80000, 0x000000076ab00000)
  object space 470528K, 91% used [0x00000006c0000000,0x00000006da62afc8,0x00000006dcb80000)
 Metaspace       used 6211K, capacity 7280K, committed 7552K, reserved 1056768K
  class space    used 579K, capacity 616K, committed 640K, reserved 1048576K

Deoptimization events (10 events):
Event: 20.558 Thread 0x00007f57f800a000 Uncommon trap: reason=class_check action=maybe_recompile pc=0x00007f57e9d5ed4c method=com.android.dx.ssa.back.InterferenceGraph.add(II)V @ 19
Event: 20.611 Thread 0x00007f57f800a000 Uncommon trap: reason=class_check action=maybe_recompile pc=0x00007f57e99825e4 method=com.android.dx.ssa.back.InterferenceGraph.mergeInterferenceSet(ILcom/android/dx/util/IntSet;)V @ 20
Event: 20.611 Thread 0x00007f57f800a000 Uncommon trap: reason=class_check action=maybe_recompile pc=0x00007f57e9cfd104 method=com.android.dx.util.BitIntSet.merge(Lcom/android/dx/util/IntSet;)V @ 1
Event: 20.611 Thread 0x00007f57f800a000 Uncommon trap: reason=class_check action=maybe_recompile pc=0x00007f57e99825e4 method=com.android.dx.ssa.back.InterferenceGraph.mergeInterferenceSet(ILcom/android/dx/util/IntSet;)V @ 20
Event: 20.611 Thread 0x00007f57f800a000 Uncommon trap: reason=class_check action=maybe_recompile pc=0x00007f57e9cfd104 method=com.android.dx.util.BitIntSet.merge(Lcom/android/dx/util/IntSet;)V @ 1
Event: 20.611 Thread 0x00007f57f800a000 Uncommon trap: reason=class_check action=maybe_recompile pc=0x00007f57e99825e4 method=com.android.dx.ssa.back.InterferenceGraph.mergeInterferenceSet(ILcom/android/dx/util/IntSet;)V @ 20
Event: 20.612 Thread 0x00007f57f800a000 Uncommon trap: reason=class_check action=maybe_recompile pc=0x00007f57e9cfd104 method=com.android.dx.util.BitIntSet.merge(Lcom/android/dx/util/IntSet;)V @ 1
Event: 20.615 Thread 0x00007f57f800a000 Uncommon trap: reason=class_check action=maybe_recompile pc=0x00007f57e99825e4 method=com.android.dx.ssa.back.InterferenceGraph.mergeInterferenceSet(ILcom/android/dx/util/IntSet;)V @ 20
Event: 20.615 Thread 0x00007f57f800a000 Uncommon trap: reason=class_check action=maybe_recompile pc=0x00007f57e9cfd104 method=com.android.dx.util.BitIntSet.merge(Lcom/android/dx/util/IntSet;)V @ 1
Event: 20.980 Thread 0x00007f57f800a000 Uncommon trap: reason=predicate action=maybe_recompile pc=0x00007f57e9a59abc method=com.android.dx.ssa.back.InterferenceGraph.<init>(I)V @ 23

Internal exceptions (10 events):
Event: 0.019 Thread 0x00007f57f800a000 Exception <a 'java/lang/NoSuchMethodError': Method sun.misc.Unsafe.defineClass(Ljava/lang/String;[BII)Ljava/lang/Class; name or signature does not match> (0x000000076ab07cc0) thrown at [/HUDSON/workspace/8-2-build-linux-amd64/jdk8u91/6644/hotspot/src/shar
Event: 0.019 Thread 0x00007f57f800a000 Exception <a 'java/lang/NoSuchMethodError': Method sun.misc.Unsafe.prefetchRead(Ljava/lang/Object;J)V name or signature does not match> (0x000000076ab07fa8) thrown at [/HUDSON/workspace/8-2-build-linux-amd64/jdk8u91/6644/hotspot/src/share/vm/prims/jni.cpp
Event: 0.574 Thread 0x00007f57f800a000 Implicit null exception at 0x00007f57e936bbe9 to 0x00007f57e936e1d1
Event: 2.166 Thread 0x00007f57f800a000 Exception <a 'java/lang/ArrayIndexOutOfBoundsException': 18> (0x000000076dc3b760) thrown at [/HUDSON/workspace/8-2-build-linux-amd64/jdk8u91/6644/hotspot/src/share/vm/interpreter/interpreterRuntime.cpp, line 366]
Event: 2.166 Thread 0x00007f57f800a000 Exception <a 'java/lang/ArrayIndexOutOfBoundsException': 145> (0x000000076dc3d2e0) thrown at [/HUDSON/workspace/8-2-build-linux-amd64/jdk8u91/6644/hotspot/src/share/vm/interpreter/interpreterRuntime.cpp, line 366]
Event: 2.166 Thread 0x00007f57f800a000 Exception <a 'java/lang/ArrayIndexOutOfBoundsException'> (0x000000076dc3e5c8) thrown at [/HUDSON/workspace/8-2-build-linux-amd64/jdk8u91/6644/hotspot/src/share/vm/runtime/sharedRuntime.cpp, line 605]
Event: 7.427 Thread 0x00007f57f800a000 Implicit null exception at 0x00007f57e96c99c2 to 0x00007f57e96cb52d
Event: 11.410 Thread 0x00007f57f800a000 Implicit null exception at 0x00007f57e970cf3d to 0x00007f57e970f05d
Event: 11.411 Thread 0x00007f57f800a000 Implicit null exception at 0x00007f57e9585e06 to 0x00007f57e9585f99
Event: 18.501 Thread 0x00007f57f800a000 Implicit null exception at 0x00007f57e9d231ae to 0x00007f57e9d235a1

Events (10 events):
Event: 20.948 Thread 0x00007f57f80bb800 flushing nmethod 0x00007f57e94e05d0
Event: 20.948 Thread 0x00007f57f80bb800 flushing nmethod 0x00007f57e94e5210
Event: 20.948 Thread 0x00007f57f80bb800 flushing nmethod 0x00007f57e94e59d0
Event: 20.980 Thread 0x00007f57f800a000 Uncommon trap: trap_request=0xffffff86 fr.pc=0x00007f57e9a59abc
Event: 20.980 Thread 0x00007f57f800a000 DEOPT PACKING pc=0x00007f57e9a59abc sp=0x00007f57ffefec90
Event: 20.980 Thread 0x00007f57f800a000 DEOPT UNPACKING pc=0x00007f57e9005229 sp=0x00007f57ffefeca8 mode 2
Event: 20.994 Thread 0x00007f57f80bb800 flushing nmethod 0x00007f57e98bd6d0
Event: 20.994 Thread 0x00007f57f80bb800 flushing nmethod 0x00007f57e98d7fd0
Event: 20.994 Thread 0x00007f57f80bb800 flushing nmethod 0x00007f57e991c950
Event: 21.628 Executing VM operation: ParallelGCFailedAllocation


Dynamic libraries:
00400000-00401000 r-xp 00000000 08:02 6826504                            /usr/lib/jvm/java-8-oracle/bin/java
00600000-00601000 rw-p 00000000 08:02 6826504                            /usr/lib/jvm/java-8-oracle/bin/java
01ca6000-01cc7000 rw-p 00000000 00:00 0                                  [heap]
6c0000000-6dcb80000 rw-p 00000000 00:00 0 
6dcb80000-76ab00000 ---p 00000000 00:00 0 
76ab00000-7af000000 rw-p 00000000 00:00 0 
7af000000-7c0000000 ---p 00000000 00:00 0 
7c0000000-7c00a0000 rw-p 00000000 00:00 0 
7c00a0000-800000000 ---p 00000000 00:00 0 
7f57a4000000-7f57a4021000 rw-p 00000000 00:00 0 
7f57a4021000-7f57a8000000 ---p 00000000 00:00 0 
7f57ac000000-7f57ac8ec000 rw-p 00000000 00:00 0 
7f57ac8ec000-7f57b0000000 ---p 00000000 00:00 0 
7f57b0000000-7f57b0021000 rw-p 00000000 00:00 0 
7f57b0021000-7f57b4000000 ---p 00000000 00:00 0 
7f57b4000000-7f57b57b1000 rw-p 00000000 00:00 0 
7f57b57b1000-7f57b8000000 ---p 00000000 00:00 0 
7f57b8000000-7f57b9b29000 rw-p 00000000 00:00 0 
7f57b9b29000-7f57bc000000 ---p 00000000 00:00 0 
7f57bc000000-7f57bc021000 rw-p 00000000 00:00 0 
7f57bc021000-7f57c0000000 ---p 00000000 00:00 0 
7f57c0000000-7f57c0021000 rw-p 00000000 00:00 0 
7f57c0021000-7f57c4000000 ---p 00000000 00:00 0 
7f57c4000000-7f57c4021000 rw-p 00000000 00:00 0 
7f57c4021000-7f57c8000000 ---p 00000000 00:00 0 
7f57c8000000-7f57c8021000 rw-p 00000000 00:00 0 
7f57c8021000-7f57cc000000 ---p 00000000 00:00 0 
7f57cc000000-7f57d4000000 rw-p 00000000 00:00 0 
7f57d4000000-7f57d4021000 rw-p 00000000 00:00 0 
7f57d4021000-7f57d8000000 ---p 00000000 00:00 0 
7f57d8000000-7f57d828b000 rw-p 00000000 00:00 0 
7f57d828b000-7f57dc000000 ---p 00000000 00:00 0 
7f57dc000000-7f57dc021000 rw-p 00000000 00:00 0 
7f57dc021000-7f57e0000000 ---p 00000000 00:00 0 
7f57e1b4e000-7f57e1bf6000 r--s 008bc000 08:02 27920261                   /home/aipxperts/Aipxperts/Aip_Project/ReceiptTrackerApp/DailyEstimation/build/intermediates/transforms/jarMerging/release/jars/1/1f/combined.jar
7f57e1bf6000-7f57e1bf7000 ---p 00000000 00:00 0 
7f57e1bf7000-7f57e1cf7000 rw-p 00000000 00:00 0 
7f57e1cf7000-7f57e1cfa000 ---p 00000000 00:00 0 
7f57e1cfa000-7f57e1df8000 rw-p 00000000 00:00 0 
7f57e1df8000-7f57e1dfb000 ---p 00000000 00:00 0 
7f57e1dfb000-7f57e1ef9000 rw-p 00000000 00:00 0 
7f57e1ef9000-7f57e1efc000 ---p 00000000 00:00 0 
7f57e1efc000-7f57e1ffa000 rw-p 00000000 00:00 0 
7f57e1ffa000-7f57e1ffd000 ---p 00000000 00:00 0 
7f57e1ffd000-7f57e20fb000 rw-p 00000000 00:00 0 
7f57e20fb000-7f57e20fe000 ---p 00000000 00:00 0 
7f57e20fe000-7f57e21fc000 rw-p 00000000 00:00 0 
7f57e21fc000-7f57e24d4000 r--p 00000000 08:02 6817184                    /usr/lib/locale/locale-archive
7f57e24d4000-7f57e24d7000 ---p 00000000 00:00 0 
7f57e24d7000-7f57e25d5000 rw-p 00000000 00:00 0 
7f57e25d5000-7f57e25d8000 ---p 00000000 00:00 0 
7f57e25d8000-7f57e26d6000 rw-p 00000000 00:00 0 
7f57e26d6000-7f57e26d7000 ---p 00000000 00:00 0 
7f57e26d7000-7f57e3627000 rw-p 00000000 00:00 0 
7f57e3627000-7f57e3800000 r--s 03d1f000 08:02 6955744                    /usr/lib/jvm/java-8-oracle/jre/lib/rt.jar
7f57e3800000-7f57e3ec0000 rw-p 00000000 00:00 0 
7f57e3ec0000-7f57e4000000 ---p 00000000 00:00 0 
7f57e4000000-7f57e4021000 rw-p 00000000 00:00 0 
7f57e4021000-7f57e8000000 ---p 00000000 00:00 0 
7f57e8017000-7f57e89a9000 rw-p 00000000 00:00 0 
7f57e89a9000-7f57e89aa000 ---p 00000000 00:00 0 
7f57e89aa000-7f57e8b90000 rw-p 00000000 00:00 0 
7f57e8b90000-7f57e9000000 ---p 00000000 00:00 0 
7f57e9000000-7f57e9e90000 rwxp 00000000 00:00 0 
7f57e9e90000-7f57f8000000 ---p 00000000 00:00 0 
7f57f8000000-7f57f83a2000 rw-p 00000000 00:00 0 
7f57f83a2000-7f57fc000000 ---p 00000000 00:00 0 
7f57fc01c000-7f57fc0b3000 rw-p 00000000 00:00 0 
7f57fc0b3000-7f57fc0b4000 ---p 00000000 00:00 0 
7f57fc0b4000-7f57fc1b4000 rw-p 00000000 00:00 0 
7f57fc1b4000-7f57fc1b5000 ---p 00000000 00:00 0 
7f57fc1b5000-7f57fc2b5000 rw-p 00000000 00:00 0 
7f57fc2b5000-7f57fc2b6000 ---p 00000000 00:00 0 
7f57fc2b6000-7f57fc49c000 rw-p 00000000 00:00 0 
7f57fc49c000-7f57fc90b000 ---p 00000000 00:00 0 
7f57fc90b000-7f57fcb2e000 rw-p 00000000 00:00 0 
7f57fcb2e000-7f57fcbb6000 ---p 00000000 00:00 0 
7f57fcbb6000-7f57fcbf2000 rw-p 00000000 00:00 0 
7f57fcbf2000-7f57fcf77000 ---p 00000000 00:00 0 
7f57fcf77000-7f57fcf91000 r-xp 00000000 08:02 6955946                    /usr/lib/jvm/java-8-oracle/jre/lib/amd64/libzip.so
7f57fcf91000-7f57fd191000 ---p 0001a000 08:02 6955946                    /usr/lib/jvm/java-8-oracle/jre/lib/amd64/libzip.so
7f57fd191000-7f57fd192000 rw-p 0001a000 08:02 6955946                    /usr/lib/jvm/java-8-oracle/jre/lib/amd64/libzip.so
7f57fd192000-7f57fd19d000 r-xp 00000000 08:02 10748109                   /lib/x86_64-linux-gnu/libnss_files-2.23.so
7f57fd19d000-7f57fd39c000 ---p 0000b000 08:02 10748109                   /lib/x86_64-linux-gnu/libnss_files-2.23.so
7f57fd39c000-7f57fd39d000 r--p 0000a000 08:02 10748109                   /lib/x86_64-linux-gnu/libnss_files-2.23.so
7f57fd39d000-7f57fd39e000 rw-p 0000b000 08:02 10748109                   /lib/x86_64-linux-gnu/libnss_files-2.23.so
7f57fd39e000-7f57fd3a4000 rw-p 00000000 00:00 0 
7f57fd3a4000-7f57fd3af000 r-xp 00000000 08:02 10748106                   /lib/x86_64-linux-gnu/libnss_nis-2.23.so
7f57fd3af000-7f57fd5ae000 ---p 0000b000 08:02 10748106                   /lib/x86_64-linux-gnu/libnss_nis-2.23.so
7f57fd5ae000-7f57fd5af000 r--p 0000a000 08:02 10748106                   /lib/x86_64-linux-gnu/libnss_nis-2.23.so
7f57fd5af000-7f57fd5b0000 rw-p 0000b000 08:02 10748106                   /lib/x86_64-linux-gnu/libnss_nis-2.23.so
7f57fd5b0000-7f57fd5c6000 r-xp 00000000 08:02 10748104                   /lib/x86_64-linux-gnu/libnsl-2.23.so
7f57fd5c6000-7f57fd7c5000 ---p 00016000 08:02 10748104                   /lib/x86_64-linux-gnu/libnsl-2.23.so
7f57fd7c5000-7f57fd7c6000 r--p 00015000 08:02 10748104                   /lib/x86_64-linux-gnu/libnsl-2.23.so
7f57fd7c6000-7f57fd7c7000 rw-p 00016000 08:02 10748104                   /lib/x86_64-linux-gnu/libnsl-2.23.so
7f57fd7c7000-7f57fd7c9000 rw-p 00000000 00:00 0 
7f57fd7c9000-7f57fd7d1000 r-xp 00000000 08:02 10748102                   /lib/x86_64-linux-gnu/libnss_compat-2.23.so
7f57fd7d1000-7f57fd9d0000 ---p 00008000 08:02 10748102                   /lib/x86_64-linux-gnu/libnss_compat-2.23.so
7f57fd9d0000-7f57fd9d1000 r--p 00007000 08:02 10748102                   /lib/x86_64-linux-gnu/libnss_compat-2.23.so
7f57fd9d1000-7f57fd9d2000 rw-p 00008000 08:02 10748102                   /lib/x86_64-linux-gnu/libnss_compat-2.23.so
7f57fd9d2000-7f57fd9fc000 r-xp 00000000 08:02 6955941                    /usr/lib/jvm/java-8-oracle/jre/lib/amd64/libjava.so
7f57fd9fc000-7f57fdbfc000 ---p 0002a000 08:02 6955941                    /usr/lib/jvm/java-8-oracle/jre/lib/amd64/libjava.so
7f57fdbfc000-7f57fdbfe000 rw-p 0002a000 08:02 6955941                    /usr/lib/jvm/java-8-oracle/jre/lib/amd64/libjava.so
7f57fdbfe000-7f57fdc0b000 r-xp 00000000 08:02 6955945                    /usr/lib/jvm/java-8-oracle/jre/lib/amd64/libverify.so
7f57fdc0b000-7f57fde0b000 ---p 0000d000 08:02 6955945                    /usr/lib/jvm/java-8-oracle/jre/lib/amd64/libverify.so
7f57fde0b000-7f57fde0d000 rw-p 0000d000 08:02 6955945                    /usr/lib/jvm/java-8-oracle/jre/lib/amd64/libverify.so
7f57fde0d000-7f57fde14000 r-xp 00000000 08:02 10748118                   /lib/x86_64-linux-gnu/librt-2.23.so
7f57fde14000-7f57fe013000 ---p 00007000 08:02 10748118                   /lib/x86_64-linux-gnu/librt-2.23.so
7f57fe013000-7f57fe014000 r--p 00006000 08:02 10748118                   /lib/x86_64-linux-gnu/librt-2.23.so
7f57fe014000-7f57fe015000 rw-p 00007000 08:02 10748118                   /lib/x86_64-linux-gnu/librt-2.23.so
7f57fe015000-7f57fe11d000 r-xp 00000000 08:02 10748115                   /lib/x86_64-linux-gnu/libm-2.23.so
7f57fe11d000-7f57fe31c000 ---p 00108000 08:02 10748115                   /lib/x86_64-linux-gnu/libm-2.23.so
7f57fe31c000-7f57fe31d000 r--p 00107000 08:02 10748115                   /lib/x86_64-linux-gnu/libm-2.23.so
7f57fe31d000-7f57fe31e000 rw-p 00108000 08:02 10748115                   /lib/x86_64-linux-gnu/libm-2.23.so
7f57fe31e000-7f57fefde000 r-xp 00000000 08:02 6955924                    /usr/lib/jvm/java-8-oracle/jre/lib/amd64/server/libjvm.so
7f57fefde000-7f57ff1de000 ---p 00cc0000 08:02 6955924                    /usr/lib/jvm/java-8-oracle/jre/lib/amd64/server/libjvm.so
7f57ff1de000-7f57ff2b6000 rw-p 00cc0000 08:02 6955924                    /usr/lib/jvm/java-8-oracle/jre/lib/amd64/server/libjvm.so
7f57ff2b6000-7f57ff301000 rw-p 00000000 00:00 0 
7f57ff301000-7f57ff4c1000 r-xp 00000000 08:02 10748123                   /lib/x86_64-linux-gnu/libc-2.23.so
7f57ff4c1000-7f57ff6c0000 ---p 001c0000 08:02 10748123                   /lib/x86_64-linux-gnu/libc-2.23.so
7f57ff6c0000-7f57ff6c4000 r--p 001bf000 08:02 10748123                   /lib/x86_64-linux-gnu/libc-2.23.so
7f57ff6c4000-7f57ff6c6000 rw-p 001c3000 08:02 10748123                   /lib/x86_64-linux-gnu/libc-2.23.so
7f57ff6c6000-7f57ff6ca000 rw-p 00000000 00:00 0 
7f57ff6ca000-7f57ff6cd000 r-xp 00000000 08:02 10748124                   /lib/x86_64-linux-gnu/libdl-2.23.so
7f57ff6cd000-7f57ff8cc000 ---p 00003000 08:02 10748124                   /lib/x86_64-linux-gnu/libdl-2.23.so
7f57ff8cc000-7f57ff8cd000 r--p 00002000 08:02 10748124                   /lib/x86_64-linux-gnu/libdl-2.23.so
7f57ff8cd000-7f57ff8ce000 rw-p 00003000 08:02 10748124                   /lib/x86_64-linux-gnu/libdl-2.23.so
7f57ff8ce000-7f57ff8e3000 r-xp 00000000 08:02 6828606                    /usr/lib/jvm/java-8-oracle/lib/amd64/jli/libjli.so
7f57ff8e3000-7f57ffae3000 ---p 00015000 08:02 6828606                    /usr/lib/jvm/java-8-oracle/lib/amd64/jli/libjli.so
7f57ffae3000-7f57ffae4000 rw-p 00015000 08:02 6828606                    /usr/lib/jvm/java-8-oracle/lib/amd64/jli/libjli.so
7f57ffae4000-7f57ffafc000 r-xp 00000000 08:02 10748122                   /lib/x86_64-linux-gnu/libpthread-2.23.so
7f57ffafc000-7f57ffcfb000 ---p 00018000 08:02 10748122                   /lib/x86_64-linux-gnu/libpthread-2.23.so
7f57ffcfb000-7f57ffcfc000 r--p 00017000 08:02 10748122                   /lib/x86_64-linux-gnu/libpthread-2.23.so
7f57ffcfc000-7f57ffcfd000 rw-p 00018000 08:02 10748122                   /lib/x86_64-linux-gnu/libpthread-2.23.so
7f57ffcfd000-7f57ffd01000 rw-p 00000000 00:00 0 
7f57ffd01000-7f57ffd27000 r-xp 00000000 08:02 10748119                   /lib/x86_64-linux-gnu/ld-2.23.so
7f57ffd2d000-7f57ffe00000 rw-p 00000000 00:00 0 
7f57ffe00000-7f57ffe03000 ---p 00000000 00:00 0 
7f57ffe03000-7f57fff05000 rw-p 00000000 00:00 0 
7f57fff0b000-7f57fff1a000 r--s 000dd000 08:02 18481832                   /home/aipxperts/Android/Sdk/build-tools/21.1.2/lib/dx.jar
7f57fff1a000-7f57fff22000 rw-s 00000000 08:02 23468568                   /tmp/hsperfdata_aipxperts/23866
7f57fff22000-7f57fff23000 rw-p 00000000 00:00 0 
7f57fff23000-7f57fff24000 ---p 00000000 00:00 0 
7f57fff24000-7f57fff26000 rw-p 00000000 00:00 0 
7f57fff26000-7f57fff27000 r--p 00025000 08:02 10748119                   /lib/x86_64-linux-gnu/ld-2.23.so
7f57fff27000-7f57fff28000 rw-p 00026000 08:02 10748119                   /lib/x86_64-linux-gnu/ld-2.23.so
7f57fff28000-7f57fff29000 rw-p 00000000 00:00 0 
7ffc638e9000-7ffc6390a000 rw-p 00000000 00:00 0                          [stack]
7ffc639b0000-7ffc639b2000 r--p 00000000 00:00 0                          [vvar]
7ffc639b2000-7ffc639b4000 r-xp 00000000 00:00 0                          [vdso]
ffffffffff600000-ffffffffff601000 r-xp 00000000 00:00 0                  [vsyscall]

VM Arguments:
jvm_args: -Djava.awt.headless=true -Xmx4g -Dfile.encoding=UTF-8 -Duser.country=IN -Duser.language=en -Duser.variant 
java_command: com.android.dx.command.Main --dex --multi-dex --main-dex-list /home/aipxperts/Aipxperts/Aip_Project/ReceiptTrackerApp/DailyEstimation/build/intermediates/multi-dex/release/maindexlist.txt --output /home/aipxperts/Aipxperts/Aip_Project/ReceiptTrackerApp/DailyEstimation/build/intermediates/transforms/dex/release/folders/1000/1f/main /home/aipxperts/Aipxperts/Aip_Project/ReceiptTrackerApp/DailyEstimation/build/intermediates/transforms/jarMerging/release/jars/1/1f/combined.jar
java_class_path (initial): /home/aipxperts/Android/Sdk/build-tools/21.1.2/lib/dx.jar
Launcher Type: SUN_STANDARD

Environment Variables:
JAVA_HOME=/usr/lib/jvm/java-8-oracle
PATH=/usr/local/sbin:/usr/local/bin:/usr/sbin:/usr/bin:/sbin:/bin:/usr/games:/usr/local/games:/snap/bin:/usr/lib/jvm/java-8-oracle/bin:/usr/lib/jvm/java-8-oracle/db/bin:/usr/lib/jvm/java-8-oracle/jre/bin
LD_LIBRARY_PATH=/home/aipxperts/AndroidSDK/android-studio/bin:
SHELL=/bin/bash
DISPLAY=:0

Signal Handlers:
SIGSEGV: [libjvm.so+0xabca10], sa_mask[0]=11111111011111111101111111111110, sa_flags=SA_RESTART|SA_SIGINFO
SIGBUS: [libjvm.so+0xabca10], sa_mask[0]=11111111011111111101111111111110, sa_flags=SA_RESTART|SA_SIGINFO
SIGFPE: [libjvm.so+0x919a20], sa_mask[0]=11111111011111111101111111111110, sa_flags=SA_RESTART|SA_SIGINFO
SIGPIPE: [libjvm.so+0x919a20], sa_mask[0]=11111111011111111101111111111110, sa_flags=SA_RESTART|SA_SIGINFO
SIGXFSZ: [libjvm.so+0x919a20], sa_mask[0]=11111111011111111101111111111110, sa_flags=SA_RESTART|SA_SIGINFO
SIGILL: [libjvm.so+0x919a20], sa_mask[0]=11111111011111111101111111111110, sa_flags=SA_RESTART|SA_SIGINFO
SIGUSR1: SIG_DFL, sa_mask[0]=00000000000000000000000000000000, sa_flags=none
SIGUSR2: [libjvm.so+0x91b050], sa_mask[0]=00100000000000000000000000000000, sa_flags=SA_RESTART|SA_SIGINFO
SIGHUP: [libjvm.so+0x91c450], sa_mask[0]=11111111011111111101111111111110, sa_flags=SA_RESTART|SA_SIGINFO
SIGINT: [libjvm.so+0x91c450], sa_mask[0]=11111111011111111101111111111110, sa_flags=SA_RESTART|SA_SIGINFO
SIGTERM: [libjvm.so+0x91c450], sa_mask[0]=11111111011111111101111111111110, sa_flags=SA_RESTART|SA_SIGINFO
SIGQUIT: [libjvm.so+0x91c450], sa_mask[0]=11111111011111111101111111111110, sa_flags=SA_RESTART|SA_SIGINFO


---------------  S Y S T E M  ---------------

OS:DISTRIB_ID=Ubuntu
DISTRIB_RELEASE=16.04
DISTRIB_CODENAME=xenial
DISTRIB_DESCRIPTION="Ubuntu 16.04 LTS"

uname:Linux 4.4.0-22-generic #40-Ubuntu SMP Thu May 12 22:03:46 UTC 2016 x86_64
libc:glibc 2.23 NPTL 2.23 
rlimit: STACK 8192k, CORE 0k, NPROC 30779, NOFILE 65536, AS infinity
load average:1.76 1.64 1.61

/proc/meminfo:
MemTotal:        8120072 kB
MemFree:         1431016 kB
MemAvailable:    1930544 kB
Buffers:           92264 kB
Cached:           462896 kB
SwapCached:       120056 kB
Active:          4998108 kB
Inactive:        1430244 kB
Active(anon):    4623232 kB
Inactive(anon):  1338748 kB
Active(file):     374876 kB
Inactive(file):    91496 kB
Unevictable:          48 kB
Mlocked:              48 kB
SwapTotal:       8329212 kB
SwapFree:        7520392 kB
Dirty:             53876 kB
Writeback:             0 kB
AnonPages:       5849424 kB
Mapped:           216864 kB
Shmem:             88788 kB
Slab:             120368 kB
SReclaimable:      75600 kB
SUnreclaim:        44768 kB
KernelStack:       11760 kB
PageTables:        57696 kB
NFS_Unstable:          0 kB
Bounce:                0 kB
WritebackTmp:          0 kB
CommitLimit:    12389248 kB
Committed_AS:   12134232 kB
VmallocTotal:   34359738367 kB
VmallocUsed:           0 kB
VmallocChunk:          0 kB
HardwareCorrupted:     0 kB
AnonHugePages:   4192256 kB
CmaTotal:              0 kB
CmaFree:               0 kB
HugePages_Total:       0
HugePages_Free:        0
HugePages_Rsvd:        0
HugePages_Surp:        0
Hugepagesize:       2048 kB
DirectMap4k:      192624 kB
DirectMap2M:     8140800 kB


CPU:total 4 (2 cores per cpu, 2 threads per core) family 6 model 58 stepping 9, cmov, cx8, fxsr, mmx, sse, sse2, sse3, ssse3, sse4.1, sse4.2, popcnt, avx, clmul, erms, ht, tsc, tscinvbit, tscinv

/proc/cpuinfo:
processor	: 0
vendor_id	: GenuineIntel
cpu family	: 6
model		: 58
model name	: Intel(R) Core(TM) i3-3210 CPU @ 3.20GHz
stepping	: 9
microcode	: 0x1c
cpu MHz		: 3199.875
cache size	: 3072 KB
physical id	: 0
siblings	: 4
core id		: 0
cpu cores	: 2
apicid		: 0
initial apicid	: 0
fpu		: yes
fpu_exception	: yes
cpuid level	: 13
wp		: yes
flags		: fpu vme de pse tsc msr pae mce cx8 apic sep mtrr pge mca cmov pat pse36 clflush dts acpi mmx fxsr sse sse2 ss ht tm pbe syscall nx rdtscp lm constant_tsc arch_perfmon pebs bts rep_good nopl xtopology nonstop_tsc aperfmperf eagerfpu pni pclmulqdq dtes64 monitor ds_cpl vmx est tm2 ssse3 cx16 xtpr pdcm pcid sse4_1 sse4_2 popcnt tsc_deadline_timer xsave avx f16c lahf_lm epb tpr_shadow vnmi flexpriority ept vpid fsgsbase smep erms xsaveopt dtherm arat pln pts
bugs		:
bogomips	: 6385.84
clflush size	: 64
cache_alignment	: 64
address sizes	: 36 bits physical, 48 bits virtual
power management:

processor	: 1
vendor_id	: GenuineIntel
cpu family	: 6
model		: 58
model name	: Intel(R) Core(TM) i3-3210 CPU @ 3.20GHz
stepping	: 9
microcode	: 0x1c
cpu MHz		: 3199.875
cache size	: 3072 KB
physical id	: 0
siblings	: 4
core id		: 1
cpu cores	: 2
apicid		: 2
initial apicid	: 2
fpu		: yes
fpu_exception	: yes
cpuid level	: 13
wp		: yes
flags		: fpu vme de pse tsc msr pae mce cx8 apic sep mtrr pge mca cmov pat pse36 clflush dts acpi mmx fxsr sse sse2 ss ht tm pbe syscall nx rdtscp lm constant_tsc arch_perfmon pebs bts rep_good nopl xtopology nonstop_tsc aperfmperf eagerfpu pni pclmulqdq dtes64 monitor ds_cpl vmx est tm2 ssse3 cx16 xtpr pdcm pcid sse4_1 sse4_2 popcnt tsc_deadline_timer xsave avx f16c lahf_lm epb tpr_shadow vnmi flexpriority ept vpid fsgsbase smep erms xsaveopt dtherm arat pln pts
bugs		:
bogomips	: 6385.84
clflush size	: 64
cache_alignment	: 64
address sizes	: 36 bits physical, 48 bits virtual
power management:

processor	: 2
vendor_id	: GenuineIntel
cpu family	: 6
model		: 58
model name	: Intel(R) Core(TM) i3-3210 CPU @ 3.20GHz
stepping	: 9
microcode	: 0x1c
cpu MHz		: 3200.000
cache size	: 3072 KB
physical id	: 0
siblings	: 4
core id		: 0
cpu cores	: 2
apicid		: 1
initial apicid	: 1
fpu		: yes
fpu_exception	: yes
cpuid level	: 13
wp		: yes
flags		: fpu vme de pse tsc msr pae mce cx8 apic sep mtrr pge mca cmov pat pse36 clflush dts acpi mmx fxsr sse sse2 ss ht tm pbe syscall nx rdtscp lm constant_tsc arch_perfmon pebs bts rep_good nopl xtopology nonstop_tsc aperfmperf eagerfpu pni pclmulqdq dtes64 monitor ds_cpl vmx est tm2 ssse3 cx16 xtpr pdcm pcid sse4_1 sse4_2 popcnt tsc_deadline_timer xsave avx f16c lahf_lm epb tpr_shadow vnmi flexpriority ept vpid fsgsbase smep erms xsaveopt dtherm arat pln pts
bugs		:
bogomips	: 6385.84
clflush size	: 64
cache_alignment	: 64
address sizes	: 36 bits physical, 48 bits virtual
power management:

processor	: 3
vendor_id	: GenuineIntel
cpu family	: 6
model		: 58
model name	: Intel(R) Core(TM) i3-3210 CPU @ 3.20GHz
stepping	: 9
microcode	: 0x1c
cpu MHz		: 3199.875
cache size	: 3072 KB
physical id	: 0
siblings	: 4
core id		: 1
cpu cores	: 2
apicid		: 3
initial apicid	: 3
fpu		: yes
fpu_exception	: yes
cpuid level	: 13
wp		: yes
flags		: fpu vme de pse tsc msr pae mce cx8 apic sep mtrr pge mca cmov pat pse36 clflush dts acpi mmx fxsr sse sse2 ss ht tm pbe syscall nx rdtscp lm constant_tsc arch_perfmon pebs bts rep_good nopl xtopology nonstop_tsc aperfmperf eagerfpu pni pclmulqdq dtes64 monitor ds_cpl vmx est tm2 ssse3 cx16 xtpr pdcm pcid sse4_1 sse4_2 popcnt tsc_deadline_timer xsave avx f16c lahf_lm epb tpr_shadow vnmi flexpriority ept vpid fsgsbase smep erms xsaveopt dtherm arat pln pts
bugs		:
bogomips	: 6385.84
clflush size	: 64
cache_alignment	: 64
address sizes	: 36 bits physical, 48 bits virtual
power management:



Memory: 4k page, physical 8120072k(1431016k free), swap 8329212k(7520392k free)

vm_info: Java HotSpot(TM) 64-Bit Server VM (25.91-b14) for linux-amd64 JRE (1.8.0_91-b14), built on Apr  1 2016 00:57:21 by "java_re" with gcc 4.3.0 20080428 (Red Hat 4.3.0-8)

time: Wed Sep 14 18:17:20 2016
elapsed time: 21 seconds (0d 0h 0m 21s)

